Qflow LVS logfile created on Fri Feb 28 07:35:40 KST 2025
netgen -batch lvs "output_terminal.spice output_terminal" "/home/ji/ETRI-0.5um-CMOS-MPW-Std-Cell-DK/design/MyChip/2025_1st/NCO/2_Splited_IO/2_3_Output_Terminal/synthesis/output_terminal.spc output_terminal" /usr/local/share/qflow/tech/etri050/etri050_setup.tcl comp.out -json -blackbox
Netgen 1.5.292 compiled on Tue Feb 11 21:58:20 KST 2025
Warning: netgen command 'format' use fully-qualified name '::netgen::format'
Warning: netgen command 'global' use fully-qualified name '::netgen::global'
Generating JSON file result
Treating empty subcircuits as black-box cells
Reading netlist file output_terminal.spice
Reading netlist file /home/ji/ETRI-0.5um-CMOS-MPW-Std-Cell-DK/design/MyChip/2025_1st/NCO/2_Splited_IO/2_3_Output_Terminal/synthesis/output_terminal.spc
Call to undefined subcircuit FILL
Creating placeholder cell definition.

Reading setup file /usr/local/share/qflow/tech/etri050/etri050_setup.tcl

Error /usr/local/share/qflow/tech/etri050/etri050_setup.tcl:5 (ignoring), No such cell or bad file number!
Error /usr/local/share/qflow/tech/etri050/etri050_setup.tcl:6 (ignoring), No such cell or bad file number!
Warning:  There were errors reading the setup file
Comparison output logged to file comp.out
Logging to file "comp.out" enabled

Contents of circuit 1:  Circuit: 'NAND3X1'
Circuit NAND3X1 contains 0 device instances.
Circuit contains 0 nets.
Contents of circuit 2:  Circuit: 'NAND3X1'
Circuit NAND3X1 contains 6 device instances.
  Class: pfet                  instances:   3
  Class: nfet                  instances:   3
Circuit contains 8 nets.

Circuit NAND3X1 contains no devices.

Contents of circuit 1:  Circuit: 'NAND2X1'
Circuit NAND2X1 contains 0 device instances.
Circuit contains 0 nets.
Contents of circuit 2:  Circuit: 'NAND2X1'
Circuit NAND2X1 contains 4 device instances.
  Class: pfet                  instances:   2
  Class: nfet                  instances:   2
Circuit contains 6 nets.

Circuit NAND2X1 contains no devices.

Contents of circuit 1:  Circuit: 'INVX1'
Circuit INVX1 contains 0 device instances.
Circuit contains 0 nets.
Contents of circuit 2:  Circuit: 'INVX1'
Circuit INVX1 contains 2 device instances.
  Class: pfet                  instances:   1
  Class: nfet                  instances:   1
Circuit contains 4 nets.

Circuit INVX1 contains no devices.

Contents of circuit 1:  Circuit: 'NOR2X1'
Circuit NOR2X1 contains 0 device instances.
Circuit contains 0 nets.
Contents of circuit 2:  Circuit: 'NOR2X1'
Circuit NOR2X1 contains 4 device instances.
  Class: pfet                  instances:   2
  Class: nfet                  instances:   2
Circuit contains 6 nets.

Circuit NOR2X1 contains no devices.

Contents of circuit 1:  Circuit: 'OAI21X1'
Circuit OAI21X1 contains 0 device instances.
Circuit contains 0 nets.
Contents of circuit 2:  Circuit: 'OAI21X1'
Circuit OAI21X1 contains 6 device instances.
  Class: pfet                  instances:   3
  Class: nfet                  instances:   3
Circuit contains 8 nets.

Circuit OAI21X1 contains no devices.

Contents of circuit 1:  Circuit: 'DFFPOSX1'
Circuit DFFPOSX1 contains 0 device instances.
Circuit contains 0 nets.
Contents of circuit 2:  Circuit: 'DFFPOSX1'
Circuit DFFPOSX1 contains 22 device instances.
  Class: pfet                  instances:  11
  Class: nfet                  instances:  11
Circuit contains 17 nets.

Circuit DFFPOSX1 contains no devices.

Contents of circuit 1:  Circuit: 'AND2X2'
Circuit AND2X2 contains 0 device instances.
Circuit contains 0 nets.
Contents of circuit 2:  Circuit: 'AND2X2'
Circuit AND2X2 contains 6 device instances.
  Class: pfet                  instances:   3
  Class: nfet                  instances:   3
Circuit contains 7 nets.

Circuit AND2X2 contains no devices.

Contents of circuit 1:  Circuit: 'OR2X2'
Circuit OR2X2 contains 0 device instances.
Circuit contains 0 nets.
Contents of circuit 2:  Circuit: 'OR2X2'
Circuit OR2X2 contains 6 device instances.
  Class: pfet                  instances:   3
  Class: nfet                  instances:   3
Circuit contains 7 nets.

Circuit OR2X2 contains no devices.

Contents of circuit 1:  Circuit: 'BUFX2'
Circuit BUFX2 contains 0 device instances.
Circuit contains 0 nets.
Contents of circuit 2:  Circuit: 'BUFX2'
Circuit BUFX2 contains 4 device instances.
  Class: pfet                  instances:   2
  Class: nfet                  instances:   2
Circuit contains 5 nets.

Circuit BUFX2 contains no devices.

Contents of circuit 1:  Circuit: 'AOI22X1'
Circuit AOI22X1 contains 0 device instances.
Circuit contains 0 nets.
Contents of circuit 2:  Circuit: 'AOI22X1'
Circuit AOI22X1 contains 8 device instances.
  Class: pfet                  instances:   4
  Class: nfet                  instances:   4
Circuit contains 10 nets.

Circuit AOI22X1 contains no devices.

Contents of circuit 1:  Circuit: 'INVX2'
Circuit INVX2 contains 0 device instances.
Circuit contains 0 nets.
Contents of circuit 2:  Circuit: 'INVX2'
Circuit INVX2 contains 2 device instances.
  Class: pfet                  instances:   1
  Class: nfet                  instances:   1
Circuit contains 4 nets.

Circuit INVX2 contains no devices.

Contents of circuit 1:  Circuit: 'INVX8'
Circuit INVX8 contains 0 device instances.
Circuit contains 0 nets.
Contents of circuit 2:  Circuit: 'INVX8'
Circuit INVX8 contains 8 device instances.
  Class: pfet                  instances:   4
  Class: nfet                  instances:   4
Circuit contains 4 nets.

Circuit INVX8 contains no devices.

Contents of circuit 1:  Circuit: 'CLKBUF1'
Circuit CLKBUF1 contains 0 device instances.
Circuit contains 0 nets.
Contents of circuit 2:  Circuit: 'CLKBUF1'
Circuit CLKBUF1 contains 16 device instances.
  Class: pfet                  instances:   8
  Class: nfet                  instances:   8
Circuit contains 7 nets.

Circuit CLKBUF1 contains no devices.

Contents of circuit 1:  Circuit: 'AOI21X1'
Circuit AOI21X1 contains 0 device instances.
Circuit contains 0 nets.
Contents of circuit 2:  Circuit: 'AOI21X1'
Circuit AOI21X1 contains 6 device instances.
  Class: pfet                  instances:   3
  Class: nfet                  instances:   3
Circuit contains 8 nets.

Circuit AOI21X1 contains no devices.

Contents of circuit 1:  Circuit: 'INVX4'
Circuit INVX4 contains 0 device instances.
Circuit contains 0 nets.
Contents of circuit 2:  Circuit: 'INVX4'
Circuit INVX4 contains 4 device instances.
  Class: pfet                  instances:   2
  Class: nfet                  instances:   2
Circuit contains 4 nets.

Circuit INVX4 contains no devices.

Contents of circuit 1:  Circuit: 'output_terminal'
Circuit output_terminal contains 379 device instances.
  Class: OR2X2                 instances:  12
  Class: AOI22X1               instances:   3
  Class: NOR2X1                instances:  14
  Class: NAND3X1               instances:  31
  Class: DFFPOSX1              instances:  56
  Class: AOI21X1               instances:   3
  Class: NAND2X1               instances:  89
  Class: OAI21X1               instances:  78
  Class: BUFX2                 instances:  32
  Class: AND2X2                instances:   5
  Class: CLKBUF1               instances:   7
  Class: INVX1                 instances:  46
  Class: INVX2                 instances:   1
  Class: INVX4                 instances:   1
  Class: INVX8                 instances:   1
Circuit contains 390 nets.
Contents of circuit 2:  Circuit: 'output_terminal'
Circuit output_terminal contains 379 device instances.
  Class: OR2X2                 instances:  12
  Class: AOI22X1               instances:   3
  Class: NOR2X1                instances:  14
  Class: NAND3X1               instances:  31
  Class: DFFPOSX1              instances:  56
  Class: AOI21X1               instances:   3
  Class: NAND2X1               instances:  89
  Class: OAI21X1               instances:  78
  Class: BUFX2                 instances:  32
  Class: AND2X2                instances:   5
  Class: CLKBUF1               instances:   7
  Class: INVX1                 instances:  46
  Class: INVX2                 instances:   1
  Class: INVX4                 instances:   1
  Class: INVX8                 instances:   1
Circuit contains 390 nets.

Circuit 1 contains 379 devices, Circuit 2 contains 379 devices.
Circuit 1 contains 390 nets,    Circuit 2 contains 390 nets.


Final result: 
Circuits match uniquely.
.
Logging to file "comp.out" disabled
LVS Done.
/usr/local/share/qflow/scripts/count_lvs.py
LVS reports no net, device, pin, or property mismatches.

Total errors = 0
LVS checking script ended on Fri Feb 28 07:35:40 KST 2025
