Qflow route logfile created on Fri Feb 28 07:35:38 KST 2025
qrouter -noc  -s output_terminal.cfg
Qrouter detail maze router version 1.4.88.T
Reading LEF data from file /usr/local/share/qflow/tech/etri050/etri050_stdcells.lef.
LEF Read, Line 113: NOTE:  Old format VIARULE ignored.
LEF Read, Line 114: NOTE:  Old format VIARULE ignored.
LEF Read, Line 118: NOTE:  Old format VIARULE ignored.
LEF Read, Line 119: NOTE:  Old format VIARULE ignored.
LEF Read, Line 130: NOTE:  Old format VIARULE ignored.
LEF Read, Line 131: NOTE:  Old format VIARULE ignored.
LEF Read, Line 135: NOTE:  Old format VIARULE ignored.
LEF Read, Line 136: NOTE:  Old format VIARULE ignored.
LEF file:  Defines site corner (ignored)
LEF file:  Defines site IO (ignored)
LEF file:  Defines site core (ignored)
LEF read: Processed 3266 lines.
LEF Read: encountered 0 errors and 8 warnings total.
Reading DEF data from file output_terminal.def.
Diagnostic: Design name: "output_terminal"
  Processed 0 vias total.
  Processed 3596 subcell instances total.
  Processed 24 pins total.
  Processed 388 nets total (0 fixed).
  Processed 2 special nets total (4 fixed).
DEF read: Processed 5299 lines.
Output scale = microns / 100, precision 1
There are 390 nets in this design.
*** Running stage1 routing with defaults
Finished routing net LoadCtl[0]
Nets remaining: 389
Finished routing net _93_
Nets remaining: 388
Finished routing net clk_bF$buf0
Nets remaining: 387
Finished routing net clk_bF$buf1
Nets remaining: 386
Finished routing net clk_bF$buf2
Nets remaining: 385
Finished routing net clk_bF$buf3
Nets remaining: 384
Finished routing net clk_bF$buf4
Nets remaining: 383
Finished routing net clk_bF$buf5
Nets remaining: 382
Finished routing net clk_bF$buf6
Nets remaining: 381
Finished routing net _76_
Nets remaining: 380
Finished routing net _80_
Nets remaining: 379
Finished routing net _251_
Nets remaining: 378
Finished routing net _255_
Nets remaining: 377
Finished routing net clk
Nets remaining: 376
Finished routing net _96__bF$buf4
Nets remaining: 375
Finished routing net LoadCtl_6_bF$buf4
Nets remaining: 374
Finished routing net ISreg_bF$buf4
Nets remaining: 373
Finished routing net selXY_bF$buf0
Nets remaining: 372
Finished routing net selXY_bF$buf1
Nets remaining: 371
Finished routing net selXY_bF$buf2
Nets remaining: 370
Finished routing net selXY_bF$buf3
Nets remaining: 369
Finished routing net _96_
Nets remaining: 368
Finished routing net _96__bF$buf0
Nets remaining: 367
Finished routing net _96__bF$buf1
Nets remaining: 366
Finished routing net _96__bF$buf2
Nets remaining: 365
Finished routing net _96__bF$buf3
Nets remaining: 364
Finished routing net LoadCtl[6]
Nets remaining: 363
Finished routing net LoadCtl_6_bF$buf0
Nets remaining: 362
Finished routing net LoadCtl_6_bF$buf1
Nets remaining: 361
Finished routing net LoadCtl_6_bF$buf2
Nets remaining: 360
Finished routing net LoadCtl_6_bF$buf3
Nets remaining: 359
Finished routing net ISreg
Nets remaining: 358
Finished routing net ISreg_bF$buf0
Nets remaining: 357
Finished routing net ISreg_bF$buf1
Nets remaining: 356
Finished routing net ISreg_bF$buf2
Nets remaining: 355
Finished routing net ISreg_bF$buf3
Nets remaining: 354
Finished routing net _85_
Nets remaining: 353
Finished routing net Yin0[0]
Nets remaining: 352
Finished routing net Xin12b[6]
Nets remaining: 351
Finished routing net Yin12b[6]
Nets remaining: 350
Finished routing net selXY
Nets remaining: 349
Finished routing net Yin[1]
Nets remaining: 348
Finished routing net Yin12b[7]
Nets remaining: 347
Finished routing net _78_
Nets remaining: 346
Finished routing net Yin[0]
Nets remaining: 345
Finished routing net _86_
Nets remaining: 344
Finished routing net Yin1[1]
Nets remaining: 343
Finished routing net Yin0[1]
Nets remaining: 342
Finished routing net Xin0[0]
Nets remaining: 341
Finished routing net Xin0[1]
Nets remaining: 340
Finished routing net Xin1[1]
Nets remaining: 339
Finished routing net Xin12b[4]
Nets remaining: 338
Finished routing net _119_
Nets remaining: 337
Finished routing net _129_
Nets remaining: 336
Finished routing net Xin12b[7]
Nets remaining: 335
Finished routing net Xin12b[8]
Nets remaining: 334
Finished routing net _147_
Nets remaining: 333
Finished routing net Xin12b[9]
Nets remaining: 332
Finished routing net _197_
Nets remaining: 331
Finished routing net _203_
Nets remaining: 330
Finished routing net Yin12b[8]
Nets remaining: 329
Finished routing net _219_
Nets remaining: 328
Finished routing net Yin12b[9]
Nets remaining: 327
Finished routing net Xin[0]
Nets remaining: 326
Finished routing net Xin[1]
Nets remaining: 325
Finished routing net _73_
Nets remaining: 324
Finished routing net LoadCtl[2]
Nets remaining: 323
Finished routing net LoadCtl[1]
Nets remaining: 322
Finished routing net _75_
Nets remaining: 321
Finished routing net LoadCtl[3]
Nets remaining: 320
Finished routing net _82_
Nets remaining: 319
Finished routing net _84_
Nets remaining: 318
Finished routing net Yin1[0]
Nets remaining: 317
Finished routing net _95_
Nets remaining: 316
Finished routing net Xin1[0]
Nets remaining: 315
Finished routing net _103_
Nets remaining: 314
Finished routing net _106_
Nets remaining: 313
Finished routing net _116_
Nets remaining: 312
Finished routing net _123_
Nets remaining: 311
Finished routing net _144_
Nets remaining: 310
Finished routing net Xin12b[10]
Nets remaining: 309
Finished routing net selSign
Nets remaining: 308
Finished routing net _183_
Nets remaining: 307
Finished routing net _186_
Nets remaining: 306
Finished routing net _216_
Nets remaining: 305
Finished routing net Yin12b[10]
Nets remaining: 304
Finished routing net LoadCtl[4]
Nets remaining: 303
Finished routing net _254_
Nets remaining: 302
Finished routing net _257_
Nets remaining: 301
Finished routing net _49_
Nets remaining: 300
Finished routing net Xcalc[0]
Nets remaining: 299
Finished routing net _51_
Nets remaining: 298
Finished routing net Xcalc[1]
Nets remaining: 297
Finished routing net _53_
Nets remaining: 296
Finished routing net Xcalc[2]
Nets remaining: 295
Finished routing net _55_
Nets remaining: 294
Finished routing net Xcalc[3]
Nets remaining: 293
Finished routing net _57_
Nets remaining: 292
Finished routing net Xcalc[4]
Nets remaining: 291
Finished routing net _59_
Nets remaining: 290
Finished routing net Xcalc[5]
Nets remaining: 289
Finished routing net _61_
Nets remaining: 288
Finished routing net Xcalc[6]
Nets remaining: 287
Finished routing net _63_
Nets remaining: 286
Finished routing net Xcalc[7]
Nets remaining: 285
Finished routing net Ycalc[8]
Nets remaining: 284
Finished routing net Xcalc[8]
Nets remaining: 283
Finished routing net _67_
Nets remaining: 282
Finished routing net Xcalc[9]
Nets remaining: 281
Finished routing net _69_
Nets remaining: 280
Finished routing net Xcalc[10]
Nets remaining: 279
Finished routing net Ycalc[11]
Nets remaining: 278
Finished routing net Xcalc[11]
Nets remaining: 277
Finished routing net _74_
Nets remaining: 276
Finished routing net Yin12b[4]
Nets remaining: 275
Finished routing net Yin12b[5]
Nets remaining: 274
Finished routing net _89_
Nets remaining: 273
Finished routing net _91_
Nets remaining: 272
Finished routing net _99_
Nets remaining: 271
Finished routing net _104_
Nets remaining: 270
Finished routing net _110_
Nets remaining: 269
Finished routing net _115_
Nets remaining: 268
Finished routing net _118_
Nets remaining: 267
Finished routing net Xin12b[5]
Nets remaining: 266
Finished routing net _124_
Nets remaining: 265
Finished routing net _130_
Nets remaining: 264
Finished routing net _132_
Nets remaining: 263
Finished routing net _133_
Nets remaining: 262
Finished routing net _145_
Nets remaining: 261
Finished routing net _153_
Nets remaining: 260
Finished routing net _154_
Nets remaining: 259
Finished routing net _160_
Nets remaining: 258
Finished routing net _162_
Nets remaining: 257
Finished routing net _163_
Nets remaining: 256
Finished routing net Xin12b[11]
Nets remaining: 255
Finished routing net _167_
Nets remaining: 254
Finished routing net _169_
Nets remaining: 253
Finished routing net _171_
Nets remaining: 252
Finished routing net _173_
Nets remaining: 251
Finished routing net _184_
Nets remaining: 250
Finished routing net _189_
Nets remaining: 249
Finished routing net _193_
Nets remaining: 248
Finished routing net _194_
Nets remaining: 247
Finished routing net _195_
Nets remaining: 246
Finished routing net _200_
Nets remaining: 245
Finished routing net _204_
Nets remaining: 244
Finished routing net _206_
Nets remaining: 243
Finished routing net _207_
Nets remaining: 242
Finished routing net _217_
Nets remaining: 241
Finished routing net _224_
Nets remaining: 240
Finished routing net _225_
Nets remaining: 239
Finished routing net _230_
Nets remaining: 238
Finished routing net _232_
Nets remaining: 237
Finished routing net _233_
Nets remaining: 236
Finished routing net Yin12b[11]
Nets remaining: 235
Finished routing net _237_
Nets remaining: 234
Finished routing net _240_
Nets remaining: 233
Failed to route net _242_
Finished routing net _249_
Nets remaining: 232
Finished routing net LoadCtl[5]
Nets remaining: 231
Finished routing net Ycalc[0]
Nets remaining: 230
Finished routing net _50_
Nets remaining: 229
Finished routing net _272_[0]
Nets remaining: 228
Finished routing net Ycalc[1]
Nets remaining: 227
Finished routing net _52_
Nets remaining: 226
Finished routing net _272_[1]
Nets remaining: 225
Finished routing net Ycalc[2]
Nets remaining: 224
Finished routing net _54_
Nets remaining: 223
Finished routing net _272_[2]
Nets remaining: 222
Finished routing net Ycalc[3]
Nets remaining: 221
Finished routing net _56_
Nets remaining: 220
Finished routing net _272_[3]
Nets remaining: 219
Finished routing net Ycalc[4]
Nets remaining: 218
Finished routing net _58_
Nets remaining: 217
Finished routing net _272_[4]
Nets remaining: 216
Finished routing net Ycalc[5]
Nets remaining: 215
Finished routing net _60_
Nets remaining: 214
Finished routing net _272_[5]
Nets remaining: 213
Finished routing net Ycalc[6]
Nets remaining: 212
Finished routing net _62_
Nets remaining: 211
Finished routing net _272_[6]
Nets remaining: 210
Finished routing net Ycalc[7]
Nets remaining: 209
Finished routing net _64_
Nets remaining: 208
Finished routing net _272_[7]
Nets remaining: 207
Finished routing net _65_
Nets remaining: 206
Finished routing net _66_
Nets remaining: 205
Finished routing net _272_[8]
Nets remaining: 204
Finished routing net Ycalc[9]
Nets remaining: 203
Finished routing net _68_
Nets remaining: 202
Finished routing net _272_[9]
Nets remaining: 201
Finished routing net Ycalc[10]
Nets remaining: 200
Finished routing net _70_
Nets remaining: 199
Finished routing net _272_[10]
Nets remaining: 198
Finished routing net _71_
Nets remaining: 197
Finished routing net _72_
Nets remaining: 196
Finished routing net _272_[11]
Nets remaining: 195
Finished routing net _77_
Nets remaining: 194
Finished routing net _1_
Nets remaining: 193
Finished routing net _79_
Nets remaining: 192
Finished routing net _81_
Nets remaining: 191
Finished routing net _2_
Nets remaining: 190
Finished routing net _83_
Nets remaining: 189
Failed to route net _3_
Finished routing net _87_
Nets remaining: 188
Finished routing net _4_
Nets remaining: 187
Finished routing net _88_
Nets remaining: 186
Finished routing net _5_
Nets remaining: 185
Finished routing net _90_
Nets remaining: 184
Finished routing net _6_
Nets remaining: 183
Finished routing net _92_
Nets remaining: 182
Finished routing net _7_
Nets remaining: 181
Finished routing net ISin
Nets remaining: 180
Finished routing net _94_
Nets remaining: 179
Finished routing net _8_
Nets remaining: 178
Finished routing net _97_
Nets remaining: 177
Finished routing net _9_
Nets remaining: 176
Finished routing net _98_
Nets remaining: 175
Finished routing net _100_
Nets remaining: 174
Finished routing net _101_
Nets remaining: 173
Finished routing net _102_
Nets remaining: 172
Finished routing net _10_
Nets remaining: 171
Finished routing net _105_
Nets remaining: 170
Finished routing net _107_
Nets remaining: 169
Finished routing net _108_
Nets remaining: 168
Finished routing net _109_
Nets remaining: 167
Finished routing net _11_
Nets remaining: 166
Finished routing net _111_
Nets remaining: 165
Finished routing net _112_
Nets remaining: 164
Finished routing net _113_
Nets remaining: 163
Finished routing net _114_
Nets remaining: 162
Failed to route net _12_
Finished routing net _117_
Nets remaining: 161
Finished routing net _120_
Nets remaining: 160
Finished routing net _121_
Nets remaining: 159
Finished routing net _122_
Nets remaining: 158
Finished routing net _13_
Nets remaining: 157
Finished routing net _125_
Nets remaining: 156
Finished routing net _126_
Nets remaining: 155
Finished routing net _127_
Nets remaining: 154
Finished routing net _128_
Nets remaining: 153
Finished routing net _14_
Nets remaining: 152
Finished routing net _131_
Nets remaining: 151
Finished routing net _134_
Nets remaining: 150
Finished routing net _135_
Nets remaining: 149
Finished routing net _136_
Nets remaining: 148
Finished routing net _15_
Nets remaining: 147
Finished routing net _137_
Nets remaining: 146
Finished routing net _138_
Nets remaining: 145
Finished routing net _139_
Nets remaining: 144
Finished routing net _140_
Nets remaining: 143
Finished routing net _141_
Nets remaining: 142
Finished routing net _142_
Nets remaining: 141
Finished routing net _143_
Nets remaining: 140
Finished routing net _16_
Nets remaining: 139
Finished routing net _146_
Nets remaining: 138
Finished routing net _148_
Nets remaining: 137
Finished routing net _149_
Nets remaining: 136
Finished routing net _150_
Nets remaining: 135
Finished routing net _151_
Nets remaining: 134
Finished routing net _17_
Nets remaining: 133
Finished routing net _152_
Nets remaining: 132
Finished routing net _155_
Nets remaining: 131
Finished routing net _156_
Nets remaining: 130
Finished routing net _18_
Nets remaining: 129
Finished routing net _157_
Nets remaining: 128
Finished routing net _158_
Nets remaining: 127
Finished routing net _159_
Nets remaining: 126
Finished routing net _161_
Nets remaining: 125
Finished routing net _164_
Nets remaining: 124
Finished routing net _165_
Nets remaining: 123
Finished routing net _19_
Nets remaining: 122
Finished routing net _166_
Nets remaining: 121
Finished routing net _168_
Nets remaining: 120
Finished routing net _170_
Nets remaining: 119
Finished routing net _172_
Nets remaining: 118
Finished routing net _174_
Nets remaining: 117
Finished routing net _175_
Nets remaining: 116
Finished routing net _176_
Nets remaining: 115
Finished routing net _177_
Nets remaining: 114
Finished routing net _178_
Nets remaining: 113
Finished routing net _20_
Nets remaining: 112
Finished routing net _179_
Nets remaining: 111
Finished routing net _21_
Nets remaining: 110
Finished routing net _180_
Nets remaining: 109
Finished routing net _181_
Nets remaining: 108
Finished routing net _182_
Nets remaining: 107
Finished routing net _22_
Nets remaining: 106
Finished routing net _185_
Nets remaining: 105
Finished routing net _187_
Nets remaining: 104
Finished routing net _188_
Nets remaining: 103
Finished routing net _23_
Nets remaining: 102
Finished routing net _190_
Nets remaining: 101
Finished routing net _191_
Nets remaining: 100
Finished routing net _192_
Nets remaining: 99
Finished routing net _24_
Nets remaining: 98
Finished routing net _196_
Nets remaining: 97
Finished routing net _198_
Nets remaining: 96
Finished routing net _199_
Nets remaining: 95
Finished routing net _25_
Nets remaining: 94
Finished routing net _201_
Nets remaining: 93
Finished routing net _202_
Nets remaining: 92
Finished routing net _26_
Nets remaining: 91
Finished routing net _205_
Nets remaining: 90
Finished routing net _208_
Nets remaining: 89
Finished routing net _209_
Nets remaining: 88
Finished routing net _27_
Nets remaining: 87
Finished routing net _210_
Nets remaining: 86
Finished routing net _211_
Nets remaining: 85
Finished routing net _212_
Nets remaining: 84
Finished routing net _213_
Nets remaining: 83
Failed to route net _214_
Finished routing net _215_
Nets remaining: 82
Finished routing net _28_
Nets remaining: 81
Finished routing net _218_
Nets remaining: 80
Finished routing net _220_
Nets remaining: 79
Finished routing net _221_
Nets remaining: 78
Finished routing net _222_
Nets remaining: 77
Finished routing net _223_
Nets remaining: 76
Finished routing net _29_
Nets remaining: 75
Finished routing net _226_
Nets remaining: 74
Finished routing net _227_
Nets remaining: 73
Finished routing net _30_
Nets remaining: 72
Finished routing net _228_
Nets remaining: 71
Finished routing net _229_
Nets remaining: 70
Finished routing net _231_
Nets remaining: 69
Finished routing net _234_
Nets remaining: 68
Finished routing net _235_
Nets remaining: 67
Finished routing net _31_
Nets remaining: 66
Finished routing net _236_
Nets remaining: 65
Finished routing net _238_
Nets remaining: 64
Finished routing net _239_
Nets remaining: 63
Finished routing net _241_
Nets remaining: 62
Finished routing net _243_
Nets remaining: 61
Finished routing net _244_
Nets remaining: 60
Finished routing net _245_
Nets remaining: 59
Finished routing net _246_
Nets remaining: 58
Finished routing net _247_
Nets remaining: 57
Finished routing net _32_
Nets remaining: 56
Finished routing net _248_
Nets remaining: 55
Finished routing net _250_
Nets remaining: 54
Finished routing net _252_
Nets remaining: 53
Finished routing net _33_
Nets remaining: 52
Finished routing net _253_
Nets remaining: 51
Finished routing net _34_
Nets remaining: 50
Finished routing net _256_
Nets remaining: 49
Finished routing net _35_
Nets remaining: 48
Finished routing net _258_
Nets remaining: 47
Finished routing net _36_
Nets remaining: 46
Finished routing net _259_
Nets remaining: 45
Finished routing net _37_
Nets remaining: 44
Finished routing net _260_
Nets remaining: 43
Finished routing net _38_
Nets remaining: 42
Finished routing net _261_
Nets remaining: 41
Finished routing net _39_
Nets remaining: 40
Finished routing net _262_
Nets remaining: 39
Finished routing net _40_
Nets remaining: 38
Finished routing net _263_
Nets remaining: 37
Finished routing net _41_
Nets remaining: 36
Finished routing net _264_
Nets remaining: 35
Finished routing net _42_
Nets remaining: 34
Finished routing net _265_
Nets remaining: 33
Finished routing net _43_
Nets remaining: 32
Finished routing net _266_
Nets remaining: 31
Finished routing net _44_
Nets remaining: 30
Finished routing net _267_
Nets remaining: 29
Finished routing net _45_
Nets remaining: 28
Finished routing net _268_
Nets remaining: 27
Finished routing net _46_
Nets remaining: 26
Finished routing net _269_
Nets remaining: 25
Finished routing net _47_
Nets remaining: 24
Finished routing net _270_
Nets remaining: 23
Finished routing net _48_
Nets remaining: 22
Finished routing net _271_
Nets remaining: 21
Finished routing net _0_
Nets remaining: 20
Finished routing net Rdy
Nets remaining: 19
Finished routing net Dout[0]
Nets remaining: 18
Finished routing net Dout[1]
Nets remaining: 17
Finished routing net Dout[10]
Nets remaining: 16
Finished routing net Dout[11]
Nets remaining: 15
Finished routing net Dout[2]
Nets remaining: 14
Finished routing net Dout[3]
Nets remaining: 13
Finished routing net Dout[4]
Nets remaining: 12
Finished routing net Dout[5]
Nets remaining: 11
Finished routing net Dout[6]
Nets remaining: 10
Finished routing net Dout[7]
Nets remaining: 9
Finished routing net Dout[8]
Nets remaining: 8
Finished routing net Dout[9]
Nets remaining: 7
Finished routing net Vld
Nets remaining: 6

----------------------------------------------
Progress: Stage 1 total routes completed: 797
Failed net routes: 4
----------------------------------------------
*** Running stage2 routing with options mask 10, effort 10
Nets remaining: 4
Best route of _214_ collides with nets: _211_ _207_ 
Ripping up blocking net _211_
Ripping up blocking net _207_
Nets remaining: 5
Best route of _12_ collides with net: _96__bF$buf3 
Ripping up blocking net _96__bF$buf3
Nets remaining: 5
Best route of _3_ collides with net: ISreg 
Ripping up blocking net ISreg
Nets remaining: 5
Best route of _242_ collides with net: _96__bF$buf0 
Ripping up blocking net _96__bF$buf0
Nets remaining: 5
Nets remaining: 4
Nets remaining: 3
Best route of _96__bF$buf3 collides with net: LoadCtl_6_bF$buf4 
Ripping up blocking net LoadCtl_6_bF$buf4
Nets remaining: 3
Nets remaining: 2
Nets remaining: 1

----------------------------------------------
Progress: Stage 2 total routes completed: 825
No failed routes!
----------------------------------------------
*** Running stage3 routing with defaults, 1st round
Finished routing net LoadCtl[0]
Nets remaining: 389
Finished routing net _93_
Nets remaining: 388
Finished routing net clk_bF$buf0
Nets remaining: 387
Finished routing net clk_bF$buf1
Nets remaining: 386
Finished routing net clk_bF$buf2
Nets remaining: 385
Finished routing net clk_bF$buf3
Nets remaining: 384
Finished routing net clk_bF$buf4
Nets remaining: 383
Finished routing net clk_bF$buf5
Nets remaining: 382
Finished routing net clk_bF$buf6
Nets remaining: 381
Finished routing net _76_
Nets remaining: 380
Finished routing net _80_
Nets remaining: 379
Finished routing net _251_
Nets remaining: 378
Finished routing net _255_
Nets remaining: 377
Finished routing net clk
Nets remaining: 376
Finished routing net _96__bF$buf4
Nets remaining: 375
Finished routing net LoadCtl_6_bF$buf4
Nets remaining: 374
Finished routing net ISreg_bF$buf4
Nets remaining: 373
Finished routing net selXY_bF$buf0
Nets remaining: 372
Finished routing net selXY_bF$buf1
Nets remaining: 371
Finished routing net selXY_bF$buf2
Nets remaining: 370
Finished routing net selXY_bF$buf3
Nets remaining: 369
Finished routing net _96_
Nets remaining: 368
Finished routing net _96__bF$buf0
Nets remaining: 367
Finished routing net _96__bF$buf1
Nets remaining: 366
Finished routing net _96__bF$buf2
Nets remaining: 365
Finished routing net _96__bF$buf3
Nets remaining: 364
Finished routing net LoadCtl[6]
Nets remaining: 363
Finished routing net LoadCtl_6_bF$buf0
Nets remaining: 362
Finished routing net LoadCtl_6_bF$buf1
Nets remaining: 361
Finished routing net LoadCtl_6_bF$buf2
Nets remaining: 360
Finished routing net LoadCtl_6_bF$buf3
Nets remaining: 359
Finished routing net ISreg
Nets remaining: 358
Finished routing net ISreg_bF$buf0
Nets remaining: 357
Finished routing net ISreg_bF$buf1
Nets remaining: 356
Finished routing net ISreg_bF$buf2
Nets remaining: 355
Finished routing net ISreg_bF$buf3
Nets remaining: 354
Finished routing net _85_
Nets remaining: 353
Finished routing net Yin0[0]
Nets remaining: 352
Finished routing net Xin12b[6]
Nets remaining: 351
Finished routing net Yin12b[6]
Nets remaining: 350
Finished routing net selXY
Nets remaining: 349
Finished routing net Yin[1]
Nets remaining: 348
Finished routing net Yin12b[7]
Nets remaining: 347
Finished routing net _78_
Nets remaining: 346
Finished routing net Yin[0]
Nets remaining: 345
Finished routing net _86_
Nets remaining: 344
Finished routing net Yin1[1]
Nets remaining: 343
Finished routing net Yin0[1]
Nets remaining: 342
Finished routing net Xin0[0]
Nets remaining: 341
Finished routing net Xin0[1]
Nets remaining: 340
Finished routing net Xin1[1]
Nets remaining: 339
Finished routing net Xin12b[4]
Nets remaining: 338
Finished routing net _119_
Nets remaining: 337
Finished routing net _129_
Nets remaining: 336
Finished routing net Xin12b[7]
Nets remaining: 335
Finished routing net Xin12b[8]
Nets remaining: 334
Finished routing net _147_
Nets remaining: 333
Finished routing net Xin12b[9]
Nets remaining: 332
Finished routing net _197_
Nets remaining: 331
Finished routing net _203_
Nets remaining: 330
Finished routing net Yin12b[8]
Nets remaining: 329
Finished routing net _219_
Nets remaining: 328
Finished routing net Yin12b[9]
Nets remaining: 327
Finished routing net Xin[0]
Nets remaining: 326
Finished routing net Xin[1]
Nets remaining: 325
Finished routing net _73_
Nets remaining: 324
Finished routing net LoadCtl[2]
Nets remaining: 323
Finished routing net LoadCtl[1]
Nets remaining: 322
Finished routing net _75_
Nets remaining: 321
Finished routing net LoadCtl[3]
Nets remaining: 320
Finished routing net _82_
Nets remaining: 319
Finished routing net _84_
Nets remaining: 318
Finished routing net Yin1[0]
Nets remaining: 317
Finished routing net _95_
Nets remaining: 316
Finished routing net Xin1[0]
Nets remaining: 315
Finished routing net _103_
Nets remaining: 314
Finished routing net _106_
Nets remaining: 313
Finished routing net _116_
Nets remaining: 312
Finished routing net _123_
Nets remaining: 311
Finished routing net _144_
Nets remaining: 310
Finished routing net Xin12b[10]
Nets remaining: 309
Finished routing net selSign
Nets remaining: 308
Finished routing net _183_
Nets remaining: 307
Finished routing net _186_
Nets remaining: 306
Finished routing net _216_
Nets remaining: 305
Finished routing net Yin12b[10]
Nets remaining: 304
Finished routing net LoadCtl[4]
Nets remaining: 303
Finished routing net _254_
Nets remaining: 302
Finished routing net _257_
Nets remaining: 301
Finished routing net _49_
Nets remaining: 300
Finished routing net Xcalc[0]
Nets remaining: 299
Finished routing net _51_
Nets remaining: 298
Finished routing net Xcalc[1]
Nets remaining: 297
Finished routing net _53_
Nets remaining: 296
Finished routing net Xcalc[2]
Nets remaining: 295
Finished routing net _55_
Nets remaining: 294
Finished routing net Xcalc[3]
Nets remaining: 293
Finished routing net _57_
Nets remaining: 292
Finished routing net Xcalc[4]
Nets remaining: 291
Finished routing net _59_
Nets remaining: 290
Finished routing net Xcalc[5]
Nets remaining: 289
Finished routing net _61_
Nets remaining: 288
Finished routing net Xcalc[6]
Nets remaining: 287
Finished routing net _63_
Nets remaining: 286
Finished routing net Xcalc[7]
Nets remaining: 285
Finished routing net Ycalc[8]
Nets remaining: 284
Finished routing net Xcalc[8]
Nets remaining: 283
Finished routing net _67_
Nets remaining: 282
Finished routing net Xcalc[9]
Nets remaining: 281
Finished routing net _69_
Nets remaining: 280
Finished routing net Xcalc[10]
Nets remaining: 279
Finished routing net Ycalc[11]
Nets remaining: 278
Finished routing net Xcalc[11]
Nets remaining: 277
Finished routing net _74_
Nets remaining: 276
Finished routing net Yin12b[4]
Nets remaining: 275
Finished routing net Yin12b[5]
Nets remaining: 274
Keeping route for net _89_
Keeping route for net _91_
Finished routing net _99_
Nets remaining: 271
Finished routing net _104_
Nets remaining: 270
Finished routing net _110_
Nets remaining: 269
Finished routing net _115_
Nets remaining: 268
Finished routing net _118_
Nets remaining: 267
Finished routing net Xin12b[5]
Nets remaining: 266
Finished routing net _124_
Nets remaining: 265
Finished routing net _130_
Nets remaining: 264
Finished routing net _132_
Nets remaining: 263
Finished routing net _133_
Nets remaining: 262
Finished routing net _145_
Nets remaining: 261
Finished routing net _153_
Nets remaining: 260
Finished routing net _154_
Nets remaining: 259
Finished routing net _160_
Nets remaining: 258
Finished routing net _162_
Nets remaining: 257
Finished routing net _163_
Nets remaining: 256
Finished routing net Xin12b[11]
Nets remaining: 255
Finished routing net _167_
Nets remaining: 254
Finished routing net _169_
Nets remaining: 253
Finished routing net _171_
Nets remaining: 252
Finished routing net _173_
Nets remaining: 251
Finished routing net _184_
Nets remaining: 250
Finished routing net _189_
Nets remaining: 249
Finished routing net _193_
Nets remaining: 248
Finished routing net _194_
Nets remaining: 247
Finished routing net _195_
Nets remaining: 246
Finished routing net _200_
Nets remaining: 245
Finished routing net _204_
Nets remaining: 244
Finished routing net _206_
Nets remaining: 243
Finished routing net _207_
Nets remaining: 242
Finished routing net _217_
Nets remaining: 241
Finished routing net _224_
Nets remaining: 240
Finished routing net _225_
Nets remaining: 239
Finished routing net _230_
Nets remaining: 238
Finished routing net _232_
Nets remaining: 237
Finished routing net _233_
Nets remaining: 236
Finished routing net Yin12b[11]
Nets remaining: 235
Finished routing net _237_
Nets remaining: 234
Finished routing net _240_
Nets remaining: 233
Finished routing net _242_
Nets remaining: 232
Finished routing net _249_
Nets remaining: 231
Finished routing net LoadCtl[5]
Nets remaining: 230
Finished routing net Ycalc[0]
Nets remaining: 229
Keeping route for net _50_
Finished routing net _272_[0]
Nets remaining: 227
Finished routing net Ycalc[1]
Nets remaining: 226
Finished routing net _52_
Nets remaining: 225
Finished routing net _272_[1]
Nets remaining: 224
Finished routing net Ycalc[2]
Nets remaining: 223
Finished routing net _54_
Nets remaining: 222
Finished routing net _272_[2]
Nets remaining: 221
Finished routing net Ycalc[3]
Nets remaining: 220
Finished routing net _56_
Nets remaining: 219
Finished routing net _272_[3]
Nets remaining: 218
Finished routing net Ycalc[4]
Nets remaining: 217
Finished routing net _58_
Nets remaining: 216
Finished routing net _272_[4]
Nets remaining: 215
Finished routing net Ycalc[5]
Nets remaining: 214
Finished routing net _60_
Nets remaining: 213
Finished routing net _272_[5]
Nets remaining: 212
Finished routing net Ycalc[6]
Nets remaining: 211
Keeping route for net _62_
Finished routing net _272_[6]
Nets remaining: 209
Finished routing net Ycalc[7]
Nets remaining: 208
Finished routing net _64_
Nets remaining: 207
Keeping route for net _272_[7]
Finished routing net _65_
Nets remaining: 205
Keeping route for net _66_
Finished routing net _272_[8]
Nets remaining: 203
Finished routing net Ycalc[9]
Nets remaining: 202
Finished routing net _68_
Nets remaining: 201
Finished routing net _272_[9]
Nets remaining: 200
Finished routing net Ycalc[10]
Nets remaining: 199
Finished routing net _70_
Nets remaining: 198
Keeping route for net _272_[10]
Keeping route for net _71_
Finished routing net _72_
Nets remaining: 195
Finished routing net _272_[11]
Nets remaining: 194
Finished routing net _77_
Nets remaining: 193
Finished routing net _1_
Nets remaining: 192
Finished routing net _79_
Nets remaining: 191
Finished routing net _81_
Nets remaining: 190
Keeping route for net _2_
Finished routing net _83_
Nets remaining: 188
Finished routing net _3_
Nets remaining: 187
Finished routing net _87_
Nets remaining: 186
Finished routing net _4_
Nets remaining: 185
Finished routing net _88_
Nets remaining: 184
Finished routing net _5_
Nets remaining: 183
Keeping route for net _90_
Finished routing net _6_
Nets remaining: 181
Finished routing net _92_
Nets remaining: 180
Finished routing net _7_
Nets remaining: 179
Keeping route for net ISin
Keeping route for net _94_
Keeping route for net _8_
Keeping route for net _97_
Finished routing net _9_
Nets remaining: 174
Keeping route for net _98_
Finished routing net _100_
Nets remaining: 172
Keeping route for net _101_
Finished routing net _102_
Nets remaining: 170
Keeping route for net _10_
Finished routing net _105_
Nets remaining: 168
Finished routing net _107_
Nets remaining: 167
Keeping route for net _108_
Keeping route for net _109_
Finished routing net _11_
Nets remaining: 164
Finished routing net _111_
Nets remaining: 163
Finished routing net _112_
Nets remaining: 162
Finished routing net _113_
Nets remaining: 161
Finished routing net _114_
Nets remaining: 160
Keeping route for net _12_
Finished routing net _117_
Nets remaining: 158
Finished routing net _120_
Nets remaining: 157
Finished routing net _121_
Nets remaining: 156
Keeping route for net _122_
Finished routing net _13_
Nets remaining: 154
Finished routing net _125_
Nets remaining: 153
Finished routing net _126_
Nets remaining: 152
Finished routing net _127_
Nets remaining: 151
Finished routing net _128_
Nets remaining: 150
Finished routing net _14_
Nets remaining: 149
Finished routing net _131_
Nets remaining: 148
Finished routing net _134_
Nets remaining: 147
Finished routing net _135_
Nets remaining: 146
Finished routing net _136_
Nets remaining: 145
Keeping route for net _15_
Finished routing net _137_
Nets remaining: 143
Finished routing net _138_
Nets remaining: 142
Finished routing net _139_
Nets remaining: 141
Keeping route for net _140_
Finished routing net _141_
Nets remaining: 139
Finished routing net _142_
Nets remaining: 138
Finished routing net _143_
Nets remaining: 137
Finished routing net _16_
Nets remaining: 136
Keeping route for net _146_
Finished routing net _148_
Nets remaining: 134
Finished routing net _149_
Nets remaining: 133
Finished routing net _150_
Nets remaining: 132
Keeping route for net _151_
Keeping route for net _17_
Finished routing net _152_
Nets remaining: 129
Finished routing net _155_
Nets remaining: 128
Finished routing net _156_
Nets remaining: 127
Finished routing net _18_
Nets remaining: 126
Finished routing net _157_
Nets remaining: 125
Finished routing net _158_
Nets remaining: 124
Finished routing net _159_
Nets remaining: 123
Finished routing net _161_
Nets remaining: 122
Finished routing net _164_
Nets remaining: 121
Finished routing net _165_
Nets remaining: 120
Keeping route for net _19_
Finished routing net _166_
Nets remaining: 118
Finished routing net _168_
Nets remaining: 117
Finished routing net _170_
Nets remaining: 116
Finished routing net _172_
Nets remaining: 115
Finished routing net _174_
Nets remaining: 114
Finished routing net _175_
Nets remaining: 113
Keeping route for net _176_
Finished routing net _177_
Nets remaining: 111
Finished routing net _178_
Nets remaining: 110
Finished routing net _20_
Nets remaining: 109
Keeping route for net _179_
Finished routing net _21_
Nets remaining: 107
Finished routing net _180_
Nets remaining: 106
Finished routing net _181_
Nets remaining: 105
Finished routing net _182_
Nets remaining: 104
Keeping route for net _22_
Keeping route for net _185_
Finished routing net _187_
Nets remaining: 101
Finished routing net _188_
Nets remaining: 100
Finished routing net _23_
Nets remaining: 99
Finished routing net _190_
Nets remaining: 98
Finished routing net _191_
Nets remaining: 97
Finished routing net _192_
Nets remaining: 96
Finished routing net _24_
Nets remaining: 95
Keeping route for net _196_
Finished routing net _198_
Nets remaining: 93
Finished routing net _199_
Nets remaining: 92
Keeping route for net _25_
Finished routing net _201_
Nets remaining: 90
Finished routing net _202_
Nets remaining: 89
Finished routing net _26_
Nets remaining: 88
Finished routing net _205_
Nets remaining: 87
Keeping route for net _208_
Finished routing net _209_
Nets remaining: 85
Keeping route for net _27_
Finished routing net _210_
Nets remaining: 83
Finished routing net _211_
Nets remaining: 82
Finished routing net _212_
Nets remaining: 81
Finished routing net _213_
Nets remaining: 80
Finished routing net _214_
Nets remaining: 79
Finished routing net _215_
Nets remaining: 78
Finished routing net _28_
Nets remaining: 77
Finished routing net _218_
Nets remaining: 76
Finished routing net _220_
Nets remaining: 75
Finished routing net _221_
Nets remaining: 74
Keeping route for net _222_
Keeping route for net _223_
Keeping route for net _29_
Finished routing net _226_
Nets remaining: 70
Finished routing net _227_
Nets remaining: 69
Keeping route for net _30_
Finished routing net _228_
Nets remaining: 67
Finished routing net _229_
Nets remaining: 66
Finished routing net _231_
Nets remaining: 65
Finished routing net _234_
Nets remaining: 64
Finished routing net _235_
Nets remaining: 63
Keeping route for net _31_
Finished routing net _236_
Nets remaining: 61
Finished routing net _238_
Nets remaining: 60
Finished routing net _239_
Nets remaining: 59
Keeping route for net _241_
Finished routing net _243_
Nets remaining: 57
Finished routing net _244_
Nets remaining: 56
Finished routing net _245_
Nets remaining: 55
Finished routing net _246_
Nets remaining: 54
Finished routing net _247_
Nets remaining: 53
Finished routing net _32_
Nets remaining: 52
Finished routing net _248_
Nets remaining: 51
Finished routing net _250_
Nets remaining: 50
Keeping route for net _252_
Keeping route for net _33_
Keeping route for net _253_
Keeping route for net _34_
Finished routing net _256_
Nets remaining: 45
Finished routing net _35_
Nets remaining: 44
Keeping route for net _258_
Finished routing net _36_
Nets remaining: 42
Finished routing net _259_
Nets remaining: 41
Keeping route for net _37_
Keeping route for net _260_
Finished routing net _38_
Nets remaining: 38
Keeping route for net _261_
Keeping route for net _39_
Keeping route for net _262_
Finished routing net _40_
Nets remaining: 34
Keeping route for net _263_
Finished routing net _41_
Nets remaining: 32
Keeping route for net _264_
Finished routing net _42_
Nets remaining: 30
Finished routing net _265_
Nets remaining: 29
Finished routing net _43_
Nets remaining: 28
Keeping route for net _266_
Finished routing net _44_
Nets remaining: 26
Finished routing net _267_
Nets remaining: 25
Finished routing net _45_
Nets remaining: 24
Keeping route for net _268_
Finished routing net _46_
Nets remaining: 22
Keeping route for net _269_
Finished routing net _47_
Nets remaining: 20
Keeping route for net _270_
Finished routing net _48_
Nets remaining: 18
Finished routing net _271_
Nets remaining: 17
Finished routing net _0_
Nets remaining: 16
Finished routing net Rdy
Nets remaining: 15
Keeping route for net Dout[0]
Finished routing net Dout[1]
Nets remaining: 13
Keeping route for net Dout[10]
Finished routing net Dout[11]
Nets remaining: 11
Finished routing net Dout[2]
Nets remaining: 10
Finished routing net Dout[3]
Nets remaining: 9
Keeping route for net Dout[4]
Finished routing net Dout[5]
Nets remaining: 7
Keeping route for net Dout[6]
Finished routing net Dout[7]
Nets remaining: 5
Keeping route for net Dout[8]
Finished routing net Dout[9]
Nets remaining: 3
Keeping route for net Vld

----------------------------------------------
Progress: Stage 3 total routes completed: 1561
No failed routes!
----------------------------------------------
*** Running stage3 routing with defaults, 2nd round
Finished routing net LoadCtl[0]
Nets remaining: 389
Finished routing net _93_
Nets remaining: 388
Finished routing net clk_bF$buf0
Nets remaining: 387
Finished routing net clk_bF$buf1
Nets remaining: 386
Finished routing net clk_bF$buf2
Nets remaining: 385
Finished routing net clk_bF$buf3
Nets remaining: 384
Finished routing net clk_bF$buf4
Nets remaining: 383
Finished routing net clk_bF$buf5
Nets remaining: 382
Finished routing net clk_bF$buf6
Nets remaining: 381
Finished routing net _76_
Nets remaining: 380
Finished routing net _80_
Nets remaining: 379
Finished routing net _251_
Nets remaining: 378
Finished routing net _255_
Nets remaining: 377
Finished routing net clk
Nets remaining: 376
Finished routing net _96__bF$buf4
Nets remaining: 375
Finished routing net LoadCtl_6_bF$buf4
Nets remaining: 374
Finished routing net ISreg_bF$buf4
Nets remaining: 373
Finished routing net selXY_bF$buf0
Nets remaining: 372
Finished routing net selXY_bF$buf1
Nets remaining: 371
Finished routing net selXY_bF$buf2
Nets remaining: 370
Finished routing net selXY_bF$buf3
Nets remaining: 369
Finished routing net _96_
Nets remaining: 368
Finished routing net _96__bF$buf0
Nets remaining: 367
Finished routing net _96__bF$buf1
Nets remaining: 366
Finished routing net _96__bF$buf2
Nets remaining: 365
Finished routing net _96__bF$buf3
Nets remaining: 364
Finished routing net LoadCtl[6]
Nets remaining: 363
Finished routing net LoadCtl_6_bF$buf0
Nets remaining: 362
Finished routing net LoadCtl_6_bF$buf1
Nets remaining: 361
Finished routing net LoadCtl_6_bF$buf2
Nets remaining: 360
Finished routing net LoadCtl_6_bF$buf3
Nets remaining: 359
Finished routing net ISreg
Nets remaining: 358
Finished routing net ISreg_bF$buf0
Nets remaining: 357
Finished routing net ISreg_bF$buf1
Nets remaining: 356
Finished routing net ISreg_bF$buf2
Nets remaining: 355
Finished routing net ISreg_bF$buf3
Nets remaining: 354
Finished routing net _85_
Nets remaining: 353
Finished routing net Yin0[0]
Nets remaining: 352
Finished routing net Xin12b[6]
Nets remaining: 351
Finished routing net Yin12b[6]
Nets remaining: 350
Finished routing net selXY
Nets remaining: 349
Finished routing net Yin[1]
Nets remaining: 348
Finished routing net Yin12b[7]
Nets remaining: 347
Finished routing net _78_
Nets remaining: 346
Finished routing net Yin[0]
Nets remaining: 345
Finished routing net _86_
Nets remaining: 344
Finished routing net Yin1[1]
Nets remaining: 343
Finished routing net Yin0[1]
Nets remaining: 342
Finished routing net Xin0[0]
Nets remaining: 341
Finished routing net Xin0[1]
Nets remaining: 340
Finished routing net Xin1[1]
Nets remaining: 339
Finished routing net Xin12b[4]
Nets remaining: 338
Finished routing net _119_
Nets remaining: 337
Finished routing net _129_
Nets remaining: 336
Finished routing net Xin12b[7]
Nets remaining: 335
Finished routing net Xin12b[8]
Nets remaining: 334
Finished routing net _147_
Nets remaining: 333
Finished routing net Xin12b[9]
Nets remaining: 332
Finished routing net _197_
Nets remaining: 331
Finished routing net _203_
Nets remaining: 330
Finished routing net Yin12b[8]
Nets remaining: 329
Finished routing net _219_
Nets remaining: 328
Finished routing net Yin12b[9]
Nets remaining: 327
Finished routing net Xin[0]
Nets remaining: 326
Finished routing net Xin[1]
Nets remaining: 325
Finished routing net _73_
Nets remaining: 324
Finished routing net LoadCtl[2]
Nets remaining: 323
Finished routing net LoadCtl[1]
Nets remaining: 322
Finished routing net _75_
Nets remaining: 321
Finished routing net LoadCtl[3]
Nets remaining: 320
Finished routing net _82_
Nets remaining: 319
Finished routing net _84_
Nets remaining: 318
Finished routing net Yin1[0]
Nets remaining: 317
Finished routing net _95_
Nets remaining: 316
Finished routing net Xin1[0]
Nets remaining: 315
Finished routing net _103_
Nets remaining: 314
Finished routing net _106_
Nets remaining: 313
Finished routing net _116_
Nets remaining: 312
Finished routing net _123_
Nets remaining: 311
Finished routing net _144_
Nets remaining: 310
Finished routing net Xin12b[10]
Nets remaining: 309
Finished routing net selSign
Nets remaining: 308
Finished routing net _183_
Nets remaining: 307
Finished routing net _186_
Nets remaining: 306
Finished routing net _216_
Nets remaining: 305
Finished routing net Yin12b[10]
Nets remaining: 304
Finished routing net LoadCtl[4]
Nets remaining: 303
Finished routing net _254_
Nets remaining: 302
Finished routing net _257_
Nets remaining: 301
Finished routing net _49_
Nets remaining: 300
Finished routing net Xcalc[0]
Nets remaining: 299
Finished routing net _51_
Nets remaining: 298
Finished routing net Xcalc[1]
Nets remaining: 297
Finished routing net _53_
Nets remaining: 296
Finished routing net Xcalc[2]
Nets remaining: 295
Finished routing net _55_
Nets remaining: 294
Keeping route for net Xcalc[3]
Finished routing net _57_
Nets remaining: 292
Finished routing net Xcalc[4]
Nets remaining: 291
Finished routing net _59_
Nets remaining: 290
Finished routing net Xcalc[5]
Nets remaining: 289
Finished routing net _61_
Nets remaining: 288
Finished routing net Xcalc[6]
Nets remaining: 287
Finished routing net _63_
Nets remaining: 286
Finished routing net Xcalc[7]
Nets remaining: 285
Finished routing net Ycalc[8]
Nets remaining: 284
Finished routing net Xcalc[8]
Nets remaining: 283
Finished routing net _67_
Nets remaining: 282
Finished routing net Xcalc[9]
Nets remaining: 281
Finished routing net _69_
Nets remaining: 280
Finished routing net Xcalc[10]
Nets remaining: 279
Finished routing net Ycalc[11]
Nets remaining: 278
Finished routing net Xcalc[11]
Nets remaining: 277
Finished routing net _74_
Nets remaining: 276
Finished routing net Yin12b[4]
Nets remaining: 275
Finished routing net Yin12b[5]
Nets remaining: 274
Keeping route for net _89_
Keeping route for net _91_
Finished routing net _99_
Nets remaining: 271
Finished routing net _104_
Nets remaining: 270
Finished routing net _110_
Nets remaining: 269
Finished routing net _115_
Nets remaining: 268
Finished routing net _118_
Nets remaining: 267
Finished routing net Xin12b[5]
Nets remaining: 266
Finished routing net _124_
Nets remaining: 265
Finished routing net _130_
Nets remaining: 264
Finished routing net _132_
Nets remaining: 263
Finished routing net _133_
Nets remaining: 262
Finished routing net _145_
Nets remaining: 261
Finished routing net _153_
Nets remaining: 260
Finished routing net _154_
Nets remaining: 259
Finished routing net _160_
Nets remaining: 258
Finished routing net _162_
Nets remaining: 257
Finished routing net _163_
Nets remaining: 256
Finished routing net Xin12b[11]
Nets remaining: 255
Finished routing net _167_
Nets remaining: 254
Finished routing net _169_
Nets remaining: 253
Finished routing net _171_
Nets remaining: 252
Finished routing net _173_
Nets remaining: 251
Finished routing net _184_
Nets remaining: 250
Finished routing net _189_
Nets remaining: 249
Finished routing net _193_
Nets remaining: 248
Finished routing net _194_
Nets remaining: 247
Finished routing net _195_
Nets remaining: 246
Finished routing net _200_
Nets remaining: 245
Finished routing net _204_
Nets remaining: 244
Keeping route for net _206_
Finished routing net _207_
Nets remaining: 242
Finished routing net _217_
Nets remaining: 241
Finished routing net _224_
Nets remaining: 240
Finished routing net _225_
Nets remaining: 239
Finished routing net _230_
Nets remaining: 238
Finished routing net _232_
Nets remaining: 237
Finished routing net _233_
Nets remaining: 236
Finished routing net Yin12b[11]
Nets remaining: 235
Finished routing net _237_
Nets remaining: 234
Finished routing net _240_
Nets remaining: 233
Finished routing net _242_
Nets remaining: 232
Finished routing net _249_
Nets remaining: 231
Finished routing net LoadCtl[5]
Nets remaining: 230
Finished routing net Ycalc[0]
Nets remaining: 229
Keeping route for net _50_
Finished routing net _272_[0]
Nets remaining: 227
Finished routing net Ycalc[1]
Nets remaining: 226
Finished routing net _52_
Nets remaining: 225
Finished routing net _272_[1]
Nets remaining: 224
Finished routing net Ycalc[2]
Nets remaining: 223
Finished routing net _54_
Nets remaining: 222
Finished routing net _272_[2]
Nets remaining: 221
Finished routing net Ycalc[3]
Nets remaining: 220
Finished routing net _56_
Nets remaining: 219
Finished routing net _272_[3]
Nets remaining: 218
Finished routing net Ycalc[4]
Nets remaining: 217
Finished routing net _58_
Nets remaining: 216
Finished routing net _272_[4]
Nets remaining: 215
Finished routing net Ycalc[5]
Nets remaining: 214
Finished routing net _60_
Nets remaining: 213
Finished routing net _272_[5]
Nets remaining: 212
Finished routing net Ycalc[6]
Nets remaining: 211
Keeping route for net _62_
Finished routing net _272_[6]
Nets remaining: 209
Finished routing net Ycalc[7]
Nets remaining: 208
Finished routing net _64_
Nets remaining: 207
Keeping route for net _272_[7]
Finished routing net _65_
Nets remaining: 205
Keeping route for net _66_
Keeping route for net _272_[8]
Finished routing net Ycalc[9]
Nets remaining: 202
Finished routing net _68_
Nets remaining: 201
Finished routing net _272_[9]
Nets remaining: 200
Finished routing net Ycalc[10]
Nets remaining: 199
Finished routing net _70_
Nets remaining: 198
Keeping route for net _272_[10]
Keeping route for net _71_
Finished routing net _72_
Nets remaining: 195
Finished routing net _272_[11]
Nets remaining: 194
Finished routing net _77_
Nets remaining: 193
Finished routing net _1_
Nets remaining: 192
Finished routing net _79_
Nets remaining: 191
Finished routing net _81_
Nets remaining: 190
Keeping route for net _2_
Finished routing net _83_
Nets remaining: 188
Finished routing net _3_
Nets remaining: 187
Finished routing net _87_
Nets remaining: 186
Finished routing net _4_
Nets remaining: 185
Finished routing net _88_
Nets remaining: 184
Finished routing net _5_
Nets remaining: 183
Keeping route for net _90_
Finished routing net _6_
Nets remaining: 181
Finished routing net _92_
Nets remaining: 180
Finished routing net _7_
Nets remaining: 179
Keeping route for net ISin
Keeping route for net _94_
Keeping route for net _8_
Keeping route for net _97_
Finished routing net _9_
Nets remaining: 174
Keeping route for net _98_
Finished routing net _100_
Nets remaining: 172
Keeping route for net _101_
Finished routing net _102_
Nets remaining: 170
Keeping route for net _10_
Finished routing net _105_
Nets remaining: 168
Finished routing net _107_
Nets remaining: 167
Keeping route for net _108_
Keeping route for net _109_
Keeping route for net _11_
Finished routing net _111_
Nets remaining: 163
Finished routing net _112_
Nets remaining: 162
Finished routing net _113_
Nets remaining: 161
Finished routing net _114_
Nets remaining: 160
Keeping route for net _12_
Finished routing net _117_
Nets remaining: 158
Finished routing net _120_
Nets remaining: 157
Finished routing net _121_
Nets remaining: 156
Keeping route for net _122_
Finished routing net _13_
Nets remaining: 154
Finished routing net _125_
Nets remaining: 153
Finished routing net _126_
Nets remaining: 152
Finished routing net _127_
Nets remaining: 151
Finished routing net _128_
Nets remaining: 150
Finished routing net _14_
Nets remaining: 149
Finished routing net _131_
Nets remaining: 148
Finished routing net _134_
Nets remaining: 147
Finished routing net _135_
Nets remaining: 146
Finished routing net _136_
Nets remaining: 145
Keeping route for net _15_
Finished routing net _137_
Nets remaining: 143
Finished routing net _138_
Nets remaining: 142
Finished routing net _139_
Nets remaining: 141
Keeping route for net _140_
Finished routing net _141_
Nets remaining: 139
Finished routing net _142_
Nets remaining: 138
Finished routing net _143_
Nets remaining: 137
Finished routing net _16_
Nets remaining: 136
Keeping route for net _146_
Finished routing net _148_
Nets remaining: 134
Finished routing net _149_
Nets remaining: 133
Finished routing net _150_
Nets remaining: 132
Keeping route for net _151_
Keeping route for net _17_
Finished routing net _152_
Nets remaining: 129
Finished routing net _155_
Nets remaining: 128
Finished routing net _156_
Nets remaining: 127
Finished routing net _18_
Nets remaining: 126
Finished routing net _157_
Nets remaining: 125
Finished routing net _158_
Nets remaining: 124
Finished routing net _159_
Nets remaining: 123
Finished routing net _161_
Nets remaining: 122
Finished routing net _164_
Nets remaining: 121
Finished routing net _165_
Nets remaining: 120
Keeping route for net _19_
Finished routing net _166_
Nets remaining: 118
Finished routing net _168_
Nets remaining: 117
Finished routing net _170_
Nets remaining: 116
Finished routing net _172_
Nets remaining: 115
Finished routing net _174_
Nets remaining: 114
Finished routing net _175_
Nets remaining: 113
Keeping route for net _176_
Finished routing net _177_
Nets remaining: 111
Finished routing net _178_
Nets remaining: 110
Finished routing net _20_
Nets remaining: 109
Keeping route for net _179_
Finished routing net _21_
Nets remaining: 107
Finished routing net _180_
Nets remaining: 106
Finished routing net _181_
Nets remaining: 105
Finished routing net _182_
Nets remaining: 104
Keeping route for net _22_
Keeping route for net _185_
Finished routing net _187_
Nets remaining: 101
Finished routing net _188_
Nets remaining: 100
Finished routing net _23_
Nets remaining: 99
Finished routing net _190_
Nets remaining: 98
Finished routing net _191_
Nets remaining: 97
Finished routing net _192_
Nets remaining: 96
Finished routing net _24_
Nets remaining: 95
Keeping route for net _196_
Finished routing net _198_
Nets remaining: 93
Finished routing net _199_
Nets remaining: 92
Keeping route for net _25_
Finished routing net _201_
Nets remaining: 90
Finished routing net _202_
Nets remaining: 89
Keeping route for net _26_
Finished routing net _205_
Nets remaining: 87
Keeping route for net _208_
Finished routing net _209_
Nets remaining: 85
Keeping route for net _27_
Finished routing net _210_
Nets remaining: 83
Finished routing net _211_
Nets remaining: 82
Finished routing net _212_
Nets remaining: 81
Finished routing net _213_
Nets remaining: 80
Finished routing net _214_
Nets remaining: 79
Finished routing net _215_
Nets remaining: 78
Finished routing net _28_
Nets remaining: 77
Finished routing net _218_
Nets remaining: 76
Finished routing net _220_
Nets remaining: 75
Finished routing net _221_
Nets remaining: 74
Keeping route for net _222_
Keeping route for net _223_
Keeping route for net _29_
Finished routing net _226_
Nets remaining: 70
Finished routing net _227_
Nets remaining: 69
Keeping route for net _30_
Finished routing net _228_
Nets remaining: 67
Finished routing net _229_
Nets remaining: 66
Finished routing net _231_
Nets remaining: 65
Finished routing net _234_
Nets remaining: 64
Finished routing net _235_
Nets remaining: 63
Keeping route for net _31_
Finished routing net _236_
Nets remaining: 61
Finished routing net _238_
Nets remaining: 60
Finished routing net _239_
Nets remaining: 59
Keeping route for net _241_
Finished routing net _243_
Nets remaining: 57
Finished routing net _244_
Nets remaining: 56
Finished routing net _245_
Nets remaining: 55
Finished routing net _246_
Nets remaining: 54
Finished routing net _247_
Nets remaining: 53
Finished routing net _32_
Nets remaining: 52
Finished routing net _248_
Nets remaining: 51
Finished routing net _250_
Nets remaining: 50
Keeping route for net _252_
Keeping route for net _33_
Keeping route for net _253_
Keeping route for net _34_
Finished routing net _256_
Nets remaining: 45
Finished routing net _35_
Nets remaining: 44
Keeping route for net _258_
Finished routing net _36_
Nets remaining: 42
Finished routing net _259_
Nets remaining: 41
Keeping route for net _37_
Keeping route for net _260_
Finished routing net _38_
Nets remaining: 38
Keeping route for net _261_
Keeping route for net _39_
Keeping route for net _262_
Finished routing net _40_
Nets remaining: 34
Keeping route for net _263_
Finished routing net _41_
Nets remaining: 32
Keeping route for net _264_
Finished routing net _42_
Nets remaining: 30
Finished routing net _265_
Nets remaining: 29
Finished routing net _43_
Nets remaining: 28
Keeping route for net _266_
Finished routing net _44_
Nets remaining: 26
Finished routing net _267_
Nets remaining: 25
Keeping route for net _45_
Keeping route for net _268_
Finished routing net _46_
Nets remaining: 22
Keeping route for net _269_
Finished routing net _47_
Nets remaining: 20
Keeping route for net _270_
Finished routing net _48_
Nets remaining: 18
Finished routing net _271_
Nets remaining: 17
Finished routing net _0_
Nets remaining: 16
Finished routing net Rdy
Nets remaining: 15
Keeping route for net Dout[0]
Finished routing net Dout[1]
Nets remaining: 13
Keeping route for net Dout[10]
Finished routing net Dout[11]
Nets remaining: 11
Finished routing net Dout[2]
Nets remaining: 10
Finished routing net Dout[3]
Nets remaining: 9
Keeping route for net Dout[4]
Finished routing net Dout[5]
Nets remaining: 7
Keeping route for net Dout[6]
Finished routing net Dout[7]
Nets remaining: 5
Keeping route for net Dout[8]
Finished routing net Dout[9]
Nets remaining: 3
Keeping route for net Vld

----------------------------------------------
Progress: Stage 3 total routes completed: 2289
No failed routes!
----------------------------------------------
*** Writing DEF file output_terminal_route.def
emit_routes():  DEF file has 388 nets and 4 specialnets.
but qrouter wants to write 390 nets and specialnets.
----------------------------------------------
Final: No failed routes!
----------------------------------------------
*** Writing RC file output_terminal_route.rc
DEF2Verilog -v /home/ji/ETRI-0.5um-CMOS-MPW-Std-Cell-DK/design/MyChip/2025_1st/NCO/2_Splited_IO/2_3_Output_Terminal/synthesis/output_terminal.rtlnopwr.v -o /home/ji/ETRI-0.5um-CMOS-MPW-Std-Cell-DK/design/MyChip/2025_1st/NCO/2_Splited_IO/2_3_Output_Terminal/synthesis/output_terminal_postroute.v
-p vdd -g gnd  -l  /usr/local/share/qflow/tech/etri050/etri050_stdcells.lef output_terminal_route.def

Generating RTL verilog and SPICE netlist file in directory
   /home/ji/ETRI-0.5um-CMOS-MPW-Std-Cell-DK/design/MyChip/2025_1st/NCO/2_Splited_IO/2_3_Output_Terminal/synthesis
Running vlog2Verilog.
vlog2Verilog -c -v vdd -g gnd -o output_terminal.rtl.anno.v output_terminal_postroute.v
vlog2Verilog -c -p -v vdd -g gnd -o output_terminal.rtlnopwr.anno.v output_terminal_postroute.v
/usr/local/share/qflow/bin/vlog2Verilog -c -b -p -n -v vdd -g gnd -o output_terminal.rtlbb.anno.v output_terminal_postroute.v
Running vlog2Spice.
vlog2Spice -i -l  /usr/local/share/qflow/tech/etri050/etri050_stdcells.sp -o output_terminal.anno.spc output_terminal.rtl.anno.v
Warning:  No SPICE subcircuit for FILL.  Pin order will be arbitrary.
Router script ended on Fri Feb 28 07:35:39 KST 2025
