Starting new log file Fri May 16 21:09:08 2025

LEF Read, Line 113: NOTE:  Old format VIARULE ignored.
--------------------------------
LEF Read, Line 114: NOTE:  Old format VIARULE ignored.
Qflow project setup
LEF Read, Line 118: NOTE:  Old format VIARULE ignored.
--------------------------------
LEF Read, Line 119: NOTE:  Old format VIARULE ignored.

LEF Read, Line 130: NOTE:  Old format VIARULE ignored.
Technology set to etri050 from existing qflow_vars.sh file
LEF Read, Line 131: NOTE:  Old format VIARULE ignored.
Regenerating files for existing project phase_accumulator
LEF Read, Line 135: NOTE:  Old format VIARULE ignored.
Qrouter detail maze router version 1.4.88.T
LEF Read, Line 136: NOTE:  Old format VIARULE ignored.
Reading LEF data from file /usr/local/share/qflow/tech/etri050/etri050_stdcells.lef.
LEF file:  Defines site corner (ignored)
LEF file:  Defines site IO (ignored)
LEF file:  Defines site core (ignored)
LEF read: Processed 3266 lines.
LEF Read: encountered 0 errors and 8 warnings total.
Running vlog2Cel to generate input files for graywolf
vlog2Cel  -l  /usr/local/share/qflow/tech/etri050/etri050_stdcells.lef -u 100 -o /home/ji/ETRI-0.5um-CMOS-MPW-Std-Cell-DK/design/MyChip/2025_1st/DDFS/2_Splited_IO/2_1_Phase_Acc/layout/phase_accumulator.cel /home/ji/ETRI-0.5um-CMOS-MPW-Std-Cell-DK/design/MyChip/2025_1st/DDFS/2_Splited_IO/2_1_Phase_Acc/synthesis/phase_accumulator.rtlnopwr.v
No phase_accumulator.cel1 file found for project. . . no partial blockages to apply to layout.
No phase_accumulator.cel2 file found for project. . . continuing without pin placement hints
Running GrayWolf placement
graywolf  phase_accumulator

--------------------------------
Qflow project setup
--------------------------------

Technology set to etri050 from existing qflow_vars.sh file
Regenerating files for existing project phase_accumulator
Running qrouter 1.4.88.T
qrouter -noc  -s phase_accumulator.cfg

--------------------------------
Qflow project setup
--------------------------------

Technology set to etri050 from existing qflow_vars.sh file
Regenerating files for existing project phase_accumulator
Running magic 8.3.518
magic -dnull -noconsole  migrate_phase_accumulator.tcl

Magic 8.3 revision 518 - Compiled on Tue Feb 11 21:58:00 KST 2025.
Starting magic under Tcl interpreter
Using the terminal as the console.
Using NULL graphics device.
Processing system .magicrc file
Input style lambda=0.30(p): scaleFactor=30, multiplier=1
Contact size value ignored (using GDS generation rules).
Contact size value ignored (using GDS generation rules).
Contact size value ignored (using GDS generation rules).
Contact size value ignored (using GDS generation rules).
Contact size value ignored (using GDS generation rules).
Contact size value ignored (using GDS generation rules).
The following types are not handled by extraction and will be treated as non-electrical types:
n_field_implant p_field_implant nselect pselect glass filln filla fillb xp m1p m2p m3p comment bb
2 Magic internal units = 1 Lambda
Loading "migrate_phase_accumulator.tcl" from command line.
Root cell box:
width x height  (   llx,  lly  ), (   urx,  ury  )

microns:   0.000 x 0.000   ( 0.000,  0.000), ( 0.000,  0.000)
lambda:     0.00 x 0.00    (  0.00,  0.00 ), (  0.00,  0.00 )
internal:      0 x 0       (     0,  0    ), (     0,  0    )
Reading LEF data from file /usr/local/share/qflow/tech/etri050/etri050_stdcells.lef.
This action cannot be undone.
LEF read: Processed 3266 lines.
Reading DEF data from file phase_accumulator.def.
This action cannot be undone.
DEF read, Line 13 (Error): END statement out of context.
Processed 399 subcell instances total.
Processed 28 pins total.
Processed 399 nets total.
Processed 2 special nets total.
DEF read: Processed 4330 lines.
DEF Read: encountered 1 error total.
Generating LEF output phase_accumulator.lef for cell phase_accumulator:
Diagnostic:  Write LEF header for cell phase_accumulator
Diagnostic:  Writing LEF output for cell phase_accumulator
Diagnostic:  Scale value is 0.150000
Extracting NAND2X1 into NAND2X1.ext:
Extracting INVX1 into INVX1.ext:
Extracting NOR2X1 into NOR2X1.ext:
Extracting AOI21X1 into AOI21X1.ext:
Extracting AND2X2 into AND2X2.ext:
Extracting NAND3X1 into NAND3X1.ext:
Extracting OR2X2 into OR2X2.ext:
Extracting OAI21X1 into OAI21X1.ext:
Extracting BUFX2 into BUFX2.ext:
Extracting DFFPOSX1 into DFFPOSX1.ext:
Extracting FILL into FILL.ext:
Extracting CLKBUF1 into CLKBUF1.ext:
Extracting AOI22X1 into AOI22X1.ext:
Extracting INVX2 into INVX2.ext:
Extracting INVX8 into INVX8.ext:
Extracting phase_accumulator into phase_accumulator.ext:
Errors in synthesis flow, qflow status = 1
