Qflow route logfile created on Thu Feb 27 20:01:46 KST 2025
qrouter -noc  -s phase_accumulator.cfg
Qrouter detail maze router version 1.4.88.T
Reading LEF data from file /usr/local/share/qflow/tech/etri050/etri050_stdcells.lef.
LEF Read, Line 113: NOTE:  Old format VIARULE ignored.
LEF Read, Line 114: NOTE:  Old format VIARULE ignored.
LEF Read, Line 118: NOTE:  Old format VIARULE ignored.
LEF Read, Line 119: NOTE:  Old format VIARULE ignored.
LEF Read, Line 130: NOTE:  Old format VIARULE ignored.
LEF Read, Line 131: NOTE:  Old format VIARULE ignored.
LEF Read, Line 135: NOTE:  Old format VIARULE ignored.
LEF Read, Line 136: NOTE:  Old format VIARULE ignored.
LEF file:  Defines site corner (ignored)
LEF file:  Defines site IO (ignored)
LEF file:  Defines site core (ignored)
LEF read: Processed 3266 lines.
LEF Read: encountered 0 errors and 8 warnings total.
Reading DEF data from file phase_accumulator.def.
Diagnostic: Design name: "phase_accumulator"
  Processed 0 vias total.
  Processed 3477 subcell instances total.
  Processed 28 pins total.
  Processed 399 nets total (0 fixed).
  Processed 2 special nets total (4 fixed).
DEF read: Processed 5229 lines.
Output scale = microns / 100, precision 1
There are 401 nets in this design.
*** Running stage1 routing with defaults
Finished routing net _73__bF$buf4
Nets remaining: 400
Finished routing net En_bF$buf2
Nets remaining: 399
Finished routing net En_bF$buf3
Nets remaining: 398
Finished routing net En_bF$buf4
Nets remaining: 397
Finished routing net RdyCtl_6_bF$buf3
Nets remaining: 396
Finished routing net RdyCtl_6_bF$buf4
Nets remaining: 395
Finished routing net clk_bF$buf3
Nets remaining: 394
Finished routing net clk_bF$buf4
Nets remaining: 393
Finished routing net clk_bF$buf5
Nets remaining: 392
Finished routing net _73__bF$buf0
Nets remaining: 391
Finished routing net _73__bF$buf1
Nets remaining: 390
Finished routing net _73__bF$buf2
Nets remaining: 389
Finished routing net _73__bF$buf3
Nets remaining: 388
Finished routing net En_bF$buf0
Nets remaining: 387
Finished routing net En_bF$buf1
Nets remaining: 386
Finished routing net RdyCtl_6_bF$buf0
Nets remaining: 385
Finished routing net RdyCtl_6_bF$buf1
Nets remaining: 384
Finished routing net RdyCtl_6_bF$buf2
Nets remaining: 383
Finished routing net clk
Nets remaining: 382
Finished routing net clk_bF$buf0
Nets remaining: 381
Finished routing net clk_bF$buf1
Nets remaining: 380
Finished routing net clk_bF$buf2
Nets remaining: 379
Finished routing net _156_
Nets remaining: 378
Finished routing net _74_
Nets remaining: 377
Finished routing net _73_
Nets remaining: 376
Finished routing net En
Nets remaining: 375
Finished routing net RdyCtl[6]
Nets remaining: 374
Finished routing net _129_
Nets remaining: 373
Finished routing net _159_
Nets remaining: 372
Finished routing net acc_reg[9]
Nets remaining: 371
Finished routing net acc_reg[10]
Nets remaining: 370
Finished routing net acc_reg[13]
Nets remaining: 369
Finished routing net acc_reg[14]
Nets remaining: 368
Finished routing net acc_reg[18]
Nets remaining: 367
Finished routing net acc_reg[19]
Nets remaining: 366
Finished routing net RdyCtl[1]
Nets remaining: 365
Finished routing net RdyCtl[0]
Nets remaining: 364
Finished routing net _108_
Nets remaining: 363
Finished routing net acc_reg[7]
Nets remaining: 362
Finished routing net _111_
Nets remaining: 361
Finished routing net acc_reg[8]
Nets remaining: 360
Finished routing net _169_
Nets remaining: 359
Finished routing net _181_
Nets remaining: 358
Finished routing net acc_reg[11]
Nets remaining: 357
Finished routing net acc_reg[12]
Nets remaining: 356
Finished routing net _202_
Nets remaining: 355
Finished routing net _205_
Nets remaining: 354
Finished routing net _221_
Nets remaining: 353
Finished routing net acc_reg[15]
Nets remaining: 352
Finished routing net acc_reg[16]
Nets remaining: 351
Finished routing net _250_
Nets remaining: 350
Finished routing net acc_reg[17]
Nets remaining: 349
Finished routing net _268_
Nets remaining: 348
Finished routing net _276_
Nets remaining: 347
Finished routing net _40_
Nets remaining: 346
Finished routing net _44_
Nets remaining: 345
Finished routing net _89_
Nets remaining: 344
Finished routing net _112_
Nets remaining: 343
Finished routing net _119_
Nets remaining: 342
Finished routing net FCW[7]
Nets remaining: 341
Finished routing net _157_
Nets remaining: 340
Finished routing net FCW[9]
Nets remaining: 339
Finished routing net FCW[10]
Nets remaining: 338
Finished routing net _190_
Nets remaining: 337
Finished routing net _197_
Nets remaining: 336
Finished routing net _203_
Nets remaining: 335
Finished routing net FCW[13]
Nets remaining: 334
Finished routing net _213_
Nets remaining: 333
Finished routing net _217_
Nets remaining: 332
Finished routing net _220_
Nets remaining: 331
Finished routing net FCW[14]
Nets remaining: 330
Finished routing net _222_
Nets remaining: 329
Finished routing net _223_
Nets remaining: 328
Finished routing net _232_
Nets remaining: 327
Finished routing net _240_
Nets remaining: 326
Finished routing net _249_
Nets remaining: 325
Finished routing net _252_
Nets remaining: 324
Finished routing net _141_
Nets remaining: 323
Finished routing net _277_
Nets remaining: 322
Finished routing net RdyCtl[3]
Nets remaining: 321
Finished routing net _42_
Nets remaining: 320
Finished routing net _66_
Nets remaining: 319
Finished routing net _78_
Nets remaining: 318
Finished routing net acc_reg[1]
Nets remaining: 317
Finished routing net _81_
Nets remaining: 316
Finished routing net _88_
Nets remaining: 315
Finished routing net acc_reg[2]
Nets remaining: 314
Finished routing net _91_
Nets remaining: 313
Finished routing net _92_
Nets remaining: 312
Finished routing net acc_reg[3]
Nets remaining: 311
Finished routing net _97_
Nets remaining: 310
Finished routing net _98_
Nets remaining: 309
Finished routing net acc_reg[4]
Nets remaining: 308
Finished routing net acc_reg[5]
Nets remaining: 307
Finished routing net _117_
Nets remaining: 306
Finished routing net _118_
Nets remaining: 305
Finished routing net _128_
Nets remaining: 304
Finished routing net acc_reg[6]
Nets remaining: 303
Finished routing net _130_
Nets remaining: 302
Finished routing net _147_
Nets remaining: 301
Finished routing net _139_
Nets remaining: 300
Finished routing net _153_
Nets remaining: 299
Finished routing net _149_
Nets remaining: 298
Finished routing net FCW[8]
Nets remaining: 297
Finished routing net _164_
Nets remaining: 296
Finished routing net _165_
Nets remaining: 295
Finished routing net _175_
Nets remaining: 294
Finished routing net _178_
Nets remaining: 293
Finished routing net _179_
Nets remaining: 292
Finished routing net _182_
Nets remaining: 291
Finished routing net _187_
Nets remaining: 290
Finished routing net FCW[11]
Nets remaining: 289
Finished routing net _188_
Nets remaining: 288
Finished routing net _189_
Nets remaining: 287
Finished routing net _191_
Nets remaining: 286
Finished routing net _198_
Nets remaining: 285
Finished routing net _200_
Nets remaining: 284
Finished routing net _201_
Nets remaining: 283
Finished routing net FCW[12]
Nets remaining: 282
Finished routing net _210_
Nets remaining: 281
Finished routing net _211_
Nets remaining: 280
Finished routing net _219_
Nets remaining: 279
Finished routing net _224_
Nets remaining: 278
Finished routing net _228_
Nets remaining: 277
Finished routing net FCW[15]
Nets remaining: 276
Finished routing net _229_
Nets remaining: 275
Finished routing net _230_
Nets remaining: 274
Finished routing net _231_
Nets remaining: 273
Finished routing net _235_
Nets remaining: 272
Finished routing net _236_
Nets remaining: 271
Finished routing net _239_
Nets remaining: 270
Finished routing net _245_
Nets remaining: 269
Finished routing net _246_
Nets remaining: 268
Finished routing net FCW[16]
Nets remaining: 267
Finished routing net _251_
Nets remaining: 266
Finished routing net _131_
Nets remaining: 265
Finished routing net _254_
Nets remaining: 264
Finished routing net _127_
Nets remaining: 263
Finished routing net _126_
Nets remaining: 262
Finished routing net _107_
Nets remaining: 261
Finished routing net _261_
Nets remaining: 260
Finished routing net _265_
Nets remaining: 259
Finished routing net FCW[17]
Nets remaining: 258
Finished routing net _266_
Nets remaining: 257
Finished routing net _272_
Nets remaining: 256
Finished routing net _273_
Nets remaining: 255
Finished routing net _274_
Nets remaining: 254
Finished routing net FCW[18]
Nets remaining: 253
Finished routing net _68_
Nets remaining: 252
Finished routing net _278_
Nets remaining: 251
Finished routing net _282_
Nets remaining: 250
Finished routing net _0_
Nets remaining: 249
Finished routing net FCW[19]
Nets remaining: 248
Finished routing net _292_
Nets remaining: 247
Finished routing net Atmp[0]
Nets remaining: 246
Finished routing net Atmp[1]
Nets remaining: 245
Finished routing net _51_
Nets remaining: 244
Finished routing net _62_
Nets remaining: 243
Finished routing net _39_
Nets remaining: 242
Finished routing net _55_
Nets remaining: 241
Finished routing net _41_
Nets remaining: 240
Finished routing net _58_
Nets remaining: 239
Finished routing net _43_
Nets remaining: 238
Finished routing net _56_
Nets remaining: 237
Finished routing net Atmp[11]
Nets remaining: 236
Finished routing net RdyCtl[2]
Nets remaining: 235
Finished routing net _45_
Nets remaining: 234
Finished routing net _312_
Nets remaining: 233
Finished routing net acc_reg[0]
Nets remaining: 232
Finished routing net _75_
Nets remaining: 231
Finished routing net FCW[0]
Nets remaining: 230
Finished routing net _76_
Nets remaining: 229
Finished routing net FCW[1]
Nets remaining: 228
Finished routing net _79_
Nets remaining: 227
Finished routing net _80_
Nets remaining: 226
Finished routing net FCW[2]
Nets remaining: 225
Finished routing net FCW[3]
Nets remaining: 224
Finished routing net _99_
Nets remaining: 223
Finished routing net _104_
Nets remaining: 222
Finished routing net _106_
Nets remaining: 221
Finished routing net FCW[4]
Nets remaining: 220
Finished routing net _109_
Nets remaining: 219
Finished routing net _116_
Nets remaining: 218
Finished routing net FCW[5]
Nets remaining: 217
Finished routing net FCW[6]
Nets remaining: 216
Finished routing net _134_
Nets remaining: 215
Finished routing net _138_
Nets remaining: 214
Finished routing net _154_
Nets remaining: 213
Finished routing net _152_
Nets remaining: 212
Finished routing net _155_
Nets remaining: 211
Finished routing net _150_
Nets remaining: 210
Finished routing net _158_
Nets remaining: 209
Finished routing net _160_
Nets remaining: 208
Finished routing net _161_
Nets remaining: 207
Finished routing net _162_
Nets remaining: 206
Finished routing net _163_
Nets remaining: 205
Finished routing net _15_
Nets remaining: 204
Finished routing net _166_
Nets remaining: 203
Finished routing net _167_
Nets remaining: 202
Finished routing net _168_
Nets remaining: 201
Finished routing net _170_
Nets remaining: 200
Finished routing net _171_
Nets remaining: 199
Finished routing net _172_
Nets remaining: 198
Finished routing net _173_
Nets remaining: 197
Finished routing net _16_
Nets remaining: 196
Finished routing net _174_
Nets remaining: 195
Finished routing net _176_
Nets remaining: 194
Finished routing net _177_
Nets remaining: 193
Finished routing net _180_
Nets remaining: 192
Finished routing net _183_
Nets remaining: 191
Finished routing net _184_
Nets remaining: 190
Finished routing net _185_
Nets remaining: 189
Finished routing net _17_
Nets remaining: 188
Finished routing net _186_
Nets remaining: 187
Finished routing net _192_
Nets remaining: 186
Finished routing net _193_
Nets remaining: 185
Finished routing net _194_
Nets remaining: 184
Finished routing net _18_
Nets remaining: 183
Finished routing net _195_
Nets remaining: 182
Finished routing net _196_
Nets remaining: 181
Finished routing net _199_
Nets remaining: 180
Finished routing net _204_
Nets remaining: 179
Finished routing net _206_
Nets remaining: 178
Finished routing net _207_
Nets remaining: 177
Finished routing net _208_
Nets remaining: 176
Finished routing net _19_
Nets remaining: 175
Finished routing net _209_
Nets remaining: 174
Finished routing net _212_
Nets remaining: 173
Finished routing net _214_
Nets remaining: 172
Finished routing net _215_
Nets remaining: 171
Finished routing net _216_
Nets remaining: 170
Finished routing net _20_
Nets remaining: 169
Finished routing net _218_
Nets remaining: 168
Finished routing net _225_
Nets remaining: 167
Finished routing net _226_
Nets remaining: 166
Finished routing net _227_
Nets remaining: 165
Finished routing net _21_
Nets remaining: 164
Finished routing net _233_
Nets remaining: 163
Finished routing net _234_
Nets remaining: 162
Finished routing net _237_
Nets remaining: 161
Finished routing net _238_
Nets remaining: 160
Finished routing net _22_
Nets remaining: 159
Finished routing net _241_
Nets remaining: 158
Finished routing net _242_
Nets remaining: 157
Finished routing net _243_
Nets remaining: 156
Finished routing net _244_
Nets remaining: 155
Finished routing net _247_
Nets remaining: 154
Finished routing net _248_
Nets remaining: 153
Finished routing net _253_
Nets remaining: 152
Finished routing net _255_
Nets remaining: 151
Finished routing net _256_
Nets remaining: 150
Finished routing net _257_
Nets remaining: 149
Finished routing net _258_
Nets remaining: 148
Finished routing net _259_
Nets remaining: 147
Finished routing net _260_
Nets remaining: 146
Finished routing net _262_
Nets remaining: 145
Finished routing net _263_
Nets remaining: 144
Finished routing net _264_
Nets remaining: 143
Finished routing net _23_
Nets remaining: 142
Finished routing net _267_
Nets remaining: 141
Finished routing net _269_
Nets remaining: 140
Finished routing net _270_
Nets remaining: 139
Finished routing net _271_
Nets remaining: 138
Finished routing net _24_
Nets remaining: 137
Finished routing net _275_
Nets remaining: 136
Finished routing net _279_
Nets remaining: 135
Finished routing net _280_
Nets remaining: 134
Finished routing net _281_
Nets remaining: 133
Finished routing net _283_
Nets remaining: 132
Finished routing net _284_
Nets remaining: 131
Failed to route net _285_
Finished routing net _25_
Nets remaining: 130
Finished routing net _286_
Nets remaining: 129
Finished routing net _287_
Nets remaining: 128
Finished routing net _288_
Nets remaining: 127
Finished routing net _289_
Nets remaining: 126
Finished routing net _290_
Nets remaining: 125
Finished routing net _291_
Nets remaining: 124
Finished routing net _293_
Nets remaining: 123
Finished routing net _294_
Nets remaining: 122
Finished routing net _295_
Nets remaining: 121
Finished routing net _296_
Nets remaining: 120
Finished routing net _26_
Nets remaining: 119
Finished routing net _297_
Nets remaining: 118
Finished routing net _298_
Nets remaining: 117
Finished routing net _27_
Nets remaining: 116
Finished routing net _299_
Nets remaining: 115
Finished routing net _300_
Nets remaining: 114
Finished routing net _28_
Nets remaining: 113
Finished routing net _301_
Nets remaining: 112
Finished routing net _29_
Nets remaining: 111
Finished routing net _302_
Nets remaining: 110
Finished routing net _30_
Nets remaining: 109
Finished routing net _303_
Nets remaining: 108
Finished routing net _31_
Nets remaining: 107
Finished routing net _304_
Nets remaining: 106
Finished routing net _32_
Nets remaining: 105
Finished routing net _305_
Nets remaining: 104
Finished routing net _33_
Nets remaining: 103
Finished routing net _306_
Nets remaining: 102
Finished routing net _34_
Nets remaining: 101
Finished routing net _307_
Nets remaining: 100
Finished routing net _35_
Nets remaining: 99
Finished routing net _308_
Nets remaining: 98
Finished routing net _36_
Nets remaining: 97
Finished routing net _309_
Nets remaining: 96
Finished routing net _310_
Nets remaining: 95
Finished routing net _37_
Nets remaining: 94
Finished routing net Atmp[4]
Nets remaining: 93
Finished routing net Atmp[6]
Nets remaining: 92
Finished routing net Atmp[8]
Nets remaining: 91
Finished routing net RdyCtl[4]
Nets remaining: 90
Finished routing net _46_
Nets remaining: 89
Finished routing net _47_
Nets remaining: 88
Finished routing net _48_
Nets remaining: 87
Finished routing net _49_
Nets remaining: 86
Finished routing net _50_
Nets remaining: 85
Finished routing net Atmp[2]
Nets remaining: 84
Finished routing net _52_
Nets remaining: 83
Finished routing net _53_
Nets remaining: 82
Finished routing net _54_
Nets remaining: 81
Finished routing net _311_[0]
Nets remaining: 80
Finished routing net Atmp[5]
Nets remaining: 79
Finished routing net Atmp[9]
Nets remaining: 78
Finished routing net _57_
Nets remaining: 77
Finished routing net Atmp[7]
Nets remaining: 76
Finished routing net _59_
Nets remaining: 75
Finished routing net _60_
Nets remaining: 74
Finished routing net _61_
Nets remaining: 73
Finished routing net Atmp[3]
Nets remaining: 72
Finished routing net _63_
Nets remaining: 71
Finished routing net _64_
Nets remaining: 70
Finished routing net _65_
Nets remaining: 69
Finished routing net _311_[1]
Nets remaining: 68
Finished routing net RdyCtl[5]
Nets remaining: 67
Finished routing net _67_
Nets remaining: 66
Finished routing net _69_
Nets remaining: 65
Finished routing net _70_
Nets remaining: 64
Finished routing net _71_
Nets remaining: 63
Failed to route net _72_
Finished routing net _38_
Nets remaining: 62
Finished routing net _1_
Nets remaining: 61
Finished routing net _2_
Nets remaining: 60
Finished routing net _3_
Nets remaining: 59
Finished routing net _4_
Nets remaining: 58
Finished routing net _5_
Nets remaining: 57
Finished routing net _6_
Nets remaining: 56
Finished routing net _77_
Nets remaining: 55
Finished routing net _7_
Nets remaining: 54
Finished routing net _82_
Nets remaining: 53
Finished routing net _83_
Nets remaining: 52
Finished routing net _84_
Nets remaining: 51
Finished routing net _85_
Nets remaining: 50
Finished routing net _86_
Nets remaining: 49
Finished routing net _87_
Nets remaining: 48
Finished routing net _8_
Nets remaining: 47
Finished routing net _90_
Nets remaining: 46
Finished routing net _93_
Nets remaining: 45
Finished routing net _94_
Nets remaining: 44
Finished routing net _95_
Nets remaining: 43
Finished routing net _9_
Nets remaining: 42
Finished routing net _96_
Nets remaining: 41
Finished routing net _100_
Nets remaining: 40
Finished routing net _101_
Nets remaining: 39
Finished routing net _102_
Nets remaining: 38
Finished routing net _103_
Nets remaining: 37
Finished routing net _10_
Nets remaining: 36
Finished routing net _105_
Nets remaining: 35
Finished routing net _110_
Nets remaining: 34
Finished routing net _113_
Nets remaining: 33
Finished routing net _114_
Nets remaining: 32
Finished routing net _115_
Nets remaining: 31
Finished routing net _11_
Nets remaining: 30
Finished routing net _120_
Nets remaining: 29
Finished routing net _121_
Nets remaining: 28
Finished routing net _122_
Nets remaining: 27
Finished routing net _123_
Nets remaining: 26
Finished routing net _12_
Nets remaining: 25
Finished routing net _124_
Nets remaining: 24
Finished routing net _125_
Nets remaining: 23
Finished routing net _132_
Nets remaining: 22
Finished routing net _133_
Nets remaining: 21
Finished routing net _135_
Nets remaining: 20
Finished routing net _136_
Nets remaining: 19
Finished routing net _137_
Nets remaining: 18
Finished routing net _13_
Nets remaining: 17
Finished routing net _140_
Nets remaining: 16
Finished routing net _142_
Nets remaining: 15
Finished routing net _143_
Nets remaining: 14
Finished routing net _144_
Nets remaining: 13
Finished routing net _14_
Nets remaining: 12
Finished routing net _145_
Nets remaining: 11
Finished routing net _146_
Nets remaining: 10
Finished routing net _148_
Nets remaining: 9
Finished routing net _151_
Nets remaining: 8
Finished routing net Aout[0]
Nets remaining: 7
Finished routing net Aout[1]
Nets remaining: 6
Finished routing net ISout
Nets remaining: 5
Finished routing net Vld
Nets remaining: 4

----------------------------------------------
Progress: Stage 1 total routes completed: 815
Failed net routes: 2
----------------------------------------------
*** Running stage2 routing with options mask 10, effort 10
Nets remaining: 2
Best route of _72_ collides with net: _66_ 
Ripping up blocking net _66_
Nets remaining: 2
Best route of _285_ collides with net: _74_ 
Ripping up blocking net _74_
Nets remaining: 2
Nets remaining: 1

----------------------------------------------
Progress: Stage 2 total routes completed: 826
No failed routes!
----------------------------------------------
*** Running stage3 routing with defaults, 1st round
Finished routing net _73__bF$buf4
Nets remaining: 400
Finished routing net En_bF$buf2
Nets remaining: 399
Finished routing net En_bF$buf3
Nets remaining: 398
Finished routing net En_bF$buf4
Nets remaining: 397
Finished routing net RdyCtl_6_bF$buf3
Nets remaining: 396
Finished routing net RdyCtl_6_bF$buf4
Nets remaining: 395
Finished routing net clk_bF$buf3
Nets remaining: 394
Finished routing net clk_bF$buf4
Nets remaining: 393
Finished routing net clk_bF$buf5
Nets remaining: 392
Finished routing net _73__bF$buf0
Nets remaining: 391
Finished routing net _73__bF$buf1
Nets remaining: 390
Finished routing net _73__bF$buf2
Nets remaining: 389
Finished routing net _73__bF$buf3
Nets remaining: 388
Finished routing net En_bF$buf0
Nets remaining: 387
Finished routing net En_bF$buf1
Nets remaining: 386
Finished routing net RdyCtl_6_bF$buf0
Nets remaining: 385
Finished routing net RdyCtl_6_bF$buf1
Nets remaining: 384
Finished routing net RdyCtl_6_bF$buf2
Nets remaining: 383
Finished routing net clk
Nets remaining: 382
Finished routing net clk_bF$buf0
Nets remaining: 381
Finished routing net clk_bF$buf1
Nets remaining: 380
Finished routing net clk_bF$buf2
Nets remaining: 379
Finished routing net _156_
Nets remaining: 378
Finished routing net _74_
Nets remaining: 377
Finished routing net _73_
Nets remaining: 376
Finished routing net En
Nets remaining: 375
Finished routing net RdyCtl[6]
Nets remaining: 374
Finished routing net _129_
Nets remaining: 373
Finished routing net _159_
Nets remaining: 372
Finished routing net acc_reg[9]
Nets remaining: 371
Finished routing net acc_reg[10]
Nets remaining: 370
Finished routing net acc_reg[13]
Nets remaining: 369
Finished routing net acc_reg[14]
Nets remaining: 368
Finished routing net acc_reg[18]
Nets remaining: 367
Finished routing net acc_reg[19]
Nets remaining: 366
Finished routing net RdyCtl[1]
Nets remaining: 365
Finished routing net RdyCtl[0]
Nets remaining: 364
Finished routing net _108_
Nets remaining: 363
Finished routing net acc_reg[7]
Nets remaining: 362
Finished routing net _111_
Nets remaining: 361
Finished routing net acc_reg[8]
Nets remaining: 360
Finished routing net _169_
Nets remaining: 359
Finished routing net _181_
Nets remaining: 358
Finished routing net acc_reg[11]
Nets remaining: 357
Finished routing net acc_reg[12]
Nets remaining: 356
Finished routing net _202_
Nets remaining: 355
Finished routing net _205_
Nets remaining: 354
Finished routing net _221_
Nets remaining: 353
Finished routing net acc_reg[15]
Nets remaining: 352
Finished routing net acc_reg[16]
Nets remaining: 351
Finished routing net _250_
Nets remaining: 350
Finished routing net acc_reg[17]
Nets remaining: 349
Finished routing net _268_
Nets remaining: 348
Finished routing net _276_
Nets remaining: 347
Finished routing net _40_
Nets remaining: 346
Finished routing net _44_
Nets remaining: 345
Finished routing net _89_
Nets remaining: 344
Finished routing net _112_
Nets remaining: 343
Finished routing net _119_
Nets remaining: 342
Finished routing net FCW[7]
Nets remaining: 341
Finished routing net _157_
Nets remaining: 340
Finished routing net FCW[9]
Nets remaining: 339
Finished routing net FCW[10]
Nets remaining: 338
Finished routing net _190_
Nets remaining: 337
Finished routing net _197_
Nets remaining: 336
Finished routing net _203_
Nets remaining: 335
Finished routing net FCW[13]
Nets remaining: 334
Finished routing net _213_
Nets remaining: 333
Finished routing net _217_
Nets remaining: 332
Finished routing net _220_
Nets remaining: 331
Finished routing net FCW[14]
Nets remaining: 330
Finished routing net _222_
Nets remaining: 329
Finished routing net _223_
Nets remaining: 328
Finished routing net _232_
Nets remaining: 327
Finished routing net _240_
Nets remaining: 326
Finished routing net _249_
Nets remaining: 325
Finished routing net _252_
Nets remaining: 324
Finished routing net _141_
Nets remaining: 323
Finished routing net _277_
Nets remaining: 322
Finished routing net RdyCtl[3]
Nets remaining: 321
Finished routing net _42_
Nets remaining: 320
Finished routing net _66_
Nets remaining: 319
Finished routing net _78_
Nets remaining: 318
Finished routing net acc_reg[1]
Nets remaining: 317
Finished routing net _81_
Nets remaining: 316
Finished routing net _88_
Nets remaining: 315
Finished routing net acc_reg[2]
Nets remaining: 314
Finished routing net _91_
Nets remaining: 313
Finished routing net _92_
Nets remaining: 312
Finished routing net acc_reg[3]
Nets remaining: 311
Finished routing net _97_
Nets remaining: 310
Finished routing net _98_
Nets remaining: 309
Finished routing net acc_reg[4]
Nets remaining: 308
Finished routing net acc_reg[5]
Nets remaining: 307
Keeping route for net _117_
Finished routing net _118_
Nets remaining: 305
Finished routing net _128_
Nets remaining: 304
Finished routing net acc_reg[6]
Nets remaining: 303
Finished routing net _130_
Nets remaining: 302
Finished routing net _147_
Nets remaining: 301
Finished routing net _139_
Nets remaining: 300
Finished routing net _153_
Nets remaining: 299
Finished routing net _149_
Nets remaining: 298
Finished routing net FCW[8]
Nets remaining: 297
Finished routing net _164_
Nets remaining: 296
Finished routing net _165_
Nets remaining: 295
Finished routing net _175_
Nets remaining: 294
Finished routing net _178_
Nets remaining: 293
Finished routing net _179_
Nets remaining: 292
Finished routing net _182_
Nets remaining: 291
Finished routing net _187_
Nets remaining: 290
Finished routing net FCW[11]
Nets remaining: 289
Finished routing net _188_
Nets remaining: 288
Finished routing net _189_
Nets remaining: 287
Finished routing net _191_
Nets remaining: 286
Finished routing net _198_
Nets remaining: 285
Finished routing net _200_
Nets remaining: 284
Finished routing net _201_
Nets remaining: 283
Finished routing net FCW[12]
Nets remaining: 282
Finished routing net _210_
Nets remaining: 281
Finished routing net _211_
Nets remaining: 280
Finished routing net _219_
Nets remaining: 279
Finished routing net _224_
Nets remaining: 278
Finished routing net _228_
Nets remaining: 277
Finished routing net FCW[15]
Nets remaining: 276
Finished routing net _229_
Nets remaining: 275
Finished routing net _230_
Nets remaining: 274
Finished routing net _231_
Nets remaining: 273
Finished routing net _235_
Nets remaining: 272
Finished routing net _236_
Nets remaining: 271
Finished routing net _239_
Nets remaining: 270
Finished routing net _245_
Nets remaining: 269
Finished routing net _246_
Nets remaining: 268
Keeping route for net FCW[16]
Finished routing net _251_
Nets remaining: 266
Finished routing net _131_
Nets remaining: 265
Finished routing net _254_
Nets remaining: 264
Finished routing net _127_
Nets remaining: 263
Finished routing net _126_
Nets remaining: 262
Finished routing net _107_
Nets remaining: 261
Finished routing net _261_
Nets remaining: 260
Keeping route for net _265_
Finished routing net FCW[17]
Nets remaining: 258
Finished routing net _266_
Nets remaining: 257
Finished routing net _272_
Nets remaining: 256
Finished routing net _273_
Nets remaining: 255
Finished routing net _274_
Nets remaining: 254
Finished routing net FCW[18]
Nets remaining: 253
Finished routing net _68_
Nets remaining: 252
Finished routing net _278_
Nets remaining: 251
Finished routing net _282_
Nets remaining: 250
Finished routing net _0_
Nets remaining: 249
Finished routing net FCW[19]
Nets remaining: 248
Finished routing net _292_
Nets remaining: 247
Finished routing net Atmp[0]
Nets remaining: 246
Finished routing net Atmp[1]
Nets remaining: 245
Finished routing net _51_
Nets remaining: 244
Finished routing net _62_
Nets remaining: 243
Finished routing net _39_
Nets remaining: 242
Finished routing net _55_
Nets remaining: 241
Finished routing net _41_
Nets remaining: 240
Finished routing net _58_
Nets remaining: 239
Finished routing net _43_
Nets remaining: 238
Finished routing net _56_
Nets remaining: 237
Finished routing net Atmp[11]
Nets remaining: 236
Finished routing net RdyCtl[2]
Nets remaining: 235
Finished routing net _45_
Nets remaining: 234
Finished routing net _312_
Nets remaining: 233
Finished routing net acc_reg[0]
Nets remaining: 232
Finished routing net _75_
Nets remaining: 231
Finished routing net FCW[0]
Nets remaining: 230
Finished routing net _76_
Nets remaining: 229
Finished routing net FCW[1]
Nets remaining: 228
Finished routing net _79_
Nets remaining: 227
Finished routing net _80_
Nets remaining: 226
Finished routing net FCW[2]
Nets remaining: 225
Finished routing net FCW[3]
Nets remaining: 224
Finished routing net _99_
Nets remaining: 223
Finished routing net _104_
Nets remaining: 222
Finished routing net _106_
Nets remaining: 221
Finished routing net FCW[4]
Nets remaining: 220
Finished routing net _109_
Nets remaining: 219
Finished routing net _116_
Nets remaining: 218
Finished routing net FCW[5]
Nets remaining: 217
Finished routing net FCW[6]
Nets remaining: 216
Finished routing net _134_
Nets remaining: 215
Finished routing net _138_
Nets remaining: 214
Keeping route for net _154_
Finished routing net _152_
Nets remaining: 212
Finished routing net _155_
Nets remaining: 211
Finished routing net _150_
Nets remaining: 210
Finished routing net _158_
Nets remaining: 209
Finished routing net _160_
Nets remaining: 208
Finished routing net _161_
Nets remaining: 207
Keeping route for net _162_
Finished routing net _163_
Nets remaining: 205
Finished routing net _15_
Nets remaining: 204
Finished routing net _166_
Nets remaining: 203
Finished routing net _167_
Nets remaining: 202
Finished routing net _168_
Nets remaining: 201
Finished routing net _170_
Nets remaining: 200
Finished routing net _171_
Nets remaining: 199
Finished routing net _172_
Nets remaining: 198
Finished routing net _173_
Nets remaining: 197
Keeping route for net _16_
Finished routing net _174_
Nets remaining: 195
Keeping route for net _176_
Finished routing net _177_
Nets remaining: 193
Finished routing net _180_
Nets remaining: 192
Finished routing net _183_
Nets remaining: 191
Finished routing net _184_
Nets remaining: 190
Finished routing net _185_
Nets remaining: 189
Finished routing net _17_
Nets remaining: 188
Finished routing net _186_
Nets remaining: 187
Finished routing net _192_
Nets remaining: 186
Finished routing net _193_
Nets remaining: 185
Finished routing net _194_
Nets remaining: 184
Finished routing net _18_
Nets remaining: 183
Finished routing net _195_
Nets remaining: 182
Finished routing net _196_
Nets remaining: 181
Finished routing net _199_
Nets remaining: 180
Finished routing net _204_
Nets remaining: 179
Finished routing net _206_
Nets remaining: 178
Keeping route for net _207_
Finished routing net _208_
Nets remaining: 176
Finished routing net _19_
Nets remaining: 175
Finished routing net _209_
Nets remaining: 174
Finished routing net _212_
Nets remaining: 173
Finished routing net _214_
Nets remaining: 172
Finished routing net _215_
Nets remaining: 171
Finished routing net _216_
Nets remaining: 170
Keeping route for net _20_
Finished routing net _218_
Nets remaining: 168
Finished routing net _225_
Nets remaining: 167
Keeping route for net _226_
Finished routing net _227_
Nets remaining: 165
Keeping route for net _21_
Finished routing net _233_
Nets remaining: 163
Finished routing net _234_
Nets remaining: 162
Finished routing net _237_
Nets remaining: 161
Finished routing net _238_
Nets remaining: 160
Finished routing net _22_
Nets remaining: 159
Finished routing net _241_
Nets remaining: 158
Keeping route for net _242_
Finished routing net _243_
Nets remaining: 156
Finished routing net _244_
Nets remaining: 155
Finished routing net _247_
Nets remaining: 154
Finished routing net _248_
Nets remaining: 153
Finished routing net _253_
Nets remaining: 152
Finished routing net _255_
Nets remaining: 151
Finished routing net _256_
Nets remaining: 150
Finished routing net _257_
Nets remaining: 149
Finished routing net _258_
Nets remaining: 148
Finished routing net _259_
Nets remaining: 147
Finished routing net _260_
Nets remaining: 146
Finished routing net _262_
Nets remaining: 145
Finished routing net _263_
Nets remaining: 144
Finished routing net _264_
Nets remaining: 143
Finished routing net _23_
Nets remaining: 142
Keeping route for net _267_
Keeping route for net _269_
Finished routing net _270_
Nets remaining: 139
Finished routing net _271_
Nets remaining: 138
Finished routing net _24_
Nets remaining: 137
Keeping route for net _275_
Finished routing net _279_
Nets remaining: 135
Finished routing net _280_
Nets remaining: 134
Finished routing net _281_
Nets remaining: 133
Finished routing net _283_
Nets remaining: 132
Keeping route for net _284_
Finished routing net _285_
Nets remaining: 130
Finished routing net _25_
Nets remaining: 129
Finished routing net _286_
Nets remaining: 128
Finished routing net _287_
Nets remaining: 127
Finished routing net _288_
Nets remaining: 126
Finished routing net _289_
Nets remaining: 125
Finished routing net _290_
Nets remaining: 124
Finished routing net _291_
Nets remaining: 123
Finished routing net _293_
Nets remaining: 122
Finished routing net _294_
Nets remaining: 121
Finished routing net _295_
Nets remaining: 120
Keeping route for net _296_
Finished routing net _26_
Nets remaining: 118
Finished routing net _297_
Nets remaining: 117
Finished routing net _298_
Nets remaining: 116
Finished routing net _27_
Nets remaining: 115
Finished routing net _299_
Nets remaining: 114
Finished routing net _300_
Nets remaining: 113
Finished routing net _28_
Nets remaining: 112
Finished routing net _301_
Nets remaining: 111
Keeping route for net _29_
Finished routing net _302_
Nets remaining: 109
Finished routing net _30_
Nets remaining: 108
Finished routing net _303_
Nets remaining: 107
Finished routing net _31_
Nets remaining: 106
Finished routing net _304_
Nets remaining: 105
Finished routing net _32_
Nets remaining: 104
Finished routing net _305_
Nets remaining: 103
Finished routing net _33_
Nets remaining: 102
Finished routing net _306_
Nets remaining: 101
Finished routing net _34_
Nets remaining: 100
Finished routing net _307_
Nets remaining: 99
Finished routing net _35_
Nets remaining: 98
Finished routing net _308_
Nets remaining: 97
Finished routing net _36_
Nets remaining: 96
Finished routing net _309_
Nets remaining: 95
Finished routing net _310_
Nets remaining: 94
Finished routing net _37_
Nets remaining: 93
Finished routing net Atmp[4]
Nets remaining: 92
Finished routing net Atmp[6]
Nets remaining: 91
Finished routing net Atmp[8]
Nets remaining: 90
Finished routing net RdyCtl[4]
Nets remaining: 89
Finished routing net _46_
Nets remaining: 88
Finished routing net _47_
Nets remaining: 87
Finished routing net _48_
Nets remaining: 86
Keeping route for net _49_
Finished routing net _50_
Nets remaining: 84
Keeping route for net Atmp[2]
Finished routing net _52_
Nets remaining: 82
Finished routing net _53_
Nets remaining: 81
Finished routing net _54_
Nets remaining: 80
Keeping route for net _311_[0]
Finished routing net Atmp[5]
Nets remaining: 78
Finished routing net Atmp[9]
Nets remaining: 77
Finished routing net _57_
Nets remaining: 76
Finished routing net Atmp[7]
Nets remaining: 75
Finished routing net _59_
Nets remaining: 74
Finished routing net _60_
Nets remaining: 73
Finished routing net _61_
Nets remaining: 72
Finished routing net Atmp[3]
Nets remaining: 71
Finished routing net _63_
Nets remaining: 70
Finished routing net _64_
Nets remaining: 69
Finished routing net _65_
Nets remaining: 68
Finished routing net _311_[1]
Nets remaining: 67
Finished routing net RdyCtl[5]
Nets remaining: 66
Finished routing net _67_
Nets remaining: 65
Finished routing net _69_
Nets remaining: 64
Finished routing net _70_
Nets remaining: 63
Finished routing net _71_
Nets remaining: 62
Finished routing net _72_
Nets remaining: 61
Finished routing net _38_
Nets remaining: 60
Keeping route for net _1_
Keeping route for net _2_
Finished routing net _3_
Nets remaining: 57
Finished routing net _4_
Nets remaining: 56
Keeping route for net _5_
Finished routing net _6_
Nets remaining: 54
Finished routing net _77_
Nets remaining: 53
Keeping route for net _7_
Finished routing net _82_
Nets remaining: 51
Finished routing net _83_
Nets remaining: 50
Keeping route for net _84_
Finished routing net _85_
Nets remaining: 48
Finished routing net _86_
Nets remaining: 47
Finished routing net _87_
Nets remaining: 46
Finished routing net _8_
Nets remaining: 45
Finished routing net _90_
Nets remaining: 44
Finished routing net _93_
Nets remaining: 43
Finished routing net _94_
Nets remaining: 42
Finished routing net _95_
Nets remaining: 41
Finished routing net _9_
Nets remaining: 40
Finished routing net _96_
Nets remaining: 39
Finished routing net _100_
Nets remaining: 38
Keeping route for net _101_
Finished routing net _102_
Nets remaining: 36
Keeping route for net _103_
Finished routing net _10_
Nets remaining: 34
Keeping route for net _105_
Finished routing net _110_
Nets remaining: 32
Finished routing net _113_
Nets remaining: 31
Keeping route for net _114_
Finished routing net _115_
Nets remaining: 29
Keeping route for net _11_
Keeping route for net _120_
Finished routing net _121_
Nets remaining: 26
Finished routing net _122_
Nets remaining: 25
Finished routing net _123_
Nets remaining: 24
Finished routing net _12_
Nets remaining: 23
Keeping route for net _124_
Keeping route for net _125_
Finished routing net _132_
Nets remaining: 20
Finished routing net _133_
Nets remaining: 19
Finished routing net _135_
Nets remaining: 18
Finished routing net _136_
Nets remaining: 17
Finished routing net _137_
Nets remaining: 16
Finished routing net _13_
Nets remaining: 15
Finished routing net _140_
Nets remaining: 14
Finished routing net _142_
Nets remaining: 13
Finished routing net _143_
Nets remaining: 12
Finished routing net _144_
Nets remaining: 11
Finished routing net _14_
Nets remaining: 10
Finished routing net _145_
Nets remaining: 9
Keeping route for net _146_
Finished routing net _148_
Nets remaining: 7
Finished routing net _151_
Nets remaining: 6
Finished routing net Aout[0]
Nets remaining: 5
Finished routing net Aout[1]
Nets remaining: 4
Finished routing net ISout
Nets remaining: 3
Keeping route for net Vld

----------------------------------------------
Progress: Stage 3 total routes completed: 1603
No failed routes!
----------------------------------------------
*** Running stage3 routing with defaults, 2nd round
Finished routing net _73__bF$buf4
Nets remaining: 400
Finished routing net En_bF$buf2
Nets remaining: 399
Finished routing net En_bF$buf3
Nets remaining: 398
Finished routing net En_bF$buf4
Nets remaining: 397
Finished routing net RdyCtl_6_bF$buf3
Nets remaining: 396
Finished routing net RdyCtl_6_bF$buf4
Nets remaining: 395
Finished routing net clk_bF$buf3
Nets remaining: 394
Finished routing net clk_bF$buf4
Nets remaining: 393
Finished routing net clk_bF$buf5
Nets remaining: 392
Finished routing net _73__bF$buf0
Nets remaining: 391
Finished routing net _73__bF$buf1
Nets remaining: 390
Finished routing net _73__bF$buf2
Nets remaining: 389
Finished routing net _73__bF$buf3
Nets remaining: 388
Finished routing net En_bF$buf0
Nets remaining: 387
Finished routing net En_bF$buf1
Nets remaining: 386
Finished routing net RdyCtl_6_bF$buf0
Nets remaining: 385
Finished routing net RdyCtl_6_bF$buf1
Nets remaining: 384
Finished routing net RdyCtl_6_bF$buf2
Nets remaining: 383
Finished routing net clk
Nets remaining: 382
Finished routing net clk_bF$buf0
Nets remaining: 381
Finished routing net clk_bF$buf1
Nets remaining: 380
Finished routing net clk_bF$buf2
Nets remaining: 379
Finished routing net _156_
Nets remaining: 378
Finished routing net _74_
Nets remaining: 377
Finished routing net _73_
Nets remaining: 376
Finished routing net En
Nets remaining: 375
Finished routing net RdyCtl[6]
Nets remaining: 374
Finished routing net _129_
Nets remaining: 373
Finished routing net _159_
Nets remaining: 372
Finished routing net acc_reg[9]
Nets remaining: 371
Finished routing net acc_reg[10]
Nets remaining: 370
Finished routing net acc_reg[13]
Nets remaining: 369
Finished routing net acc_reg[14]
Nets remaining: 368
Finished routing net acc_reg[18]
Nets remaining: 367
Finished routing net acc_reg[19]
Nets remaining: 366
Finished routing net RdyCtl[1]
Nets remaining: 365
Finished routing net RdyCtl[0]
Nets remaining: 364
Finished routing net _108_
Nets remaining: 363
Finished routing net acc_reg[7]
Nets remaining: 362
Finished routing net _111_
Nets remaining: 361
Finished routing net acc_reg[8]
Nets remaining: 360
Finished routing net _169_
Nets remaining: 359
Finished routing net _181_
Nets remaining: 358
Finished routing net acc_reg[11]
Nets remaining: 357
Finished routing net acc_reg[12]
Nets remaining: 356
Finished routing net _202_
Nets remaining: 355
Finished routing net _205_
Nets remaining: 354
Finished routing net _221_
Nets remaining: 353
Finished routing net acc_reg[15]
Nets remaining: 352
Finished routing net acc_reg[16]
Nets remaining: 351
Finished routing net _250_
Nets remaining: 350
Finished routing net acc_reg[17]
Nets remaining: 349
Finished routing net _268_
Nets remaining: 348
Finished routing net _276_
Nets remaining: 347
Finished routing net _40_
Nets remaining: 346
Finished routing net _44_
Nets remaining: 345
Finished routing net _89_
Nets remaining: 344
Finished routing net _112_
Nets remaining: 343
Finished routing net _119_
Nets remaining: 342
Finished routing net FCW[7]
Nets remaining: 341
Finished routing net _157_
Nets remaining: 340
Finished routing net FCW[9]
Nets remaining: 339
Finished routing net FCW[10]
Nets remaining: 338
Finished routing net _190_
Nets remaining: 337
Finished routing net _197_
Nets remaining: 336
Finished routing net _203_
Nets remaining: 335
Finished routing net FCW[13]
Nets remaining: 334
Finished routing net _213_
Nets remaining: 333
Finished routing net _217_
Nets remaining: 332
Finished routing net _220_
Nets remaining: 331
Finished routing net FCW[14]
Nets remaining: 330
Finished routing net _222_
Nets remaining: 329
Finished routing net _223_
Nets remaining: 328
Finished routing net _232_
Nets remaining: 327
Finished routing net _240_
Nets remaining: 326
Finished routing net _249_
Nets remaining: 325
Finished routing net _252_
Nets remaining: 324
Finished routing net _141_
Nets remaining: 323
Finished routing net _277_
Nets remaining: 322
Finished routing net RdyCtl[3]
Nets remaining: 321
Finished routing net _42_
Nets remaining: 320
Finished routing net _66_
Nets remaining: 319
Finished routing net _78_
Nets remaining: 318
Finished routing net acc_reg[1]
Nets remaining: 317
Finished routing net _81_
Nets remaining: 316
Finished routing net _88_
Nets remaining: 315
Finished routing net acc_reg[2]
Nets remaining: 314
Finished routing net _91_
Nets remaining: 313
Finished routing net _92_
Nets remaining: 312
Finished routing net acc_reg[3]
Nets remaining: 311
Finished routing net _97_
Nets remaining: 310
Finished routing net _98_
Nets remaining: 309
Finished routing net acc_reg[4]
Nets remaining: 308
Finished routing net acc_reg[5]
Nets remaining: 307
Keeping route for net _117_
Keeping route for net _118_
Finished routing net _128_
Nets remaining: 304
Finished routing net acc_reg[6]
Nets remaining: 303
Finished routing net _130_
Nets remaining: 302
Finished routing net _147_
Nets remaining: 301
Finished routing net _139_
Nets remaining: 300
Finished routing net _153_
Nets remaining: 299
Finished routing net _149_
Nets remaining: 298
Finished routing net FCW[8]
Nets remaining: 297
Finished routing net _164_
Nets remaining: 296
Finished routing net _165_
Nets remaining: 295
Finished routing net _175_
Nets remaining: 294
Finished routing net _178_
Nets remaining: 293
Finished routing net _179_
Nets remaining: 292
Finished routing net _182_
Nets remaining: 291
Finished routing net _187_
Nets remaining: 290
Finished routing net FCW[11]
Nets remaining: 289
Finished routing net _188_
Nets remaining: 288
Finished routing net _189_
Nets remaining: 287
Finished routing net _191_
Nets remaining: 286
Finished routing net _198_
Nets remaining: 285
Finished routing net _200_
Nets remaining: 284
Finished routing net _201_
Nets remaining: 283
Finished routing net FCW[12]
Nets remaining: 282
Finished routing net _210_
Nets remaining: 281
Keeping route for net _211_
Finished routing net _219_
Nets remaining: 279
Finished routing net _224_
Nets remaining: 278
Finished routing net _228_
Nets remaining: 277
Finished routing net FCW[15]
Nets remaining: 276
Finished routing net _229_
Nets remaining: 275
Finished routing net _230_
Nets remaining: 274
Finished routing net _231_
Nets remaining: 273
Finished routing net _235_
Nets remaining: 272
Keeping route for net _236_
Finished routing net _239_
Nets remaining: 270
Finished routing net _245_
Nets remaining: 269
Finished routing net _246_
Nets remaining: 268
Keeping route for net FCW[16]
Finished routing net _251_
Nets remaining: 266
Finished routing net _131_
Nets remaining: 265
Finished routing net _254_
Nets remaining: 264
Finished routing net _127_
Nets remaining: 263
Finished routing net _126_
Nets remaining: 262
Finished routing net _107_
Nets remaining: 261
Finished routing net _261_
Nets remaining: 260
Keeping route for net _265_
Keeping route for net FCW[17]
Finished routing net _266_
Nets remaining: 257
Finished routing net _272_
Nets remaining: 256
Finished routing net _273_
Nets remaining: 255
Finished routing net _274_
Nets remaining: 254
Finished routing net FCW[18]
Nets remaining: 253
Finished routing net _68_
Nets remaining: 252
Finished routing net _278_
Nets remaining: 251
Finished routing net _282_
Nets remaining: 250
Finished routing net _0_
Nets remaining: 249
Finished routing net FCW[19]
Nets remaining: 248
Finished routing net _292_
Nets remaining: 247
Finished routing net Atmp[0]
Nets remaining: 246
Finished routing net Atmp[1]
Nets remaining: 245
Finished routing net _51_
Nets remaining: 244
Finished routing net _62_
Nets remaining: 243
Finished routing net _39_
Nets remaining: 242
Finished routing net _55_
Nets remaining: 241
Finished routing net _41_
Nets remaining: 240
Finished routing net _58_
Nets remaining: 239
Finished routing net _43_
Nets remaining: 238
Finished routing net _56_
Nets remaining: 237
Finished routing net Atmp[11]
Nets remaining: 236
Finished routing net RdyCtl[2]
Nets remaining: 235
Finished routing net _45_
Nets remaining: 234
Finished routing net _312_
Nets remaining: 233
Finished routing net acc_reg[0]
Nets remaining: 232
Finished routing net _75_
Nets remaining: 231
Finished routing net FCW[0]
Nets remaining: 230
Finished routing net _76_
Nets remaining: 229
Finished routing net FCW[1]
Nets remaining: 228
Finished routing net _79_
Nets remaining: 227
Finished routing net _80_
Nets remaining: 226
Finished routing net FCW[2]
Nets remaining: 225
Finished routing net FCW[3]
Nets remaining: 224
Finished routing net _99_
Nets remaining: 223
Finished routing net _104_
Nets remaining: 222
Finished routing net _106_
Nets remaining: 221
Finished routing net FCW[4]
Nets remaining: 220
Finished routing net _109_
Nets remaining: 219
Finished routing net _116_
Nets remaining: 218
Finished routing net FCW[5]
Nets remaining: 217
Finished routing net FCW[6]
Nets remaining: 216
Finished routing net _134_
Nets remaining: 215
Finished routing net _138_
Nets remaining: 214
Keeping route for net _154_
Finished routing net _152_
Nets remaining: 212
Finished routing net _155_
Nets remaining: 211
Finished routing net _150_
Nets remaining: 210
Finished routing net _158_
Nets remaining: 209
Finished routing net _160_
Nets remaining: 208
Finished routing net _161_
Nets remaining: 207
Keeping route for net _162_
Finished routing net _163_
Nets remaining: 205
Finished routing net _15_
Nets remaining: 204
Finished routing net _166_
Nets remaining: 203
Finished routing net _167_
Nets remaining: 202
Finished routing net _168_
Nets remaining: 201
Finished routing net _170_
Nets remaining: 200
Finished routing net _171_
Nets remaining: 199
Finished routing net _172_
Nets remaining: 198
Finished routing net _173_
Nets remaining: 197
Keeping route for net _16_
Finished routing net _174_
Nets remaining: 195
Keeping route for net _176_
Finished routing net _177_
Nets remaining: 193
Finished routing net _180_
Nets remaining: 192
Finished routing net _183_
Nets remaining: 191
Keeping route for net _184_
Finished routing net _185_
Nets remaining: 189
Finished routing net _17_
Nets remaining: 188
Finished routing net _186_
Nets remaining: 187
Finished routing net _192_
Nets remaining: 186
Finished routing net _193_
Nets remaining: 185
Finished routing net _194_
Nets remaining: 184
Finished routing net _18_
Nets remaining: 183
Finished routing net _195_
Nets remaining: 182
Finished routing net _196_
Nets remaining: 181
Finished routing net _199_
Nets remaining: 180
Finished routing net _204_
Nets remaining: 179
Finished routing net _206_
Nets remaining: 178
Keeping route for net _207_
Finished routing net _208_
Nets remaining: 176
Finished routing net _19_
Nets remaining: 175
Keeping route for net _209_
Finished routing net _212_
Nets remaining: 173
Finished routing net _214_
Nets remaining: 172
Finished routing net _215_
Nets remaining: 171
Finished routing net _216_
Nets remaining: 170
Keeping route for net _20_
Finished routing net _218_
Nets remaining: 168
Finished routing net _225_
Nets remaining: 167
Keeping route for net _226_
Finished routing net _227_
Nets remaining: 165
Keeping route for net _21_
Finished routing net _233_
Nets remaining: 163
Finished routing net _234_
Nets remaining: 162
Finished routing net _237_
Nets remaining: 161
Finished routing net _238_
Nets remaining: 160
Finished routing net _22_
Nets remaining: 159
Finished routing net _241_
Nets remaining: 158
Keeping route for net _242_
Finished routing net _243_
Nets remaining: 156
Finished routing net _244_
Nets remaining: 155
Finished routing net _247_
Nets remaining: 154
Finished routing net _248_
Nets remaining: 153
Finished routing net _253_
Nets remaining: 152
Finished routing net _255_
Nets remaining: 151
Finished routing net _256_
Nets remaining: 150
Finished routing net _257_
Nets remaining: 149
Finished routing net _258_
Nets remaining: 148
Finished routing net _259_
Nets remaining: 147
Finished routing net _260_
Nets remaining: 146
Finished routing net _262_
Nets remaining: 145
Finished routing net _263_
Nets remaining: 144
Finished routing net _264_
Nets remaining: 143
Finished routing net _23_
Nets remaining: 142
Keeping route for net _267_
Keeping route for net _269_
Finished routing net _270_
Nets remaining: 139
Finished routing net _271_
Nets remaining: 138
Finished routing net _24_
Nets remaining: 137
Keeping route for net _275_
Finished routing net _279_
Nets remaining: 135
Finished routing net _280_
Nets remaining: 134
Finished routing net _281_
Nets remaining: 133
Finished routing net _283_
Nets remaining: 132
Keeping route for net _284_
Finished routing net _285_
Nets remaining: 130
Finished routing net _25_
Nets remaining: 129
Finished routing net _286_
Nets remaining: 128
Finished routing net _287_
Nets remaining: 127
Finished routing net _288_
Nets remaining: 126
Finished routing net _289_
Nets remaining: 125
Finished routing net _290_
Nets remaining: 124
Finished routing net _291_
Nets remaining: 123
Finished routing net _293_
Nets remaining: 122
Finished routing net _294_
Nets remaining: 121
Finished routing net _295_
Nets remaining: 120
Keeping route for net _296_
Finished routing net _26_
Nets remaining: 118
Finished routing net _297_
Nets remaining: 117
Finished routing net _298_
Nets remaining: 116
Finished routing net _27_
Nets remaining: 115
Finished routing net _299_
Nets remaining: 114
Finished routing net _300_
Nets remaining: 113
Finished routing net _28_
Nets remaining: 112
Finished routing net _301_
Nets remaining: 111
Keeping route for net _29_
Finished routing net _302_
Nets remaining: 109
Finished routing net _30_
Nets remaining: 108
Finished routing net _303_
Nets remaining: 107
Finished routing net _31_
Nets remaining: 106
Finished routing net _304_
Nets remaining: 105
Finished routing net _32_
Nets remaining: 104
Finished routing net _305_
Nets remaining: 103
Keeping route for net _33_
Finished routing net _306_
Nets remaining: 101
Keeping route for net _34_
Finished routing net _307_
Nets remaining: 99
Finished routing net _35_
Nets remaining: 98
Finished routing net _308_
Nets remaining: 97
Finished routing net _36_
Nets remaining: 96
Finished routing net _309_
Nets remaining: 95
Finished routing net _310_
Nets remaining: 94
Finished routing net _37_
Nets remaining: 93
Finished routing net Atmp[4]
Nets remaining: 92
Finished routing net Atmp[6]
Nets remaining: 91
Finished routing net Atmp[8]
Nets remaining: 90
Finished routing net RdyCtl[4]
Nets remaining: 89
Finished routing net _46_
Nets remaining: 88
Finished routing net _47_
Nets remaining: 87
Finished routing net _48_
Nets remaining: 86
Keeping route for net _49_
Finished routing net _50_
Nets remaining: 84
Keeping route for net Atmp[2]
Finished routing net _52_
Nets remaining: 82
Finished routing net _53_
Nets remaining: 81
Finished routing net _54_
Nets remaining: 80
Keeping route for net _311_[0]
Finished routing net Atmp[5]
Nets remaining: 78
Finished routing net Atmp[9]
Nets remaining: 77
Finished routing net _57_
Nets remaining: 76
Finished routing net Atmp[7]
Nets remaining: 75
Finished routing net _59_
Nets remaining: 74
Finished routing net _60_
Nets remaining: 73
Finished routing net _61_
Nets remaining: 72
Finished routing net Atmp[3]
Nets remaining: 71
Finished routing net _63_
Nets remaining: 70
Finished routing net _64_
Nets remaining: 69
Finished routing net _65_
Nets remaining: 68
Finished routing net _311_[1]
Nets remaining: 67
Finished routing net RdyCtl[5]
Nets remaining: 66
Finished routing net _67_
Nets remaining: 65
Finished routing net _69_
Nets remaining: 64
Finished routing net _70_
Nets remaining: 63
Finished routing net _71_
Nets remaining: 62
Finished routing net _72_
Nets remaining: 61
Finished routing net _38_
Nets remaining: 60
Keeping route for net _1_
Keeping route for net _2_
Finished routing net _3_
Nets remaining: 57
Finished routing net _4_
Nets remaining: 56
Keeping route for net _5_
Finished routing net _6_
Nets remaining: 54
Finished routing net _77_
Nets remaining: 53
Keeping route for net _7_
Finished routing net _82_
Nets remaining: 51
Finished routing net _83_
Nets remaining: 50
Keeping route for net _84_
Finished routing net _85_
Nets remaining: 48
Finished routing net _86_
Nets remaining: 47
Finished routing net _87_
Nets remaining: 46
Finished routing net _8_
Nets remaining: 45
Finished routing net _90_
Nets remaining: 44
Finished routing net _93_
Nets remaining: 43
Finished routing net _94_
Nets remaining: 42
Finished routing net _95_
Nets remaining: 41
Finished routing net _9_
Nets remaining: 40
Finished routing net _96_
Nets remaining: 39
Finished routing net _100_
Nets remaining: 38
Keeping route for net _101_
Finished routing net _102_
Nets remaining: 36
Keeping route for net _103_
Keeping route for net _10_
Keeping route for net _105_
Finished routing net _110_
Nets remaining: 32
Finished routing net _113_
Nets remaining: 31
Keeping route for net _114_
Finished routing net _115_
Nets remaining: 29
Keeping route for net _11_
Keeping route for net _120_
Finished routing net _121_
Nets remaining: 26
Finished routing net _122_
Nets remaining: 25
Finished routing net _123_
Nets remaining: 24
Finished routing net _12_
Nets remaining: 23
Keeping route for net _124_
Keeping route for net _125_
Finished routing net _132_
Nets remaining: 20
Finished routing net _133_
Nets remaining: 19
Finished routing net _135_
Nets remaining: 18
Finished routing net _136_
Nets remaining: 17
Finished routing net _137_
Nets remaining: 16
Finished routing net _13_
Nets remaining: 15
Finished routing net _140_
Nets remaining: 14
Finished routing net _142_
Nets remaining: 13
Finished routing net _143_
Nets remaining: 12
Finished routing net _144_
Nets remaining: 11
Finished routing net _14_
Nets remaining: 10
Finished routing net _145_
Nets remaining: 9
Keeping route for net _146_
Finished routing net _148_
Nets remaining: 7
Finished routing net _151_
Nets remaining: 6
Finished routing net Aout[0]
Nets remaining: 5
Finished routing net Aout[1]
Nets remaining: 4
Finished routing net ISout
Nets remaining: 3
Keeping route for net Vld

----------------------------------------------
Progress: Stage 3 total routes completed: 2366
No failed routes!
----------------------------------------------
*** Writing DEF file phase_accumulator_route.def
emit_routes():  DEF file has 399 nets and 4 specialnets.
but qrouter wants to write 401 nets and specialnets.
----------------------------------------------
Final: No failed routes!
----------------------------------------------
*** Writing RC file phase_accumulator_route.rc
DEF2Verilog -v /home/ji/ETRI-0.5um-CMOS-MPW-Std-Cell-DK/design/MyChip/2025_1st/DDFS/2_Splited_IO/2_1_Phase_Acc/synthesis/phase_accumulator.rtlnopwr.v -o /home/ji/ETRI-0.5um-CMOS-MPW-Std-Cell-DK/design/MyChip/2025_1st/DDFS/2_Splited_IO/2_1_Phase_Acc/synthesis/phase_accumulator_postroute.v
-p vdd -g gnd  -l  /usr/local/share/qflow/tech/etri050/etri050_stdcells.lef phase_accumulator_route.def

Generating RTL verilog and SPICE netlist file in directory
   /home/ji/ETRI-0.5um-CMOS-MPW-Std-Cell-DK/design/MyChip/2025_1st/DDFS/2_Splited_IO/2_1_Phase_Acc/synthesis
Running vlog2Verilog.
vlog2Verilog -c -v vdd -g gnd -o phase_accumulator.rtl.anno.v phase_accumulator_postroute.v
vlog2Verilog -c -p -v vdd -g gnd -o phase_accumulator.rtlnopwr.anno.v phase_accumulator_postroute.v
/usr/local/share/qflow/bin/vlog2Verilog -c -b -p -n -v vdd -g gnd -o phase_accumulator.rtlbb.anno.v phase_accumulator_postroute.v
Running vlog2Spice.
vlog2Spice -i -l  /usr/local/share/qflow/tech/etri050/etri050_stdcells.sp -o phase_accumulator.anno.spc phase_accumulator.rtl.anno.v
Warning:  No SPICE subcircuit for FILL.  Pin order will be arbitrary.
Router script ended on Thu Feb 27 20:01:48 KST 2025
