Qflow synthesis logfile created on Thu Feb 27 19:36:44 KST 2025
Running yosys for verilog parsing and synthesis
yosys  -s phase_accumulator.ys

 /----------------------------------------------------------------------------\
 |  yosys -- Yosys Open SYnthesis Suite                                       |
 |  Copyright (C) 2012 - 2025  Claire Xenia Wolf <claire@yosyshq.com>         |
 |  Distributed under an ISC-like license, type "license" to see terms        |
 \----------------------------------------------------------------------------/
 Yosys 0.50+0 (git sha1 6f9c515a2, clang++ 14.0.0-1ubuntu1.1 -fPIC -O3)

-- Executing script file `phase_accumulator.ys' --

1. Executing Liberty frontend: /usr/local/share/qflow/tech/etri050/etri05_stdcells.lib
Imported 39 cell types from liberty file.

2. Executing Verilog-2005 frontend: /home/ji/ETRI-0.5um-CMOS-MPW-Std-Cell-DK/design/MyChip/2025_1st/DDFS/2_Splited_IO/2_1_Phase_Acc/source/phase_accumulator.v
Parsing Verilog input from `/home/ji/ETRI-0.5um-CMOS-MPW-Std-Cell-DK/design/MyChip/2025_1st/DDFS/2_Splited_IO/2_1_Phase_Acc/source/phase_accumulator.v' to AST representation.
Generating RTLIL representation for module `\phase_accumulator'.
Successfully finished Verilog frontend.

3. Executing SYNTH pass.

3.1. Executing HIERARCHY pass (managing design hierarchy).

3.1.1. Analyzing design hierarchy..
Top module:  \phase_accumulator

3.1.2. Analyzing design hierarchy..
Top module:  \phase_accumulator
Removed 0 unused modules.

3.2. Executing PROC pass (convert processes to netlists).

3.2.1. Executing PROC_CLEAN pass (remove empty switches from decision trees).
Cleaned up 0 empty switches.

3.2.2. Executing PROC_RMDEAD pass (remove dead branches from decision trees).
Marked 6 switch rules as full_case in process $proc$/home/ji/ETRI-0.5um-CMOS-MPW-Std-Cell-DK/design/MyChip/2025_1st/DDFS/2_Splited_IO/2_1_Phase_Acc/source/phase_accumulator.v:56$11 in module phase_accumulator.
Marked 1 switch rules as full_case in process $proc$/home/ji/ETRI-0.5um-CMOS-MPW-Std-Cell-DK/design/MyChip/2025_1st/DDFS/2_Splited_IO/2_1_Phase_Acc/source/phase_accumulator.v:48$9 in module phase_accumulator.
Marked 3 switch rules as full_case in process $proc$/home/ji/ETRI-0.5um-CMOS-MPW-Std-Cell-DK/design/MyChip/2025_1st/DDFS/2_Splited_IO/2_1_Phase_Acc/source/phase_accumulator.v:26$4 in module phase_accumulator.
Marked 1 switch rules as full_case in process $proc$/home/ji/ETRI-0.5um-CMOS-MPW-Std-Cell-DK/design/MyChip/2025_1st/DDFS/2_Splited_IO/2_1_Phase_Acc/source/phase_accumulator.v:12$2 in module phase_accumulator.
Removed a total of 0 dead cases.

3.2.3. Executing PROC_PRUNE pass (remove redundant assignments in processes).
Removed 1 redundant assignment.
Promoted 2 assignments to connections.

3.2.4. Executing PROC_INIT pass (extract init attributes).

3.2.5. Executing PROC_ARST pass (detect async resets in processes).

3.2.6. Executing PROC_ROM pass (convert switches to ROMs).
Converted 0 switches.
<suppressed ~13 debug messages>

3.2.7. Executing PROC_MUX pass (convert decision trees to multiplexers).
Creating decoders for process `\phase_accumulator.$proc$/home/ji/ETRI-0.5um-CMOS-MPW-Std-Cell-DK/design/MyChip/2025_1st/DDFS/2_Splited_IO/2_1_Phase_Acc/source/phase_accumulator.v:56$11'.
     1/6: $6\Aout[1:0]
     2/6: $5\Aout[1:0]
     3/6: $4\Aout[1:0]
     4/6: $3\Aout[1:0]
     5/6: $2\Aout[1:0]
     6/6: $1\Aout[1:0]
Creating decoders for process `\phase_accumulator.$proc$/home/ji/ETRI-0.5um-CMOS-MPW-Std-Cell-DK/design/MyChip/2025_1st/DDFS/2_Splited_IO/2_1_Phase_Acc/source/phase_accumulator.v:48$9'.
     1/1: $0\ISout[0:0]
Creating decoders for process `\phase_accumulator.$proc$/home/ji/ETRI-0.5um-CMOS-MPW-Std-Cell-DK/design/MyChip/2025_1st/DDFS/2_Splited_IO/2_1_Phase_Acc/source/phase_accumulator.v:26$4'.
     1/2: $0\Atmp[11:0]
     2/2: $0\acc_reg[19:0]
Creating decoders for process `\phase_accumulator.$proc$/home/ji/ETRI-0.5um-CMOS-MPW-Std-Cell-DK/design/MyChip/2025_1st/DDFS/2_Splited_IO/2_1_Phase_Acc/source/phase_accumulator.v:12$2'.
     1/8: $0\RdyCtl[6:0] [6]
     2/8: $0\RdyCtl[6:0] [5]
     3/8: $0\RdyCtl[6:0] [4]
     4/8: $0\RdyCtl[6:0] [3]
     5/8: $0\RdyCtl[6:0] [2]
     6/8: $0\RdyCtl[6:0] [1]
     7/8: $0\RdyCtl[6:0] [0]
     8/8: $1\i[31:0]

3.2.8. Executing PROC_DLATCH pass (convert process syncs to latches).
No latch inferred for signal `\phase_accumulator.\Aout' from process `\phase_accumulator.$proc$/home/ji/ETRI-0.5um-CMOS-MPW-Std-Cell-DK/design/MyChip/2025_1st/DDFS/2_Splited_IO/2_1_Phase_Acc/source/phase_accumulator.v:56$11'.

3.2.9. Executing PROC_DFF pass (convert process syncs to FFs).
Creating register for signal `\phase_accumulator.\ISout' using process `\phase_accumulator.$proc$/home/ji/ETRI-0.5um-CMOS-MPW-Std-Cell-DK/design/MyChip/2025_1st/DDFS/2_Splited_IO/2_1_Phase_Acc/source/phase_accumulator.v:48$9'.
  created $dff cell `$procdff$120' with positive edge clock.
Creating register for signal `\phase_accumulator.\acc_reg' using process `\phase_accumulator.$proc$/home/ji/ETRI-0.5um-CMOS-MPW-Std-Cell-DK/design/MyChip/2025_1st/DDFS/2_Splited_IO/2_1_Phase_Acc/source/phase_accumulator.v:26$4'.
  created $dff cell `$procdff$121' with positive edge clock.
Creating register for signal `\phase_accumulator.\Atmp' using process `\phase_accumulator.$proc$/home/ji/ETRI-0.5um-CMOS-MPW-Std-Cell-DK/design/MyChip/2025_1st/DDFS/2_Splited_IO/2_1_Phase_Acc/source/phase_accumulator.v:26$4'.
  created $dff cell `$procdff$122' with positive edge clock.
Creating register for signal `\phase_accumulator.\i' using process `\phase_accumulator.$proc$/home/ji/ETRI-0.5um-CMOS-MPW-Std-Cell-DK/design/MyChip/2025_1st/DDFS/2_Splited_IO/2_1_Phase_Acc/source/phase_accumulator.v:12$2'.
  created $dff cell `$procdff$123' with positive edge clock.
Creating register for signal `\phase_accumulator.\RdyCtl' using process `\phase_accumulator.$proc$/home/ji/ETRI-0.5um-CMOS-MPW-Std-Cell-DK/design/MyChip/2025_1st/DDFS/2_Splited_IO/2_1_Phase_Acc/source/phase_accumulator.v:12$2'.
  created $dff cell `$procdff$124' with positive edge clock.

3.2.10. Executing PROC_MEMWR pass (convert process memory writes to cells).

3.2.11. Executing PROC_CLEAN pass (remove empty switches from decision trees).
Found and cleaned up 6 empty switches in `\phase_accumulator.$proc$/home/ji/ETRI-0.5um-CMOS-MPW-Std-Cell-DK/design/MyChip/2025_1st/DDFS/2_Splited_IO/2_1_Phase_Acc/source/phase_accumulator.v:56$11'.
Removing empty process `phase_accumulator.$proc$/home/ji/ETRI-0.5um-CMOS-MPW-Std-Cell-DK/design/MyChip/2025_1st/DDFS/2_Splited_IO/2_1_Phase_Acc/source/phase_accumulator.v:56$11'.
Found and cleaned up 2 empty switches in `\phase_accumulator.$proc$/home/ji/ETRI-0.5um-CMOS-MPW-Std-Cell-DK/design/MyChip/2025_1st/DDFS/2_Splited_IO/2_1_Phase_Acc/source/phase_accumulator.v:48$9'.
Removing empty process `phase_accumulator.$proc$/home/ji/ETRI-0.5um-CMOS-MPW-Std-Cell-DK/design/MyChip/2025_1st/DDFS/2_Splited_IO/2_1_Phase_Acc/source/phase_accumulator.v:48$9'.
Found and cleaned up 4 empty switches in `\phase_accumulator.$proc$/home/ji/ETRI-0.5um-CMOS-MPW-Std-Cell-DK/design/MyChip/2025_1st/DDFS/2_Splited_IO/2_1_Phase_Acc/source/phase_accumulator.v:26$4'.
Removing empty process `phase_accumulator.$proc$/home/ji/ETRI-0.5um-CMOS-MPW-Std-Cell-DK/design/MyChip/2025_1st/DDFS/2_Splited_IO/2_1_Phase_Acc/source/phase_accumulator.v:26$4'.
Found and cleaned up 1 empty switch in `\phase_accumulator.$proc$/home/ji/ETRI-0.5um-CMOS-MPW-Std-Cell-DK/design/MyChip/2025_1st/DDFS/2_Splited_IO/2_1_Phase_Acc/source/phase_accumulator.v:12$2'.
Removing empty process `phase_accumulator.$proc$/home/ji/ETRI-0.5um-CMOS-MPW-Std-Cell-DK/design/MyChip/2025_1st/DDFS/2_Splited_IO/2_1_Phase_Acc/source/phase_accumulator.v:12$2'.
Cleaned up 13 empty switches.

3.2.12. Executing OPT_EXPR pass (perform const folding).
Optimizing module phase_accumulator.
<suppressed ~10 debug messages>

3.3. Executing OPT_EXPR pass (perform const folding).
Optimizing module phase_accumulator.

3.4. Executing OPT_CLEAN pass (remove unused cells and wires).
Finding unused cells or wires in module \phase_accumulator..
Removed 4 unused cells and 61 unused wires.
<suppressed ~6 debug messages>

3.5. Executing CHECK pass (checking for obvious problems).
Checking module phase_accumulator...
Found and reported 0 problems.

3.6. Executing OPT pass (performing simple optimizations).

3.6.1. Executing OPT_EXPR pass (perform const folding).
Optimizing module phase_accumulator.

3.6.2. Executing OPT_MERGE pass (detect identical cells).
Finding identical cells in module `\phase_accumulator'.
Removed a total of 0 cells.

3.6.3. Executing OPT_MUXTREE pass (detect dead branches in mux trees).
Running muxtree optimizer on module \phase_accumulator..
  Creating internal representation of mux trees.
  Evaluating internal representation of mux trees.
  Analyzing evaluation results.
    dead port 1/2 on $mux $procmux$16.
    dead port 1/2 on $mux $procmux$19.
    dead port 1/2 on $mux $procmux$22.
    dead port 1/2 on $mux $procmux$25.
    dead port 1/2 on $mux $procmux$28.
    dead port 1/2 on $mux $procmux$34.
    dead port 1/2 on $mux $procmux$37.
    dead port 1/2 on $mux $procmux$40.
    dead port 1/2 on $mux $procmux$43.
    dead port 1/2 on $mux $procmux$49.
    dead port 1/2 on $mux $procmux$52.
    dead port 1/2 on $mux $procmux$55.
    dead port 1/2 on $mux $procmux$61.
    dead port 1/2 on $mux $procmux$64.
    dead port 1/2 on $mux $procmux$70.
Removed 15 multiplexer ports.
<suppressed ~11 debug messages>

3.6.4. Executing OPT_REDUCE pass (consolidate $*mux and $reduce_* inputs).
  Optimizing cells in module \phase_accumulator.
Performed a total of 0 changes.

3.6.5. Executing OPT_MERGE pass (detect identical cells).
Finding identical cells in module `\phase_accumulator'.
Removed a total of 0 cells.

3.6.6. Executing OPT_DFF pass (perform DFF optimizations).

3.6.7. Executing OPT_CLEAN pass (remove unused cells and wires).
Finding unused cells or wires in module \phase_accumulator..
Removed 0 unused cells and 15 unused wires.
<suppressed ~1 debug messages>

3.6.8. Executing OPT_EXPR pass (perform const folding).
Optimizing module phase_accumulator.

3.6.9. Rerunning OPT passes. (Maybe there is more to do..)

3.6.10. Executing OPT_MUXTREE pass (detect dead branches in mux trees).
Running muxtree optimizer on module \phase_accumulator..
  Creating internal representation of mux trees.
  Evaluating internal representation of mux trees.
  Analyzing evaluation results.
Removed 0 multiplexer ports.
<suppressed ~11 debug messages>

3.6.11. Executing OPT_REDUCE pass (consolidate $*mux and $reduce_* inputs).
  Optimizing cells in module \phase_accumulator.
Performed a total of 0 changes.

3.6.12. Executing OPT_MERGE pass (detect identical cells).
Finding identical cells in module `\phase_accumulator'.
Removed a total of 0 cells.

3.6.13. Executing OPT_DFF pass (perform DFF optimizations).

3.6.14. Executing OPT_CLEAN pass (remove unused cells and wires).
Finding unused cells or wires in module \phase_accumulator..

3.6.15. Executing OPT_EXPR pass (perform const folding).
Optimizing module phase_accumulator.

3.6.16. Finished OPT passes. (There is nothing left to do.)

3.7. Executing FSM pass (extract and optimize FSM).

3.7.1. Executing FSM_DETECT pass (finding FSMs in design).

3.7.2. Executing FSM_EXTRACT pass (extracting FSM from design).

3.7.3. Executing FSM_OPT pass (simple optimizations of FSMs).

3.7.4. Executing OPT_CLEAN pass (remove unused cells and wires).
Finding unused cells or wires in module \phase_accumulator..

3.7.5. Executing FSM_OPT pass (simple optimizations of FSMs).

3.7.6. Executing FSM_RECODE pass (re-assigning FSM state encoding).

3.7.7. Executing FSM_INFO pass (dumping all available information on FSM cells).

3.7.8. Executing FSM_MAP pass (mapping FSMs to basic logic).

3.8. Executing OPT pass (performing simple optimizations).

3.8.1. Executing OPT_EXPR pass (perform const folding).
Optimizing module phase_accumulator.

3.8.2. Executing OPT_MERGE pass (detect identical cells).
Finding identical cells in module `\phase_accumulator'.
Removed a total of 0 cells.

3.8.3. Executing OPT_MUXTREE pass (detect dead branches in mux trees).
Running muxtree optimizer on module \phase_accumulator..
  Creating internal representation of mux trees.
  Evaluating internal representation of mux trees.
  Analyzing evaluation results.
Removed 0 multiplexer ports.
<suppressed ~11 debug messages>

3.8.4. Executing OPT_REDUCE pass (consolidate $*mux and $reduce_* inputs).
  Optimizing cells in module \phase_accumulator.
Performed a total of 0 changes.

3.8.5. Executing OPT_MERGE pass (detect identical cells).
Finding identical cells in module `\phase_accumulator'.
Removed a total of 0 cells.

3.8.6. Executing OPT_DFF pass (perform DFF optimizations).
Adding SRST signal on $procdff$124 ($dff) from module phase_accumulator (D = { \RdyCtl [5:0] \RdyCtl [6] }, Q = \RdyCtl, rval = 7'0100000).
Adding SRST signal on $procdff$122 ($dff) from module phase_accumulator (D = $procmux$86_Y, Q = \Atmp, rval = 12'000000000000).
Adding EN signal on $auto$ff.cc:266:slice$126 ($sdff) from module phase_accumulator (D = $procmux$84_Y, Q = \Atmp).
Adding SRST signal on $procdff$121 ($dff) from module phase_accumulator (D = $procmux$91_Y, Q = \acc_reg, rval = 20'00000000000000000000).
Adding EN signal on $auto$ff.cc:266:slice$128 ($sdff) from module phase_accumulator (D = $add$/home/ji/ETRI-0.5um-CMOS-MPW-Std-Cell-DK/design/MyChip/2025_1st/DDFS/2_Splited_IO/2_1_Phase_Acc/source/phase_accumulator.v:34$6_Y, Q = \acc_reg).
Adding EN signal on $procdff$120 ($dff) from module phase_accumulator (D = $procmux$76_Y, Q = \ISout).

3.8.7. Executing OPT_CLEAN pass (remove unused cells and wires).
Finding unused cells or wires in module \phase_accumulator..
Removed 12 unused cells and 6 unused wires.
<suppressed ~13 debug messages>

3.8.8. Executing OPT_EXPR pass (perform const folding).
Optimizing module phase_accumulator.

3.8.9. Rerunning OPT passes. (Maybe there is more to do..)

3.8.10. Executing OPT_MUXTREE pass (detect dead branches in mux trees).
Running muxtree optimizer on module \phase_accumulator..
  Creating internal representation of mux trees.
  Evaluating internal representation of mux trees.
  Analyzing evaluation results.
Removed 0 multiplexer ports.
<suppressed ~3 debug messages>

3.8.11. Executing OPT_REDUCE pass (consolidate $*mux and $reduce_* inputs).
  Optimizing cells in module \phase_accumulator.
Performed a total of 0 changes.

3.8.12. Executing OPT_MERGE pass (detect identical cells).
Finding identical cells in module `\phase_accumulator'.
Removed a total of 0 cells.

3.8.13. Executing OPT_DFF pass (perform DFF optimizations).

3.8.14. Executing OPT_CLEAN pass (remove unused cells and wires).
Finding unused cells or wires in module \phase_accumulator..

3.8.15. Executing OPT_EXPR pass (perform const folding).
Optimizing module phase_accumulator.

3.8.16. Finished OPT passes. (There is nothing left to do.)

3.9. Executing WREDUCE pass (reducing word size of cells).
Removed top 1 bits (of 2) from port B of cell phase_accumulator.$eq$/home/ji/ETRI-0.5um-CMOS-MPW-Std-Cell-DK/design/MyChip/2025_1st/DDFS/2_Splited_IO/2_1_Phase_Acc/source/phase_accumulator.v:37$7 ($eq).

3.10. Executing PEEPOPT pass (run peephole optimizers).

3.11. Executing OPT_CLEAN pass (remove unused cells and wires).
Finding unused cells or wires in module \phase_accumulator..

3.12. Executing ALUMACC pass (create $alu and $macc cells).
Extracting $alu and $macc cells in module phase_accumulator:
  creating $macc model for $add$/home/ji/ETRI-0.5um-CMOS-MPW-Std-Cell-DK/design/MyChip/2025_1st/DDFS/2_Splited_IO/2_1_Phase_Acc/source/phase_accumulator.v:34$6 ($add).
  creating $alu model for $macc $add$/home/ji/ETRI-0.5um-CMOS-MPW-Std-Cell-DK/design/MyChip/2025_1st/DDFS/2_Splited_IO/2_1_Phase_Acc/source/phase_accumulator.v:34$6.
  creating $alu cell for $add$/home/ji/ETRI-0.5um-CMOS-MPW-Std-Cell-DK/design/MyChip/2025_1st/DDFS/2_Splited_IO/2_1_Phase_Acc/source/phase_accumulator.v:34$6: $auto$alumacc.cc:495:replace_alu$131
  created 1 $alu and 0 $macc cells.

3.13. Executing SHARE pass (SAT-based resource sharing).

3.14. Executing OPT pass (performing simple optimizations).

3.14.1. Executing OPT_EXPR pass (perform const folding).
Optimizing module phase_accumulator.

3.14.2. Executing OPT_MERGE pass (detect identical cells).
Finding identical cells in module `\phase_accumulator'.
Removed a total of 0 cells.

3.14.3. Executing OPT_MUXTREE pass (detect dead branches in mux trees).
Running muxtree optimizer on module \phase_accumulator..
  Creating internal representation of mux trees.
  Evaluating internal representation of mux trees.
  Analyzing evaluation results.
Removed 0 multiplexer ports.
<suppressed ~3 debug messages>

3.14.4. Executing OPT_REDUCE pass (consolidate $*mux and $reduce_* inputs).
  Optimizing cells in module \phase_accumulator.
Performed a total of 0 changes.

3.14.5. Executing OPT_MERGE pass (detect identical cells).
Finding identical cells in module `\phase_accumulator'.
Removed a total of 0 cells.

3.14.6. Executing OPT_DFF pass (perform DFF optimizations).

3.14.7. Executing OPT_CLEAN pass (remove unused cells and wires).
Finding unused cells or wires in module \phase_accumulator..

3.14.8. Executing OPT_EXPR pass (perform const folding).
Optimizing module phase_accumulator.

3.14.9. Finished OPT passes. (There is nothing left to do.)

3.15. Executing MEMORY pass.

3.15.1. Executing OPT_MEM pass (optimize memories).
Performed a total of 0 transformations.

3.15.2. Executing OPT_MEM_PRIORITY pass (removing unnecessary memory write priority relations).
Performed a total of 0 transformations.

3.15.3. Executing OPT_MEM_FEEDBACK pass (finding memory read-to-write feedback paths).

3.15.4. Executing MEMORY_BMUX2ROM pass (converting muxes to ROMs).

3.15.5. Executing MEMORY_DFF pass (merging $dff cells to $memrd).

3.15.6. Executing OPT_CLEAN pass (remove unused cells and wires).
Finding unused cells or wires in module \phase_accumulator..

3.15.7. Executing MEMORY_SHARE pass (consolidating $memrd/$memwr cells).

3.15.8. Executing OPT_MEM_WIDEN pass (optimize memories where all ports are wide).
Performed a total of 0 transformations.

3.15.9. Executing OPT_CLEAN pass (remove unused cells and wires).
Finding unused cells or wires in module \phase_accumulator..

3.15.10. Executing MEMORY_COLLECT pass (generating $mem cells).

3.16. Executing OPT_CLEAN pass (remove unused cells and wires).
Finding unused cells or wires in module \phase_accumulator..

3.17. Executing OPT pass (performing simple optimizations).

3.17.1. Executing OPT_EXPR pass (perform const folding).
Optimizing module phase_accumulator.
<suppressed ~2 debug messages>

3.17.2. Executing OPT_MERGE pass (detect identical cells).
Finding identical cells in module `\phase_accumulator'.
Removed a total of 0 cells.

3.17.3. Executing OPT_DFF pass (perform DFF optimizations).

3.17.4. Executing OPT_CLEAN pass (remove unused cells and wires).
Finding unused cells or wires in module \phase_accumulator..
Removed 0 unused cells and 2 unused wires.
<suppressed ~1 debug messages>

3.17.5. Finished fast OPT passes.

3.18. Executing MEMORY_MAP pass (converting memories to logic and flip-flops).

3.19. Executing OPT pass (performing simple optimizations).

3.19.1. Executing OPT_EXPR pass (perform const folding).
Optimizing module phase_accumulator.

3.19.2. Executing OPT_MERGE pass (detect identical cells).
Finding identical cells in module `\phase_accumulator'.
Removed a total of 0 cells.

3.19.3. Executing OPT_MUXTREE pass (detect dead branches in mux trees).
Running muxtree optimizer on module \phase_accumulator..
  Creating internal representation of mux trees.
  Evaluating internal representation of mux trees.
  Analyzing evaluation results.
Removed 0 multiplexer ports.
<suppressed ~2 debug messages>

3.19.4. Executing OPT_REDUCE pass (consolidate $*mux and $reduce_* inputs).
  Optimizing cells in module \phase_accumulator.
    Consolidated identical input bits for $mux cell $procmux$81:
      Old ports: A=\acc_reg [19:8], B={ 2'00 \acc_reg [17:8] }, Y=$procmux$81_Y
      New ports: A=\acc_reg [19:18], B=2'00, Y=$procmux$81_Y [11:10]
      New connections: $procmux$81_Y [9:0] = \acc_reg [17:8]
  Optimizing cells in module \phase_accumulator.
    Consolidated identical input bits for $mux cell $procmux$84:
      Old ports: A=$procmux$81_Y, B={ 2'11 \acc_reg [17:8] }, Y=$procmux$84_Y
      New ports: A=$procmux$81_Y [11:10], B=2'11, Y=$procmux$84_Y [11:10]
      New connections: $procmux$84_Y [9:0] = \acc_reg [17:8]
  Optimizing cells in module \phase_accumulator.
Performed a total of 2 changes.

3.19.5. Executing OPT_MERGE pass (detect identical cells).
Finding identical cells in module `\phase_accumulator'.
Removed a total of 0 cells.

3.19.6. Executing OPT_SHARE pass.

3.19.7. Executing OPT_DFF pass (perform DFF optimizations).

3.19.8. Executing OPT_CLEAN pass (remove unused cells and wires).
Finding unused cells or wires in module \phase_accumulator..

3.19.9. Executing OPT_EXPR pass (perform const folding).
Optimizing module phase_accumulator.

3.19.10. Rerunning OPT passes. (Maybe there is more to do..)

3.19.11. Executing OPT_MUXTREE pass (detect dead branches in mux trees).
Running muxtree optimizer on module \phase_accumulator..
  Creating internal representation of mux trees.
  Evaluating internal representation of mux trees.
  Analyzing evaluation results.
Removed 0 multiplexer ports.
<suppressed ~2 debug messages>

3.19.12. Executing OPT_REDUCE pass (consolidate $*mux and $reduce_* inputs).
  Optimizing cells in module \phase_accumulator.
Performed a total of 0 changes.

3.19.13. Executing OPT_MERGE pass (detect identical cells).
Finding identical cells in module `\phase_accumulator'.
Removed a total of 0 cells.

3.19.14. Executing OPT_SHARE pass.

3.19.15. Executing OPT_DFF pass (perform DFF optimizations).

3.19.16. Executing OPT_CLEAN pass (remove unused cells and wires).
Finding unused cells or wires in module \phase_accumulator..

3.19.17. Executing OPT_EXPR pass (perform const folding).
Optimizing module phase_accumulator.

3.19.18. Finished OPT passes. (There is nothing left to do.)

3.20. Executing TECHMAP pass (map to technology primitives).

3.20.1. Executing Verilog-2005 frontend: /usr/local/bin/../share/yosys/techmap.v
Parsing Verilog input from `/usr/local/bin/../share/yosys/techmap.v' to AST representation.
Generating RTLIL representation for module `\_90_simplemap_bool_ops'.
Generating RTLIL representation for module `\_90_simplemap_reduce_ops'.
Generating RTLIL representation for module `\_90_simplemap_logic_ops'.
Generating RTLIL representation for module `\_90_simplemap_compare_ops'.
Generating RTLIL representation for module `\_90_simplemap_various'.
Generating RTLIL representation for module `\_90_simplemap_registers'.
Generating RTLIL representation for module `\_90_shift_ops_shr_shl_sshl_sshr'.
Generating RTLIL representation for module `\_90_shift_shiftx'.
Generating RTLIL representation for module `\_90_fa'.
Generating RTLIL representation for module `\_90_lcu_brent_kung'.
Generating RTLIL representation for module `\_90_alu'.
Generating RTLIL representation for module `\_90_macc'.
Generating RTLIL representation for module `\_90_alumacc'.
Generating RTLIL representation for module `\$__div_mod_u'.
Generating RTLIL representation for module `\$__div_mod_trunc'.
Generating RTLIL representation for module `\_90_div'.
Generating RTLIL representation for module `\_90_mod'.
Generating RTLIL representation for module `\$__div_mod_floor'.
Generating RTLIL representation for module `\_90_divfloor'.
Generating RTLIL representation for module `\_90_modfloor'.
Generating RTLIL representation for module `\_90_pow'.
Generating RTLIL representation for module `\_90_pmux'.
Generating RTLIL representation for module `\_90_demux'.
Generating RTLIL representation for module `\_90_lut'.
Successfully finished Verilog frontend.

3.20.2. Continuing TECHMAP pass.
Using template $paramod$6fc37af1c109ae54e8aed83fcd995c12d378ce93\_90_alu for cells of type $alu.
Using extmapper simplemap for cells of type $eq.
Using extmapper simplemap for cells of type $xor.
Using extmapper simplemap for cells of type $sdff.
Using extmapper simplemap for cells of type $mux.
Using extmapper simplemap for cells of type $sdffe.
Using extmapper simplemap for cells of type $dffe.
Using extmapper simplemap for cells of type $and.
Using template $paramod\_90_lcu_brent_kung\WIDTH=32'00000000000000000000000000010100 for cells of type $lcu.
Using extmapper simplemap for cells of type $pos.
Using extmapper simplemap for cells of type $not.
Using extmapper simplemap for cells of type $or.
No more expansions possible.
<suppressed ~322 debug messages>

3.21. Executing OPT pass (performing simple optimizations).

3.21.1. Executing OPT_EXPR pass (perform const folding).
Optimizing module phase_accumulator.
<suppressed ~32 debug messages>

3.21.2. Executing OPT_MERGE pass (detect identical cells).
Finding identical cells in module `\phase_accumulator'.
<suppressed ~6 debug messages>
Removed a total of 2 cells.

3.21.3. Executing OPT_DFF pass (perform DFF optimizations).

3.21.4. Executing OPT_CLEAN pass (remove unused cells and wires).
Finding unused cells or wires in module \phase_accumulator..
Removed 29 unused cells and 38 unused wires.
<suppressed ~30 debug messages>

3.21.5. Finished fast OPT passes.

3.22. Executing ABC pass (technology mapping using ABC).

3.22.1. Extracting gate netlist of module `\phase_accumulator' to `<abc-temp-dir>/input.blif'..
Extracted 149 gates and 208 wires to a netlist network with 57 inputs and 25 outputs.

3.22.1.1. Executing ABC.
Running ABC command: "<yosys-exe-dir>/yosys-abc" -s -f <abc-temp-dir>/abc.script 2>&1
ABC: ABC command line: "source <abc-temp-dir>/abc.script".
ABC: 
ABC: + read_blif <abc-temp-dir>/input.blif 
ABC: + read_library <abc-temp-dir>/stdcells.genlib 
ABC: Entered genlib library with 13 gates from file "<abc-temp-dir>/stdcells.genlib".
ABC: + strash 
ABC: + dretime 
ABC: + map 
ABC: + write_blif <abc-temp-dir>/output.blif 

3.22.1.2. Re-integrating ABC results.
ABC RESULTS:               AND cells:        9
ABC RESULTS:            ANDNOT cells:       31
ABC RESULTS:               MUX cells:       10
ABC RESULTS:              NAND cells:       12
ABC RESULTS:               NOR cells:       16
ABC RESULTS:                OR cells:       26
ABC RESULTS:             ORNOT cells:        2
ABC RESULTS:              XNOR cells:       22
ABC RESULTS:               XOR cells:       18
ABC RESULTS:        internal signals:      126
ABC RESULTS:           input signals:       57
ABC RESULTS:          output signals:       25
Removing temp directory.

3.23. Executing OPT pass (performing simple optimizations).

3.23.1. Executing OPT_EXPR pass (perform const folding).
Optimizing module phase_accumulator.

3.23.2. Executing OPT_MERGE pass (detect identical cells).
Finding identical cells in module `\phase_accumulator'.
<suppressed ~9 debug messages>
Removed a total of 3 cells.

3.23.3. Executing OPT_DFF pass (perform DFF optimizations).

3.23.4. Executing OPT_CLEAN pass (remove unused cells and wires).
Finding unused cells or wires in module \phase_accumulator..
Removed 0 unused cells and 148 unused wires.
<suppressed ~1 debug messages>

3.23.5. Finished fast OPT passes.

3.24. Executing HIERARCHY pass (managing design hierarchy).
Attribute `top' found on module `phase_accumulator'. Setting top module to phase_accumulator.

3.24.1. Analyzing design hierarchy..
Top module:  \phase_accumulator

3.24.2. Analyzing design hierarchy..
Top module:  \phase_accumulator
Removed 0 unused modules.

3.25. Printing statistics.

=== phase_accumulator ===

   Number of wires:                133
   Number of wire bits:            227
   Number of public wires:           9
   Number of public wire bits:      65
   Number of ports:                  6
   Number of port bits:             26
   Number of memories:               0
   Number of memory bits:            0
   Number of processes:              0
   Number of cells:                183
     $_ANDNOT_                      31
     $_AND_                          8
     $_DFFE_PP_                      1
     $_MUX_                         10
     $_NAND_                        12
     $_NOR_                         16
     $_ORNOT_                        2
     $_OR_                          25
     $_SDFFE_PN0P_                  31
     $_SDFF_PN0_                     6
     $_SDFF_PN1_                     1
     $_XNOR_                        22
     $_XOR_                         18

3.26. Executing CHECK pass (checking for obvious problems).
Checking module phase_accumulator...
Found and reported 0 problems.

4. Executing DFFLIBMAP pass (mapping DFF cells to sequential cells from liberty file).
  cell DFFNEGX1 (noninv, pins=3, area=864.00) is a direct match for cell type $_DFF_N_.
  cell DFFPOSX1 (noninv, pins=3, area=864.00) is a direct match for cell type $_DFF_P_.
  cell DFFSR (noninv, pins=5, area=1584.00) is a direct match for cell type $_DFFSR_PNN_.
  final dff cell mappings:
    \DFFNEGX1 _DFF_N_ (.CLK( C), .D( D), .Q( Q));
    \DFFPOSX1 _DFF_P_ (.CLK( C), .D( D), .Q( Q));
    unmapped dff cell: $_DFF_NN0_
    unmapped dff cell: $_DFF_NN1_
    unmapped dff cell: $_DFF_NP0_
    unmapped dff cell: $_DFF_NP1_
    unmapped dff cell: $_DFF_PN0_
    unmapped dff cell: $_DFF_PN1_
    unmapped dff cell: $_DFF_PP0_
    unmapped dff cell: $_DFF_PP1_
    unmapped dff cell: $_DFFE_NN_
    unmapped dff cell: $_DFFE_NP_
    unmapped dff cell: $_DFFE_PN_
    unmapped dff cell: $_DFFE_PP_
    unmapped dff cell: $_DFFSR_NNN_
    unmapped dff cell: $_DFFSR_NNP_
    unmapped dff cell: $_DFFSR_NPN_
    unmapped dff cell: $_DFFSR_NPP_
    \DFFSR _DFFSR_PNN_ (.CLK( C), .D( D), .Q( Q), .R( R), .S( S));
    unmapped dff cell: $_DFFSR_PNP_
    unmapped dff cell: $_DFFSR_PPN_
    unmapped dff cell: $_DFFSR_PPP_

4.1. Executing DFFLEGALIZE pass (convert FFs to types supported by the target).
Mapping DFF cells in module `\phase_accumulator':
  mapped 39 $_DFF_P_ cells to \DFFPOSX1 cells.

5. Executing OPT pass (performing simple optimizations).

5.1. Executing OPT_EXPR pass (perform const folding).
Optimizing module phase_accumulator.

5.2. Executing OPT_MERGE pass (detect identical cells).
Finding identical cells in module `\phase_accumulator'.
Removed a total of 0 cells.

5.3. Executing OPT_MUXTREE pass (detect dead branches in mux trees).
Running muxtree optimizer on module \phase_accumulator..
  Creating internal representation of mux trees.
  No muxes found in this module.
Removed 0 multiplexer ports.

5.4. Executing OPT_REDUCE pass (consolidate $*mux and $reduce_* inputs).
  Optimizing cells in module \phase_accumulator.
Performed a total of 0 changes.

5.5. Executing OPT_MERGE pass (detect identical cells).
Finding identical cells in module `\phase_accumulator'.
Removed a total of 0 cells.

5.6. Executing OPT_DFF pass (perform DFF optimizations).

5.7. Executing OPT_CLEAN pass (remove unused cells and wires).
Finding unused cells or wires in module \phase_accumulator..

5.8. Executing OPT_EXPR pass (perform const folding).
Optimizing module phase_accumulator.

5.9. Finished OPT passes. (There is nothing left to do.)

6. Executing ABC pass (technology mapping using ABC).

6.1. Extracting gate netlist of module `\phase_accumulator' to `<abc-temp-dir>/input.blif'..
Extracted 214 gates and 276 wires to a netlist network with 60 inputs and 41 outputs.

6.1.1. Executing ABC.
Running ABC command: "/usr/local/share/qflow/bin/yosys-abc" -s -f <abc-temp-dir>/abc.script 2>&1
ABC: ABC command line: "source <abc-temp-dir>/abc.script".
ABC: 
ABC: + read_blif <abc-temp-dir>/input.blif 
ABC: + read_lib -w /usr/local/share/qflow/tech/etri050/etri05_stdcells.lib 
ABC: Parsing finished successfully.  Parsing time =     0.00 sec
ABC: Scl_LibertyReadGenlib() skipped sequential cell "DFFNEGX1".
ABC: Scl_LibertyReadGenlib() skipped sequential cell "DFFPOSX1".
ABC: Scl_LibertyReadGenlib() skipped sequential cell "DFFSR".
ABC: Scl_LibertyReadGenlib() skipped cell "FAX1" due to dont_use attribute.
ABC: Scl_LibertyReadGenlib() skipped cell "HAX1" due to dont_use attribute.
ABC: Scl_LibertyReadGenlib() skipped sequential cell "LATCH".
ABC: Scl_LibertyReadGenlib() skipped three-state cell "PADINOUT".
ABC: Scl_LibertyReadGenlib() skipped cell "TBUFX1" due to dont_use attribute.
ABC: Scl_LibertyReadGenlib() skipped cell "TBUFX2" due to dont_use attribute.
ABC: Scl_LibertyReadGenlib() skipped cell "XNOR2X1" due to dont_use attribute.
ABC: Scl_LibertyReadGenlib() skipped cell "XOR2X1" due to dont_use attribute.
ABC: Scl_LibertyReadGenlib() skipped cell "PADFC" without logic function.
ABC: Scl_LibertyReadGenlib() skipped cell "PADNC" without logic function.
ABC: Scl_LibertyReadGenlib() skipped cell "PADVDD" without logic function.
ABC: Scl_LibertyReadGenlib() skipped cell "PADGND" without logic function.
ABC: Library "etri05_stdcells" from "/usr/local/share/qflow/tech/etri050/etri05_stdcells.lib" has 24 cells (9 skipped: 4 seq; 1 tri-state; 4 no func; 6 dont_use).  Time =     0.00 sec
ABC: Memory =    0.51 MB. Time =     0.00 sec
ABC: + strash 
ABC: + scorr 
ABC: Warning: The network is combinational (run "fraig" or "fraig_sweep").
ABC: + ifraig 
ABC: + retime 
ABC: + strash 
ABC: + dch -f 
ABC: + map -M 1 
ABC: + write_blif <abc-temp-dir>/output.blif 

6.1.2. Re-integrating ABC results.
ABC RESULTS:            AND2X2 cells:       19
ABC RESULTS:           AOI21X1 cells:       49
ABC RESULTS:           AOI22X1 cells:        1
ABC RESULTS:             INVX1 cells:       40
ABC RESULTS:           NAND2X1 cells:       61
ABC RESULTS:           NAND3X1 cells:        7
ABC RESULTS:            NOR2X1 cells:       52
ABC RESULTS:           OAI21X1 cells:       66
ABC RESULTS:             OR2X2 cells:       18
ABC RESULTS:        internal signals:      175
ABC RESULTS:           input signals:       60
ABC RESULTS:          output signals:       41
Removing temp directory.

7. Executing FLATTEN pass (flatten design).

8. Executing SETUNDEF pass (replace undef values with defined constants).
Removed 0 unused cells and 256 unused wires.

9. Executing IOPADMAP pass (mapping inputs/outputs to IO-PAD cells).
Mapping port phase_accumulator.Aout using BUFX2.
Don't map input port phase_accumulator.En: Missing option -inpad.
Don't map input port phase_accumulator.FCW: Missing option -inpad.
Mapping port phase_accumulator.ISout using BUFX2.
Mapping port phase_accumulator.Vld using BUFX2.
Don't map input port phase_accumulator.clk: Missing option -inpad.

10. Executing OPT pass (performing simple optimizations).

10.1. Executing OPT_EXPR pass (perform const folding).
Optimizing module phase_accumulator.

10.2. Executing OPT_MERGE pass (detect identical cells).
Finding identical cells in module `\phase_accumulator'.
Removed a total of 0 cells.

10.3. Executing OPT_MUXTREE pass (detect dead branches in mux trees).
Running muxtree optimizer on module \phase_accumulator..
  Creating internal representation of mux trees.
  No muxes found in this module.
Removed 0 multiplexer ports.

10.4. Executing OPT_REDUCE pass (consolidate $*mux and $reduce_* inputs).
  Optimizing cells in module \phase_accumulator.
Performed a total of 0 changes.

10.5. Executing OPT_MERGE pass (detect identical cells).
Finding identical cells in module `\phase_accumulator'.
Removed a total of 0 cells.

10.6. Executing OPT_DFF pass (perform DFF optimizations).

10.7. Executing OPT_CLEAN pass (remove unused cells and wires).
Finding unused cells or wires in module \phase_accumulator..
Removed 0 unused cells and 1 unused wires.
<suppressed ~1 debug messages>

10.8. Executing OPT_EXPR pass (perform const folding).
Optimizing module phase_accumulator.

10.9. Rerunning OPT passes. (Maybe there is more to do..)

10.10. Executing OPT_MUXTREE pass (detect dead branches in mux trees).
Running muxtree optimizer on module \phase_accumulator..
  Creating internal representation of mux trees.
  No muxes found in this module.
Removed 0 multiplexer ports.

10.11. Executing OPT_REDUCE pass (consolidate $*mux and $reduce_* inputs).
  Optimizing cells in module \phase_accumulator.
Performed a total of 0 changes.

10.12. Executing OPT_MERGE pass (detect identical cells).
Finding identical cells in module `\phase_accumulator'.
Removed a total of 0 cells.

10.13. Executing OPT_DFF pass (perform DFF optimizations).

10.14. Executing OPT_CLEAN pass (remove unused cells and wires).
Finding unused cells or wires in module \phase_accumulator..

10.15. Executing OPT_EXPR pass (perform const folding).
Optimizing module phase_accumulator.

10.16. Finished OPT passes. (There is nothing left to do.)

11. Executing Verilog backend.

11.1. Executing BMUXMAP pass.

11.2. Executing DEMUXMAP pass.
Dumping module `\phase_accumulator'.

12. Printing statistics.

=== phase_accumulator ===

   Number of wires:                322
   Number of wire bits:            379
   Number of public wires:         322
   Number of public wire bits:     379
   Number of ports:                  6
   Number of port bits:             26
   Number of memories:               0
   Number of memory bits:            0
   Number of processes:              0
   Number of cells:                356
     AND2X2                         19
     AOI21X1                        49
     AOI22X1                         1
     BUFX2                           4
     DFFPOSX1                       39
     INVX1                          40
     NAND2X1                        61
     NAND3X1                         7
     NOR2X1                         52
     OAI21X1                        66
     OR2X2                          18

End of script. Logfile hash: aaa2facbc2, CPU: user 0.07s system 0.03s, MEM: 18.02 MB peak
Yosys 0.50+0 (git sha1 6f9c515a2, clang++ 14.0.0-1ubuntu1.1 -fPIC -O3)
Time spent: 46% 2x abc (0 sec), 11% 23x opt_expr (0 sec), ...
Running getpowerground to determine power and ground net names.
getpowerground.tcl  /usr/local/share/qflow/tech/etri050/etri050_stdcells.lef
Running vlogFanout
vlogFanout -l 300 -c 75 -I phase_accumulator_nofanout -s nullstring -p /usr/local/share/qflow/tech/etri050/etri05_stdcells.lib -b BUFX2,CLKBUF1 -i A,A -o Y,Y phase_accumulator_mapped.v phase_accumulator_sized.v

vlogFanout for qflow 1.4.100
Parsing library "etri05_stdcells"
End of library at line 6613
Lib Read:  Processed 6615 lines.
Top internal fanout is 32 (load 1339.75) from node RdyCtl[6],
driven by DFFPOSX1 with strength 549.757 (fF driven at latency 300)
Top fanout load-to-strength ratio is 5.76001 (latency = 1728 ps)
Top input node fanout is 39 (load 1947.23) from node clk.
0 gates exceed specified minimum load.
21 buffers were added.
Warning 1: load of 225.892 is 1.06459 times greater than strongest gate AOI21X1
This warning will only be repeated for larger overload ratios.  Warning count reflects
the total number of overloaded nets.
Warning 2: load of 1349.75 is 2.45517 times greater than strongest gate DFFPOSX1
2 gates were changed.

Gate counts by drive strength:

	"1" gates	In: 321    	Out: 319    	-2
	"2" gates	In: 56    	Out: 57    	+1

2 gates exceed specified minimum load.
0 buffers were added.
0 gates were changed.

Gate counts by drive strength:

	"1" gates	In: 321    	Out: 319    	-2
	"2" gates	In: 56    	Out: 57    	+1

Number of gates changed: 0
Running vlog2Verilog for antenna cell mapping.
vlog2Verilog -c -p -v vdd -g gnd  -l /usr/local/share/qflow/tech/etri050/etri050_stdcells.lef 
   -o phase_accumulator.v phase_accumulator_sized.v

Generating RTL verilog and SPICE netlist file in directory
	 /home/ji/ETRI-0.5um-CMOS-MPW-Std-Cell-DK/design/MyChip/2025_1st/DDFS/2_Splited_IO/2_1_Phase_Acc/synthesis
Files:
   Verilog: /home/ji/ETRI-0.5um-CMOS-MPW-Std-Cell-DK/design/MyChip/2025_1st/DDFS/2_Splited_IO/2_1_Phase_Acc/synthesis/phase_accumulator.rtl.v
   Verilog: /home/ji/ETRI-0.5um-CMOS-MPW-Std-Cell-DK/design/MyChip/2025_1st/DDFS/2_Splited_IO/2_1_Phase_Acc/synthesis/phase_accumulator.rtlnopwr.v
   Verilog: /home/ji/ETRI-0.5um-CMOS-MPW-Std-Cell-DK/design/MyChip/2025_1st/DDFS/2_Splited_IO/2_1_Phase_Acc/synthesis/phase_accumulator.rtlbb.v
   Spice:   /home/ji/ETRI-0.5um-CMOS-MPW-Std-Cell-DK/design/MyChip/2025_1st/DDFS/2_Splited_IO/2_1_Phase_Acc/synthesis/phase_accumulator.spc

Running vlog2Verilog.
vlog2Verilog -c -v vdd -g gnd  -l /usr/local/share/qflow/tech/etri050/etri050_stdcells.lef 
	-o phase_accumulator.rtl.v
   phase_accumulator.v
vlog2Verilog -c -p -v vdd -g gnd  -l /usr/local/share/qflow/tech/etri050/etri050_stdcells.lef 
	-o phase_accumulator.rtlnopwr.v
   phase_accumulator.v
/usr/local/share/qflow/bin/vlog2Verilog -c -p -b -n -v vdd -g gnd  -l /usr/local/share/qflow/tech/etri050/etri050_stdcells.lef
   -o phase_accumulator.rtlbb.v
Running vlog2Spice.
vlog2Spice -i -l  /usr/local/share/qflow/tech/etri050/etri050_stdcells.sp -o phase_accumulator.spc phase_accumulator.rtl.v
Running spi2xspice.py
spi2xspice.py "/usr/local/share/qflow/tech/etri050/etri05_stdcells.lib" phase_accumulator.spc phase_accumulator.xspice

Synthesis script ended on Thu Feb 27 19:36:44 KST 2025
