Qflow DRC logfile created on Tue Nov 25 08:30:06 PM KST 2025
magic -dnull -noconsole  /home/haeun/ETRI-0.5um-CMOS-MPW-Std-Cell-DK/design/MyChip/2025_1st/NCO/2_Splited_IO/top_layout/layout/run_drc_nco.tcl

Magic 8.3 revision 529 - Compiled on Mon Jun 16 02:35:45 AM KST 2025.
Starting magic under Tcl interpreter
Using the terminal as the console.
WARNING: RLIMIT_NOFILE is above 1024 and Tcl_Version<9 this may cause runtime issues [rlim_cur=1048576]
Using NULL graphics device.
Processing system .magicrc file
Input style lambda=0.30(p): scaleFactor=30, multiplier=1
Contact size value ignored (using GDS generation rules).
Contact size value ignored (using GDS generation rules).
Contact size value ignored (using GDS generation rules).
Contact size value ignored (using GDS generation rules).
Contact size value ignored (using GDS generation rules).
Contact size value ignored (using GDS generation rules).
The following types are not handled by extraction and will be treated as non-electrical types:
    n_field_implant p_field_implant nselect pselect glass filln filla fillb xp m1p m2p m3p comment bb 
2 Magic internal units = 1 Lambda
Loading "/home/haeun/ETRI-0.5um-CMOS-MPW-Std-Cell-DK/design/MyChip/2025_1st/NCO/2_Splited_IO/top_layout/layout/run_drc_nco.tcl" from command line.
Reading LEF data from file /usr/local/share/qflow/tech/etri050/etri050_stdcells.lef.
This action cannot be undone.
LEF read: Processed 3266 lines.
Cell nco read from current working directory
Processing timestamp mismatches.
Timestamp mismatches found in these cells: MUX2X1, NOR3X1, OAI22X1, INVX4, INVX8, INVX2, NAND3X1, AND2X2, OR2X2, NAND2X1, INVX1, AOI22X1, AOI21X1, OAI21X1, NOR2X1, DFFPOSX1, BUFX2, CLKBUF1, FILL.
drc = 267
DRC failure:  There are 267 DRC errors in the layout.
Premature exit.
Synthesis flow stopped due to error condition.
