Qflow placement logfile created on Tue Nov 25 08:13:10 PM KST 2025
Running vlog2Cel to generate input files for graywolf
vlog2Cel  -l  /usr/local/share/qflow/tech/etri050/etri050_stdcells.lef -u 100 -o /home/haeun/ETRI-0.5um-CMOS-MPW-Std-Cell-DK/design/MyChip/2025_1st/NCO/2_Splited_IO/top_layout/layout/nco.cel /home/haeun/ETRI-0.5um-CMOS-MPW-Std-Cell-DK/design/MyChip/2025_1st/NCO/2_Splited_IO/top_layout/synthesis/nco.rtlnopwr.v
No nco.cel1 file found for project. . . no partial blockages to apply to layout.
Running decongest to set initial density of 0.7
decongest.tcl nco  /usr/local/share/qflow/tech/etri050/etri050_stdcells.lef FILL,,, 0.7 --units=100 --lib=/usr/local/share/qflow/tech/etri050/etri05_stdcells.lib
Reading FILL {} {} {} macros from LEF file.
Unexpected input in LEF file:  Only macro defs were expected!
Line is:   NOWIREEXTENSIONATPIN ON ;
decongest.tcl:
Fixed density planning, density = 0.7
Number of cells = 8241, total width = 12762300
Width of fill = 5469557
Width of decap = 0
Width of antenna = 0
Width of body ties = 0

Done!
No nco.cel2 file found for project. . . continuing without pin placement hints
Running GrayWolf placement
graywolf  nco

twflow version:2.1 date:Mon May 25 21:15:08 EDT 1992
Authors: Bill Swartz, Carl Sechen
         Yale University

syntax version:v1.1 date:Mon May 25 21:11:10 EDT 1992
TimberWolf System Syntax Checker
Authors: Carl Sechen, Kai-Win Lee, Bill Swartz,
         Dahe Chen, and Jimmy Lam
         Yale University

Read   50 objects so far...
Read  100 objects so far...
Read  150 objects so far...
Read  200 objects so far...
Read  250 objects so far...
Read  300 objects so far...
Read  350 objects so far...
Read  400 objects so far...
Read  450 objects so far...
Read  500 objects so far...
Read  550 objects so far...
Read  600 objects so far...
Read  650 objects so far...
Read  700 objects so far...
Read  750 objects so far...
Read  800 objects so far...
Read  850 objects so far...
Read  900 objects so far...
Read  950 objects so far...
Read 1000 objects so far...
Read 1050 objects so far...
Read 1100 objects so far...
Read 1150 objects so far...
Read 1200 objects so far...
Read 1250 objects so far...
Read 1300 objects so far...
Read 1350 objects so far...
Read 1400 objects so far...
Read 1450 objects so far...
Read 1500 objects so far...
Read 1550 objects so far...
Read 1600 objects so far...
Read 1650 objects so far...
Read 1700 objects so far...
Read 1750 objects so far...
Read 1800 objects so far...
Read 1850 objects so far...
Read 1900 objects so far...
Read 1950 objects so far...
Read 2000 objects so far...
Read 2050 objects so far...
Read 2100 objects so far...
Read 2150 objects so far...
Read 2200 objects so far...
Read 2250 objects so far...
Read 2300 objects so far...
Read 2350 objects so far...
Read 2400 objects so far...
Read 2450 objects so far...
Read 2500 objects so far...
Read 2550 objects so far...
Read 2600 objects so far...
Read 2650 objects so far...
Read 2700 objects so far...
Read 2750 objects so far...
Read 2800 objects so far...
Read 2850 objects so far...
Read 2900 objects so far...
Read 2950 objects so far...
Read 3000 objects so far...
Read 3050 objects so far...
Read 3100 objects so far...
Read 3150 objects so far...
Read 3200 objects so far...
Read 3250 objects so far...
Read 3300 objects so far...
Read 3350 objects so far...
Read 3400 objects so far...
Read 3450 objects so far...
Read 3500 objects so far...
Read 3550 objects so far...
Read 3600 objects so far...
Read 3650 objects so far...
Read 3700 objects so far...
Read 3750 objects so far...
Read 3800 objects so far...
Read 3850 objects so far...
Read 3900 objects so far...
Read 3950 objects so far...
Read 4000 objects so far...
Read 4050 objects so far...
Read 4100 objects so far...
Read 4150 objects so far...
Read 4200 objects so far...
Read 4250 objects so far...
Read 4300 objects so far...
Read 4350 objects so far...
Read 4400 objects so far...
Read 4450 objects so far...
Read 4500 objects so far...
Read 4550 objects so far...
Read 4600 objects so far...
Read 4650 objects so far...
Read 4700 objects so far...
Read 4750 objects so far...
Read 4800 objects so far...
Read 4850 objects so far...
Read 4900 objects so far...
Read 4950 objects so far...
Read 5000 objects so far...
Read 5050 objects so far...
Read 5100 objects so far...
Read 5150 objects so far...
Read 5200 objects so far...
Read 5250 objects so far...
Read 5300 objects so far...
Read 5350 objects so far...
Read 5400 objects so far...
Read 5450 objects so far...
Read 5500 objects so far...
Read 5550 objects so far...
Read 5600 objects so far...
Read 5650 objects so far...
Read 5700 objects so far...
Read 5750 objects so far...
Read 5800 objects so far...
Read 5850 objects so far...
Read 5900 objects so far...
Read 5950 objects so far...
Read 6000 objects so far...
Read 6050 objects so far...
Read 6100 objects so far...
Read 6150 objects so far...
Read 6200 objects so far...
Read 6250 objects so far...
Read 6300 objects so far...
Read 6350 objects so far...
Read 6400 objects so far...
Read 6450 objects so far...
Read 6500 objects so far...
Read 6550 objects so far...
Read 6600 objects so far...
Read 6650 objects so far...
Read 6700 objects so far...
Read 6750 objects so far...
Read 6800 objects so far...
Read 6850 objects so far...
Read 6900 objects so far...
Read 6950 objects so far...
Read 7000 objects so far...
Read 7050 objects so far...
Read 7100 objects so far...
Read 7150 objects so far...
Read 7200 objects so far...
Read 7250 objects so far...
Read 7300 objects so far...
Read 7350 objects so far...
Read 7400 objects so far...
Read 7450 objects so far...
Read 7500 objects so far...
Read 7550 objects so far...
Read 7600 objects so far...
Read 7650 objects so far...
Read 7700 objects so far...
Read 7750 objects so far...
Read 7800 objects so far...
Read 7850 objects so far...
Read 7900 objects so far...
Read 7950 objects so far...
Read 8000 objects so far...
Read 8050 objects so far...
Read 8100 objects so far...
Read 8150 objects so far...
Read 8200 objects so far...
Read 8250 objects so far...
No syntax errors were found

syntax terminated normally with no errors and 0 warning[s]


nocut - replacement for Mincut version:v1.0 date:Mon May 25 21:09:40 EDT 1992
TimberWolf System Floorplan Setup Program
Authors: Carl Sechen, Bill Swartz,
         Yale University

Read   50 objects so far...
Read  100 objects so far...
Read  150 objects so far...
Read  200 objects so far...
Read  250 objects so far...
Read  300 objects so far...
Read  350 objects so far...
Read  400 objects so far...
Read  450 objects so far...
Read  500 objects so far...
Read  550 objects so far...
Read  600 objects so far...
Read  650 objects so far...
Read  700 objects so far...
Read  750 objects so far...
Read  800 objects so far...
Read  850 objects so far...
Read  900 objects so far...
Read  950 objects so far...
Read 1000 objects so far...
Read 1050 objects so far...
Read 1100 objects so far...
Read 1150 objects so far...
Read 1200 objects so far...
Read 1250 objects so far...
Read 1300 objects so far...
Read 1350 objects so far...
Read 1400 objects so far...
Read 1450 objects so far...
Read 1500 objects so far...
Read 1550 objects so far...
Read 1600 objects so far...
Read 1650 objects so far...
Read 1700 objects so far...
Read 1750 objects so far...
Read 1800 objects so far...
Read 1850 objects so far...
Read 1900 objects so far...
Read 1950 objects so far...
Read 2000 objects so far...
Read 2050 objects so far...
Read 2100 objects so far...
Read 2150 objects so far...
Read 2200 objects so far...
Read 2250 objects so far...
Read 2300 objects so far...
Read 2350 objects so far...
Read 2400 objects so far...
Read 2450 objects so far...
Read 2500 objects so far...
Read 2550 objects so far...
Read 2600 objects so far...
Read 2650 objects so far...
Read 2700 objects so far...
Read 2750 objects so far...
Read 2800 objects so far...
Read 2850 objects so far...
Read 2900 objects so far...
Read 2950 objects so far...
Read 3000 objects so far...
Read 3050 objects so far...
Read 3100 objects so far...
Read 3150 objects so far...
Read 3200 objects so far...
Read 3250 objects so far...
Read 3300 objects so far...
Read 3350 objects so far...
Read 3400 objects so far...
Read 3450 objects so far...
Read 3500 objects so far...
Read 3550 objects so far...
Read 3600 objects so far...
Read 3650 objects so far...
Read 3700 objects so far...
Read 3750 objects so far...
Read 3800 objects so far...
Read 3850 objects so far...
Read 3900 objects so far...
Read 3950 objects so far...
Read 4000 objects so far...
Read 4050 objects so far...
Read 4100 objects so far...
Read 4150 objects so far...
Read 4200 objects so far...
Read 4250 objects so far...
Read 4300 objects so far...
Read 4350 objects so far...
Read 4400 objects so far...
Read 4450 objects so far...
Read 4500 objects so far...
Read 4550 objects so far...
Read 4600 objects so far...
Read 4650 objects so far...
Read 4700 objects so far...
Read 4750 objects so far...
Read 4800 objects so far...
Read 4850 objects so far...
Read 4900 objects so far...
Read 4950 objects so far...
Read 5000 objects so far...
Read 5050 objects so far...
Read 5100 objects so far...
Read 5150 objects so far...
Read 5200 objects so far...
Read 5250 objects so far...
Read 5300 objects so far...
Read 5350 objects so far...
Read 5400 objects so far...
Read 5450 objects so far...
Read 5500 objects so far...
Read 5550 objects so far...
Read 5600 objects so far...
Read 5650 objects so far...
Read 5700 objects so far...
Read 5750 objects so far...
Read 5800 objects so far...
Read 5850 objects so far...
Read 5900 objects so far...
Read 5950 objects so far...
Read 6000 objects so far...
Read 6050 objects so far...
Read 6100 objects so far...
Read 6150 objects so far...
Read 6200 objects so far...
Read 6250 objects so far...
Read 6300 objects so far...
Read 6350 objects so far...
Read 6400 objects so far...
Read 6450 objects so far...
Read 6500 objects so far...
Read 6550 objects so far...
Read 6600 objects so far...
Read 6650 objects so far...
Read 6700 objects so far...
Read 6750 objects so far...
Read 6800 objects so far...
Read 6850 objects so far...
Read 6900 objects so far...
Read 6950 objects so far...
Read 7000 objects so f
----------------------------
Total stdcells     :8241
Total cell width   :1.82e+07
Total cell height  :2.97e+07
Total cell area    :6.56e+10
Total core area    :6.56e+10
Average cell height:3.60e+03

ar...
Read 7050 objects so far...
Read 7100 objects so far...
Read 7150 objects so far...
Read 7200 objects so far...
Read 7250 objects so far...
Read 7300 objects so far...
Read 7350 objects so far...
Read 7400 objects so far...
Read 7450 objects so far...
Read 7500 objects so far...
Read 7550 objects so far...
Read 7600 objects so far...
Read 7650 objects so far...
Read 7700 objects so far...
Read 7750 objects so far...
Read 7800 objects so far...
Read 7850 objects so far...
Read 7900 objects so far...
Read 7950 objects so far...
Read 8000 objects so far...
Read 8050 objects so far...
Read 8100 objects so far...
Read 8150 objects so far...
Read 8200 objects so far...
Read 8250 objects so far...
Splitting nco.cel into nco.scel and nco.mcel...
	done!


nocut - replacement for Mincut terminated normally with no errors and 0 warning[s]


TimberWolfMC version:v2.2 date:Mon May 25 21:18:34 EDT 1992
Authors: Carl Sechen, Bill Swartz, Kai-Win Lee
         Dahe Chen, and Jimmy Lam
         Yale University

config version:v1.0 date:Mon May 25 20:57:18 EDT 1992
Row configuration program
    Yale University


config switches:
	Graphics mode on
	config will inherit window


Note: restore state file exists:nco


config terminated normally with no errors and 0 warning[s]


TimberWolfMC terminated normally with no errors and 0 warning[s]

WARNING[findcost]:Net <vdd> has 384 pins
WARNING[findcost]:Net <gnd> has 416 pins


TimberWolfSC switches:
	Graphics mode on
	TimberWolfSC will inherit window

TimberWolfSC version:v6.0 date:Mon May 25 21:19:07 EDT 1992
Row-Based Placement and Global Routing Program
Authors: Carl Sechen, Kai-Win Lee, and Bill Swartz,
         Yale University
  0 
  1   2   3   4   5   6   7   8   9  10  11  12  13  14  15 
 16  17  18  19  20  21  22  23  24  25  26  27  28  29  30 
 31  32  33  34  35  36  37  38  39  40  41  42  43  44  45 
 46  47  48  49  50  51  52  53  54  55  56  57  58  59  60 
 61  62  63  64  65  66  67  68  69  70  71  72  73  74  75 
 76  77  78  79  80  81  82  83  84  85  86  87  88  89  90 
 91  92  93  94  95  96  97  98  99 100 101 102 103 104 105 
106 107 108 109 110 111 112 113 114 115 116 117 118 119 120 
121 122 123 124 125 126 127 128 129 130 131 132 133 134 135 
136 137 138 139 140 141 142 143 144 145 146 147 148 149 150 
151 152 153 154 155 156 157 158 
 block left edge is at -299
 the longest block length is 270900
 building the steiner trees
 rebuilding the steiner tree

----start doing coarse global routing ------ 
 ITERATION  1

  longest Row is:46   Its length is:257700
 doing feed-through pins assignment
 building the net-tree now !
 set up the global routing grids
 the starting value of tracks = 1433
 tracks = 1420 at attempts =  1000
 tracks = 1413 at attempts =  2000
 tracks = 1411 at attempts =  3000
 tracks = 1405 at attempts =  4000
 tracks = 1403 at attempts =  5000
 tracks = 1398 at attempts =  6000
 tracks = 1395 at attempts =  7000
 tracks = 1392 at attempts =  8000
 tracks = 1389 at attempts =  9000
 tracks = 1385 at attempts = 10000
 tracks = 1380 at attempts = 11000
 tracks = 1380 at attempts = 12000
 tracks = 1379 at attempts = 13000
 tracks = 1379 at attempts = 14000
 tracks = 1376 at attempts = 15000
 tracks = 1376 at attempts = 16000
 tracks = 1376 at attempts = 17000
 tracks = 1376 at attempts = 18000
 tracks = 1375 at attempts = 19000
 tracks = 1375 at attempts = 20000
 tracks = 1374 at attempts = 21000
 tracks = 1373 at attempts = 22000
 tracks = 1373 at attempts = 23000
 tracks = 1373 at attempts = 24000
 tracks = 1373 at attempts = 25000
 tracks = 1372 at attempts = 26000
 tracks = 1372 at attempts = 27000
 tracks = 1372 at attempts = 28000
 tracks = 1371 at attempts = 29000
 tracks = 1371 at attempts = 30000
 tracks = 1370 at attempts = 31000
 tracks = 1370 at attempts = 32000
 tracks = 1370 at attempts = 33000
 tracks = 1370 at attempts = 34000
 tracks = 1370 at attempts = 35000
 tracks = 1370 at attempts = 36000
 tracks = 1370 at attempts = 37000
 tracks = 1370 at attempts = 38000
 tracks = 1370 at attempts = 39000
 tracks = 1370 at attempts = 40000
 tracks = 1370 at attempts = 41000
 tracks = 1370 at attempts = 42000
 tracks = 1370 at attempts = 43000
 tracks = 1369 at attempts = 44000
 tracks = 1368 at attempts = 45000
 tracks = 1368 at attempts = 46000
 tracks = 1368 at attempts = 47000
 tracks = 1368 at attempts = 48000
 tracks = 1368 at attempts = 49000
 tracks = 1368 at attempts = 50000
 tracks = 1367 at attempts = 51000
 tracks = 1367 at attempts = 52000
 tracks = 1367 at attempts = 53000
 tracks = 1367 at attempts = 54000
 tracks = 1367 at attempts = 55000
 tracks = 1367 at attempts = 56000
 tracks = 1367 at attempts = 57000
 tracks = 1367 at attempts = 58000
 tracks = 1367 at attempts = 59000
 tracks = 1367 at attempts = 60000
 tracks = 1367 at attempts = 61000
 tracks = 1367 at attempts = 62000
 tracks = 1366 at attempts = 63000
 tracks = 1366 at attempts = 64000
 tracks = 1366 at attempts = 65000
 tracks = 1366 at attempts = 66000
 tracks = 1366 at attempts = 67000
 tracks = 1366 at attempts = 68000
 tracks = 1366 at attempts = 69000
 tracks = 1366 at attempts = 70000
 tracks = 1366 at attempts = 71000
 tracks = 1365 at attempts = 72000
 tracks = 1365 at attempts = 73000
 tracks = 1365 at attempts = 74000
 tracks = 1365 at attempts = 75000
 tracks = 1365 at attempts = 76000
 tracks = 1365 at attempts = 77000
 tracks = 1365 at attempts = 78000
 tracks = 1365 at attempts = 79000
 tracks = 1365 at attempts = 80000
 tracks = 1365 at attempts = 81000
 tracks = 1365 at attempts = 82000
 tracks = 1365 at attempts = 83000
 tracks = 1365 at attempts = 84000
 tracks = 1365 at attempts = 85000
 tracks = 1365 at attempts = 86000
 tracks = 1365 at attempts = 87000
 tracks = 1365 at attempts = 88000
 tracks = 1365 at attempts = 89000
 tracks = 1365 at attempts = 90000
 tracks = 1365 at attempts = 91000
 tracks = 1365 at attempts = 92000
 tracks = 1365 at attempts = 93000
 tracks = 1365 at attempts = 94000
 tracks = 1365 at attempts = 95000
 tracks = 1365 at attempts = 96000
 tracks = 1365 at attempts = 97000
 tracks = 1365 at attempts = 98000
 tracks = 1365 at attempts = 99000
 tracks = 1365 at attempts = 100000
 tracks = 1365 at attempts = 101000
 tracks = 1365 at attempts = 102000
 tracks = 1365 at attempts = 103000
 tracks = 1365 at attempts = 104000
 tracks = 1365 at attempts = 105000
 tracks = 1365 at attempts = 106000
 tracks = 1365 at attempts = 107000
 tracks = 1365 at attempts = 108000
 tracks = 1365 at attempts = 109000
 tracks = 1365 at attempts = 110000
 tracks = 1365 at attempts = 111000
 tracks = 1365 at attempts = 112000
 tracks = 1365 at attempts = 113000
 tracks = 1365 at attempts = 114000
 tracks = 1365 at attempts = 115000
 tracks = 1365 at attempts = 116000
 tracks = 1365 at attempts = 117000
 tracks = 1365 at attempts = 118000
 tracks = 1365 at attempts = 119000
 tracks = 1365 at attempts = 120000
 tracks = 1365 at attempts = 121000
 tracks = 1365 at attempts = 122000
 tracks = 1365 at attempts = 123000
 tracks = 1365 at attempts = 124000
 tracks = 1365 at attempts = 125000
 tracks = 1365 at attempts = 126000
 tracks = 1365 at attempts = 127000
 tracks = 1365 at attempts = 128000
 tracks = 1365 at attempts = 129000
 tracks = 1365 at attempts = 130000
 tracks = 1365 at attempts = 131000
 tracks = 1365 at attempts = 132000
 tracks = 1365 at attempts = 133000
 tracks = 1365 at attempts = 134000
 tracks = 1365 at attempts = 135000
 tracks = 1365 at attempts = 136000
 tracks = 1365 at attempts = 137000
 tracks = 1365 at attempts = 138000
 tracks = 1365 at attempts = 139000
 tracks = 1365 at attempts = 140000
 tracks = 1365 at attempts = 141000
 tracks = 1365 at attempts = 142000
 tracks = 1365 at attempts = 143000
 tracks = 1365 at attempts = 144000
 tracks = 1365 at attempts = 145000
 tracks = 1365 at attempts = 146000
 tracks = 1365 at attempts = 147000
 tracks = 1365 at attempts = 148000
 tracks = 1365 at attempts = 149000
 tracks = 1365 at attempts = 150000
 tracks = 1365 at attempts = 151000
 tracks = 1365 at attempts = 152000
 tracks = 1365 at attempts = 153000
 tracks = 1365 at attempts = 154000
 tracks = 1365 at attempts = 155000
 tracks = 1365 at attempts = 156000
 tracks = 1365 at attempts = 157000
 tracks = 1365 at attempts = 158000
 tracks = 1365 at attempts = 159000
 tracks = 1365 at attempts = 160000
 tracks = 1365 at attempts = 161000
 tracks = 1365 at attempts = 162000
 tracks = 1365 at attempts = 163000
 tracks = 1365 at attempts = 164000
 tracks = 1365 at attempts = 165000
 tracks = 1365 at attempts = 166000
 tracks = 1365 at attempts = 167000
 tracks = 1365 at attempts = 168000
 tracks = 1365 at attempts = 169000
 tracks = 1365 at attempts = 170000
 tracks = 1365 at attempts = 171000
 tracks = 1365 at attempts = 172000
 tracks = 1365 at attempts = 173000
 tracks = 1365 at attempts = 174000
 tracks = 1365 at attempts = 175000
 tracks = 1365 at attempts = 176000
 tracks = 1365 at attempts = 177000
 tracks = 1365 at attempts = 178000
 tracks = 1365 at attempts = 179000
 tracks = 1365 at attempts = 180000
 tracks = 1365 at attempts = 181000
 tracks = 1365 at attempts = 182000
 tracks = 1365 at attempts = 183000
 tracks = 1365 at attempts = 184000
 tracks = 1365 at attempts = 185000
 tracks = 1365 at attempts = 186000
 tracks = 1365 at attempts = 187000
 tracks = 1365 at attempts = 188000
 tracks = 1365 at attempts = 189000
 tracks = 1365 at attempts = 190000
 tracks = 1365 at attempts = 191000
 tracks = 1365 at attempts = 192000
 tracks = 1365 at attempts = 193000
 tracks = 1365 at attempts = 194000
 tracks = 1365 at attempts = 195000
 tracks = 1365 at attempts = 196000
 tracks = 1365 at attempts = 197000
 tracks = 1365 at attempts = 198000
 tracks = 1365 at attempts = 199000
 tracks = 1365 at attempts = 200000
 tracks = 1365 at attempts = 201000
 tracks = 1365 at attempts = 202000
 tracks = 1365 at attempts = 203000
 tracks = 1365 at attempts = 204000
 tracks = 1365 at attempts = 205000
 tracks = 1365 at attempts = 206000
 removing redundant feed-through pins
 the connectivity of all the nets is verified

 block left edge is at -299
 the longest block length is 270900
 building the steiner trees
 rebuilding the steiner tree

----start doing coarse global routing ------ 
 ITERATION  1

  longest Row is:46   Its length is:257700
 doing feed-through pins assignment
 building the net-tree now !
 set up the global routing grids
 the starting value of tracks = 1365
 tracks = 1352 at attempts =  1000
 tracks = 1347 at attempts =  2000
 tracks = 1342 at attempts =  3000
 tracks = 1336 at attempts =  4000
 tracks = 1334 at attempts =  5000
 tracks = 1332 at attempts =  6000
 tracks = 1331 at attempts =  7000
 tracks = 1327 at attempts =  8000
 tracks = 1326 at attempts =  9000
 tracks = 1325 at attempts = 10000
 tracks = 1325 at attempts = 11000
 tracks = 1322 at attempts = 12000
 tracks = 1320 at attempts = 13000
 tracks = 1320 at attempts = 14000
 tracks = 1320 at attempts = 15000
 tracks = 1319 at attempts = 16000
 tracks = 1317 at attempts = 17000
 tracks = 1315 at attempts = 18000
 tracks = 1315 at attempts = 19000
 tracks = 1314 at attempts = 20000
 tracks = 1313 at attempts = 21000
 tracks = 1313 at attempts = 22000
 tracks = 1312 at attempts = 23000
 tracks = 1312 at attempts = 24000
 tracks = 1311 at attempts = 25000
 tracks = 1310 at attempts = 26000
 tracks = 1309 at attempts = 27000
 tracks = 1309 at attempts = 28000
 tracks = 1308 at attempts = 29000
 tracks = 1308 at attempts = 30000
 tracks = 1308 at attempts = 31000
 tracks = 1308 at attempts = 32000
 tracks = 1308 at attempts = 33000
 tracks = 1308 at attempts = 34000
 tracks = 1308 at attempts = 35000
 tracks = 1308 at attempts = 36000
 tracks = 1308 at attempts = 37000
 tracks = 1308 at attempts = 38000
 tracks = 1308 at attempts = 39000
 tracks = 1308 at attempts = 40000
 tracks = 1308 at attempts = 41000
 tracks = 1308 at attempts = 42000
 tracks = 1308 at attempts = 43000
 tracks = 1308 at attempts = 44000
 tracks = 1308 at attempts = 45000
 tracks = 1308 at attempts = 46000
 tracks = 1308 at attempts = 47000
 tracks = 1308 at attempts = 48000
 tracks = 1308 at attempts = 49000
 tracks = 1308 at attempts = 50000
 tracks = 1308 at attempts = 51000
 tracks = 1308 at attempts = 52000
 tracks = 1308 at attempts = 53000
 tracks = 1308 at attempts = 54000
 tracks = 1308 at attempts = 55000
 tracks = 1308 at attempts = 56000
 tracks = 1308 at attempts = 57000
 tracks = 1308 at attempts = 58000
 tracks = 1308 at attempts = 59000
 tracks = 1308 at attempts = 60000
 tracks = 1308 at attempts = 61000
 tracks = 1307 at attempts = 62000
 tracks = 1307 at attempts = 63000
 tracks = 1307 at attempts = 64000
 tracks = 1307 at attempts = 65000
 tracks = 1307 at attempts = 66000
 tracks = 1307 at attempts = 67000
 tracks = 1307 at attempts = 68000
 tracks = 1307 at attempts = 69000
 tracks = 1307 at attempts = 70000
 tracks = 1307 at attempts = 71000
 tracks = 1307 at attempts = 72000
 tracks = 1307 at attempts = 73000
 tracks = 1307 at attempts = 74000
 tracks = 1307 at attempts = 75000
 tracks = 1307 at attempts = 76000
 tracks = 1307 at attempts = 77000
 tracks = 1307 at attempts = 78000
 tracks = 1307 at attempts = 79000
 tracks = 1307 at attempts = 80000
 tracks = 1307 at attempts = 81000
 tracks = 1307 at attempts = 82000
 tracks = 1307 at attempts = 83000
 tracks = 1307 at attempts = 84000
 tracks = 1307 at attempts = 85000
 tracks = 1307 at attempts = 86000
 tracks = 1307 at attempts = 87000
 tracks = 1307 at attempts = 88000
 tracks = 1307 at attempts = 89000
 tracks = 1307 at attempts = 90000
 tracks = 1307 at attempts = 91000
 tracks = 1307 at attempts = 92000
 tracks = 1307 at attempts = 93000
 tracks = 1307 at attempts = 94000
 tracks = 1307 at attempts = 95000
 tracks = 1307 at attempts = 96000
 tracks = 1307 at attempts = 97000
 tracks = 1307 at attempts = 98000
 tracks = 1307 at attempts = 99000
 tracks = 1307 at attempts = 100000
 tracks = 1307 at attempts = 101000
 tracks = 1307 at attempts = 102000
 tracks = 1307 at attempts = 103000
 tracks = 1307 at attempts = 104000
 tracks = 1307 at attempts = 105000
 tracks = 1307 at attempts = 106000
 tracks = 1307 at attempts = 107000
 tracks = 1307 at attempts = 108000
 tracks = 1307 at attempts = 109000
 tracks = 1307 at attempts = 110000
 tracks = 1307 at attempts = 111000
 tracks = 1307 at attempts = 112000
 tracks = 1307 at attempts = 113000
 tracks = 1307 at attempts = 114000
 tracks = 1307 at attempts = 115000
 tracks = 1307 at attempts = 116000
 tracks = 1307 at attempts = 117000
 tracks = 1307 at attempts = 118000
 tracks = 1307 at attempts = 119000
 tracks = 1307 at attempts = 120000
 tracks = 1307 at attempts = 121000
 tracks = 1307 at attempts = 122000
 tracks = 1307 at attempts = 123000
 tracks = 1307 at attempts = 124000
 tracks = 1307 at attempts = 125000
 tracks = 1307 at attempts = 126000
 tracks = 1307 at attempts = 127000
 tracks = 1307 at attempts = 128000
 tracks = 1307 at attempts = 129000
 tracks = 1307 at attempts = 130000
 tracks = 1307 at attempts = 131000
 tracks = 1307 at attempts = 132000
 tracks = 1307 at attempts = 133000
 tracks = 1307 at attempts = 134000
 tracks = 1307 at attempts = 135000
 tracks = 1307 at attempts = 136000
 tracks = 1307 at attempts = 137000
 tracks = 1307 at attempts = 138000
 tracks = 1307 at attempts = 139000
 tracks = 1307 at attempts = 140000
 tracks = 1307 at attempts = 141000
 tracks = 1307 at attempts = 142000
 tracks = 1307 at attempts = 143000
 tracks = 1307 at attempts = 144000
 tracks = 1307 at attempts = 145000
 tracks = 1307 at attempts = 146000
 tracks = 1307 at attempts = 147000
 tracks = 1307 at attempts = 148000
 tracks = 1307 at attempts = 149000
 tracks = 1307 at attempts = 150000
 tracks = 1307 at attempts = 151000
 tracks = 1307 at attempts = 152000
 tracks = 1307 at attempts = 153000
 tracks = 1307 at attempts = 154000
 tracks = 1307 at attempts = 155000
 tracks = 1307 at attempts = 156000
 tracks = 1307 at attempts = 157000
 tracks = 1307 at attempts = 158000
 tracks = 1307 at attempts = 159000
 tracks = 1307 at attempts = 160000
 tracks = 1307 at attempts = 161000
 tracks = 1307 at attempts = 162000
 tracks = 1307 at attempts = 163000
 tracks = 1307 at attempts = 164000
 tracks = 1307 at attempts = 165000
 tracks = 1307 at attempts = 166000
 tracks = 1307 at attempts = 167000
 tracks = 1307 at attempts = 168000
 tracks = 1307 at attempts = 169000
 tracks = 1307 at attempts = 170000
 tracks = 1307 at attempts = 171000
 tracks = 1307 at attempts = 172000
 tracks = 1307 at attempts = 173000
 tracks = 1307 at attempts = 174000
 tracks = 1307 at attempts = 175000
 tracks = 1307 at attempts = 176000
 tracks = 1307 at attempts = 177000
 tracks = 1307 at attempts = 178000
 tracks = 1307 at attempts = 179000
 tracks = 1307 at attempts = 180000
 tracks = 1307 at attempts = 181000
 tracks = 1307 at attempts = 182000
 tracks = 1307 at attempts = 183000
 tracks = 1307 at attempts = 184000
 tracks = 1307 at attempts = 185000
 tracks = 1307 at attempts = 186000
 tracks = 1307 at attempts = 187000
 tracks = 1307 at attempts = 188000
 tracks = 1307 at attempts = 189000
 tracks = 1307 at attempts = 190000
 tracks = 1307 at attempts = 191000
 tracks = 1307 at attempts = 192000
 tracks = 1307 at attempts = 193000
 tracks = 1307 at attempts = 194000
 tracks = 1307 at attempts = 195000
 tracks = 1307 at attempts = 196000
 tracks = 1307 at attempts = 197000
 tracks = 1307 at attempts = 198000
 tracks = 1307 at attempts = 199000
 tracks = 1307 at attempts = 200000
 tracks = 1307 at attempts = 201000
 tracks = 1307 at attempts = 202000
 tracks = 1307 at attempts = 203000
 tracks = 1307 at attempts = 204000
 tracks = 1307 at attempts = 205000
 tracks = 1307 at attempts = 206000
 removing redundant feed-through pins
 the connectivity of all the nets is verified

 block left edge is at -299
 the longest block length is 270900
 building the steiner trees
 rebuilding the steiner tree

----start doing coarse global routing ------ 
 ITERATION  1

  longest Row is:46   Its length is:257700
 doing feed-through pins assignment
 building the net-tree now !
 set up the global routing grids
 the starting value of tracks = 1328
 tracks = 1317 at attempts =  1000
 tracks = 1315 at attempts =  2000
 tracks = 1313 at attempts =  3000
 tracks = 1303 at attempts =  4000
 tracks = 1299 at attempts =  5000
 tracks = 1296 at attempts =  6000
 tracks = 1293 at attempts =  7000
 tracks = 1293 at attempts =  8000
 tracks = 1292 at attempts =  9000
 tracks = 1292 at attempts = 10000
 tracks = 1291 at attempts = 11000
 tracks = 1289 at attempts = 12000
 tracks = 1287 at attempts = 13000
 tracks = 1285 at attempts = 14000
 tracks = 1285 at attempts = 15000
 tracks = 1284 at attempts = 16000
 tracks = 1284 at attempts = 17000
 tracks = 1281 at attempts = 18000
 tracks = 1281 at attempts = 19000
 tracks = 1281 at attempts = 20000
 tracks = 1281 at attempts = 21000
 tracks = 1281 at attempts = 22000
 tracks = 1280 at attempts = 23000
 tracks = 1278 at attempts = 24000
 tracks = 1278 at attempts = 25000
 tracks = 1277 at attempts = 26000
 tracks = 1277 at attempts = 27000
 tracks = 1277 at attempts = 28000
 tracks = 1277 at attempts = 29000
 tracks = 1277 at attempts = 30000
 tracks = 1277 at attempts = 31000
 tracks = 1277 at attempts = 32000
 tracks = 1277 at attempts = 33000
 tracks = 1277 at attempts = 34000
 tracks = 1277 at attempts = 35000
 tracks = 1277 at attempts = 36000
 tracks = 1277 at attempts = 37000
 tracks = 1277 at attempts = 38000
 tracks = 1277 at attempts = 39000
 tracks = 1277 at attempts = 40000
 tracks = 1277 at attempts = 41000
 tracks = 1277 at attempts = 42000
 tracks = 1277 at attempts = 43000
 tracks = 1277 at attempts = 44000
 tracks = 1277 at attempts = 45000
 tracks = 1277 at attempts = 46000
 tracks = 1277 at attempts = 47000
 tracks = 1277 at attempts = 48000
 tracks = 1277 at attempts = 49000
 tracks = 1277 at attempts = 50000
 tracks = 1277 at attempts = 51000
 tracks = 1277 at attempts = 52000
 tracks = 1277 at attempts = 53000
 tracks = 1277 at attempts = 54000
 tracks = 1277 at attempts = 55000
 tracks = 1277 at attempts = 56000
 tracks = 1277 at attempts = 57000
 tracks = 1277 at attempts = 58000
 tracks = 1277 at attempts = 59000
 tracks = 1277 at attempts = 60000
 tracks = 1277 at attempts = 61000
 tracks = 1277 at attempts = 62000
 tracks = 1277 at attempts = 63000
 tracks = 1277 at attempts = 64000
 tracks = 1277 at attempts = 65000
 tracks = 1277 at attempts = 66000
 tracks = 1277 at attempts = 67000
 tracks = 1277 at attempts = 68000
 tracks = 1277 at attempts = 69000
 tracks = 1277 at attempts = 70000
 tracks = 1277 at attempts = 71000
 tracks = 1277 at attempts = 72000
 tracks = 1277 at attempts = 73000
 tracks = 1277 at attempts = 74000
 tracks = 1277 at attempts = 75000
 tracks = 1277 at attempts = 76000
 tracks = 1277 at attempts = 77000
 tracks = 1277 at attempts = 78000
 tracks = 1277 at attempts = 79000
 tracks = 1277 at attempts = 80000
 tracks = 1277 at attempts = 81000
 tracks = 1277 at attempts = 82000
 tracks = 1277 at attempts = 83000
 tracks = 1277 at attempts = 84000
 tracks = 1277 at attempts = 85000
 tracks = 1277 at attempts = 86000
 tracks = 1277 at attempts = 87000
 tracks = 1277 at attempts = 88000
 tracks = 1277 at attempts = 89000
 tracks = 1277 at attempts = 90000
 tracks = 1277 at attempts = 91000
 tracks = 1277 at attempts = 92000
 tracks = 1277 at attempts = 93000
 tracks = 1277 at attempts = 94000
 tracks = 1277 at attempts = 95000
 tracks = 1277 at attempts = 96000
 tracks = 1277 at attempts = 97000
 tracks = 1277 at attempts = 98000
 tracks = 1277 at attempts = 99000
 tracks = 1277 at attempts = 100000
 tracks = 1277 at attempts = 101000
 tracks = 1277 at attempts = 102000
 tracks = 1277 at attempts = 103000
 tracks = 1277 at attempts = 104000
 tracks = 1277 at attempts = 105000
 tracks = 1277 at attempts = 106000
 tracks = 1277 at attempts = 107000
 tracks = 1277 at attempts = 108000
 tracks = 1277 at attempts = 109000
 tracks = 1277 at attempts = 110000
 tracks = 1277 at attempts = 111000
 tracks = 1277 at attempts = 112000
 tracks = 1277 at attempts = 113000
 tracks = 1277 at attempts = 114000
 tracks = 1277 at attempts = 115000
 tracks = 1277 at attempts = 116000
 tracks = 1277 at attempts = 117000
 tracks = 1277 at attempts = 118000
 tracks = 1277 at attempts = 119000
 tracks = 1277 at attempts = 120000
 tracks = 1277 at attempts = 121000
 tracks = 1277 at attempts = 122000
 tracks = 1277 at attempts = 123000
 tracks = 1277 at attempts = 124000
 tracks = 1277 at attempts = 125000
 tracks = 1277 at attempts = 126000
 tracks = 1277 at attempts = 127000
 tracks = 1277 at attempts = 128000
 tracks = 1277 at attempts = 129000
 tracks = 1277 at attempts = 130000
 tracks = 1277 at attempts = 131000
 tracks = 1277 at attempts = 132000
 tracks = 1277 at attempts = 133000
 tracks = 1277 at attempts = 134000
 tracks = 1277 at attempts = 135000
 tracks = 1277 at attempts = 136000
 tracks = 1277 at attempts = 137000
 tracks = 1277 at attempts = 138000
 tracks = 1277 at attempts = 139000
 tracks = 1277 at attempts = 140000
 tracks = 1277 at attempts = 141000
 tracks = 1277 at attempts = 142000
 tracks = 1277 at attempts = 143000
 tracks = 1277 at attempts = 144000
 tracks = 1277 at attempts = 145000
 tracks = 1277 at attempts = 146000
 tracks = 1277 at attempts = 147000
 tracks = 1277 at attempts = 148000
 tracks = 1277 at attempts = 149000
 tracks = 1277 at attempts = 150000
 tracks = 1277 at attempts = 151000
 tracks = 1277 at attempts = 152000
 tracks = 1277 at attempts = 153000
 tracks = 1277 at attempts = 154000
 tracks = 1277 at attempts = 155000
 tracks = 1277 at attempts = 156000
 tracks = 1277 at attempts = 157000
 tracks = 1277 at attempts = 158000
 tracks = 1277 at attempts = 159000
 tracks = 1277 at attempts = 160000
 tracks = 1277 at attempts = 161000
 tracks = 1277 at attempts = 162000
 tracks = 1277 at attempts = 163000
 tracks = 1277 at attempts = 164000
 tracks = 1277 at attempts = 165000
 tracks = 1277 at attempts = 166000
 tracks = 1277 at attempts = 167000
 tracks = 1277 at attempts = 168000
 tracks = 1277 at attempts = 169000
 tracks = 1277 at attempts = 170000
 tracks = 1277 at attempts = 171000
 tracks = 1277 at attempts = 172000
 tracks = 1277 at attempts = 173000
 tracks = 1277 at attempts = 174000
 tracks = 1277 at attempts = 175000
 tracks = 1277 at attempts = 176000
 tracks = 1277 at attempts = 177000
 tracks = 1277 at attempts = 178000
 tracks = 1277 at attempts = 179000
 tracks = 1277 at attempts = 180000
 tracks = 1277 at attempts = 181000
 tracks = 1277 at attempts = 182000
 tracks = 1277 at attempts = 183000
 tracks = 1277 at attempts = 184000
 tracks = 1277 at attempts = 185000
 tracks = 1277 at attempts = 186000
 tracks = 1277 at attempts = 187000
 tracks = 1277 at attempts = 188000
 tracks = 1277 at attempts = 189000
 tracks = 1277 at attempts = 190000
 tracks = 1277 at attempts = 191000
 tracks = 1277 at attempts = 192000
 tracks = 1277 at attempts = 193000
 tracks = 1277 at attempts = 194000
 tracks = 1277 at attempts = 195000
 tracks = 1277 at attempts = 196000
 tracks = 1277 at attempts = 197000
 tracks = 1277 at attempts = 198000
 tracks = 1277 at attempts = 199000
 tracks = 1277 at attempts = 200000
 tracks = 1277 at attempts = 201000
 tracks = 1277 at attempts = 202000
 tracks = 1277 at attempts = 203000
 tracks = 1277 at attempts = 204000
 tracks = 1277 at attempts = 205000
 tracks = 1277 at attempts = 206000
 removing redundant feed-through pins
 the connectivity of all the nets is verified

 block left edge is at -299
 the longest block length is 270900
 building the steiner trees
 rebuilding the steiner tree

----start doing coarse global routing ------ 
 ITERATION  1

  longest Row is:46   Its length is:257700
 doing feed-through pins assignment
 building the net-tree now !
 set up the global routing grids
 the starting value of tracks = 1140
 tracks = 1140 at attempts =  1000
 tracks = 1140 at attempts =  2000
 tracks = 1140 at attempts =  3000
 tracks = 1140 at attempts =  4000
 tracks = 1140 at attempts =  5000
 tracks = 1140 at attempts =  6000
 tracks = 1140 at attempts =  7000
 tracks = 1140 at attempts =  8000
 tracks = 1140 at attempts =  9000
 tracks = 1140 at attempts = 10000
 tracks = 1139 at attempts = 11000
 tracks = 1139 at attempts = 12000
 tracks = 1139 at attempts = 13000
 tracks = 1139 at attempts = 14000
 tracks = 1139 at attempts = 15000
 tracks = 1139 at attempts = 16000
 tracks = 1137 at attempts = 17000
 tracks = 1137 at attempts = 18000
 tracks = 1137 at attempts = 19000
 tracks = 1137 at attempts = 20000
 tracks = 1137 at attempts = 21000
 tracks = 1137 at attempts = 22000
 tracks = 1137 at attempts = 23000
 tracks = 1137 at attempts = 24000
 tracks = 1137 at attempts = 25000
 tracks = 1137 at attempts = 26000
 tracks = 1137 at attempts = 27000
 tracks = 1137 at attempts = 28000
 tracks = 1137 at attempts = 29000
 tracks = 1137 at attempts = 30000
 tracks = 1137 at attempts = 31000
 tracks = 1137 at attempts = 32000
 tracks = 1137 at attempts = 33000
 tracks = 1137 at attempts = 34000
 tracks = 1137 at attempts = 35000
 tracks = 1137 at attempts = 36000
 tracks = 1137 at attempts = 37000
 tracks = 1137 at attempts = 38000
 tracks = 1137 at attempts = 39000
 tracks = 1137 at attempts = 40000
 tracks = 1137 at attempts = 41000
 tracks = 1137 at attempts = 42000
 tracks = 1137 at attempts = 43000
 tracks = 1137 at attempts = 44000
 tracks = 1137 at attempts = 45000
 tracks = 1137 at attempts = 46000
 tracks = 1136 at attempts = 47000
 tracks = 1136 at attempts = 48000
 tracks = 1136 at attempts = 49000
 tracks = 1136 at attempts = 50000
 tracks = 1136 at attempts = 51000
 tracks = 1136 at attempts = 52000
 tracks = 1136 at attempts = 53000
 tracks = 1136 at attempts = 54000
 tracks = 1136 at attempts = 55000
 tracks = 1136 at attempts = 56000
 tracks = 1136 at attempts = 57000
 tracks = 1136 at attempts = 58000
 tracks = 1136 at attempts = 59000
 tracks = 1136 at attempts = 60000
 tracks = 1136 at attempts = 61000
 tracks = 1136 at attempts = 62000
 tracks = 1136 at attempts = 63000
 tracks = 1136 at attempts = 64000
 tracks = 1136 at attempts = 65000
 tracks = 1136 at attempts = 66000
 tracks = 1136 at attempts = 67000
 tracks = 1136 at attempts = 68000
 tracks = 1136 at attempts = 69000
 tracks = 1136 at attempts = 70000
 tracks = 1136 at attempts = 71000
 tracks = 1136 at attempts = 72000
 tracks = 1136 at attempts = 73000
 tracks = 1136 at attempts = 74000
 tracks = 1136 at attempts = 75000
 tracks = 1136 at attempts = 76000
 tracks = 1136 at attempts = 77000
 tracks = 1136 at attempts = 78000
 tracks = 1136 at attempts = 79000
 tracks = 1136 at attempts = 80000
 tracks = 1136 at attempts = 81000
 tracks = 1136 at attempts = 82000
 tracks = 1136 at attempts = 83000
 tracks = 1136 at attempts = 84000
 tracks = 1136 at attempts = 85000
 tracks = 1136 at attempts = 86000
 tracks = 1136 at attempts = 87000
 tracks = 1136 at attempts = 88000
 tracks = 1136 at attempts = 89000
 tracks = 1136 at attempts = 90000
 tracks = 1136 at attempts = 91000
 tracks = 1136 at attempts = 92000
 tracks = 1136 at attempts = 93000
 tracks = 1136 at attempts = 94000
 tracks = 1136 at attempts = 95000
 tracks = 1136 at attempts = 96000
 tracks = 1136 at attempts = 97000
 tracks = 1136 at attempts = 98000
 tracks = 1136 at attempts = 99000
 tracks = 1136 at attempts = 100000
 tracks = 1136 at attempts = 101000
 tracks = 1136 at attempts = 102000
 tracks = 1136 at attempts = 103000
 tracks = 1136 at attempts = 104000
 tracks = 1136 at attempts = 105000
 tracks = 1136 at attempts = 106000
 tracks = 1136 at attempts = 107000
 tracks = 1136 at attempts = 108000
 tracks = 1136 at attempts = 109000
 tracks = 1136 at attempts = 110000
 tracks = 1136 at attempts = 111000
 tracks = 1136 at attempts = 112000
 tracks = 1136 at attempts = 113000
 tracks = 1136 at attempts = 114000
 tracks = 1136 at attempts = 115000
 tracks = 1136 at attempts = 116000
 tracks = 1136 at attempts = 117000
 tracks = 1136 at attempts = 118000
 tracks = 1136 at attempts = 119000
 tracks = 1136 at attempts = 120000
 tracks = 1136 at attempts = 121000
 tracks = 1136 at attempts = 122000
 tracks = 1136 at attempts = 123000
 tracks = 1136 at attempts = 124000
 tracks = 1136 at attempts = 125000
 tracks = 1136 at attempts = 126000
 tracks = 1136 at attempts = 127000
 tracks = 1136 at attempts = 128000
 tracks = 1136 at attempts = 129000
 tracks = 1136 at attempts = 130000
 tracks = 1136 at attempts = 131000
 tracks = 1136 at attempts = 132000
 tracks = 1136 at attempts = 133000
 tracks = 1136 at attempts = 134000
 tracks = 1136 at attempts = 135000
 tracks = 1136 at attempts = 136000
 tracks = 1136 at attempts = 137000
 tracks = 1136 at attempts = 138000
 tracks = 1136 at attempts = 139000
 tracks = 1136 at attempts = 140000
 tracks = 1136 at attempts = 141000
 tracks = 1136 at attempts = 142000
 tracks = 1136 at attempts = 143000
 tracks = 1136 at attempts = 144000
 tracks = 1136 at attempts = 145000
 tracks = 1136 at attempts = 146000
 tracks = 1136 at attempts = 147000
 tracks = 1136 at attempts = 148000
 tracks = 1136 at attempts = 149000
 tracks = 1136 at attempts = 150000
 tracks = 1136 at attempts = 151000
 tracks = 1136 at attempts = 152000
 tracks = 1136 at attempts = 153000
 tracks = 1136 at attempts = 154000
 tracks = 1136 at attempts = 155000
 tracks = 1136 at attempts = 156000
 tracks = 1136 at attempts = 157000
 tracks = 1136 at attempts = 158000
 tracks = 1136 at attempts = 159000
 tracks = 1136 at attempts = 160000
 tracks = 1136 at attempts = 161000
 tracks = 1136 at attempts = 162000
 tracks = 1136 at attempts = 163000
 tracks = 1136 at attempts = 164000
 tracks = 1136 at attempts = 165000
 tracks = 1136 at attempts = 166000
 tracks = 1136 at attempts = 167000
 tracks = 1136 at attempts = 168000
 tracks = 1136 at attempts = 169000
 tracks = 1136 at attempts = 170000
 tracks = 1136 at attempts = 171000
 tracks = 1136 at attempts = 172000
 tracks = 1136 at attempts = 173000
 tracks = 1136 at attempts = 174000
 tracks = 1136 at attempts = 175000
 tracks = 1136 at attempts = 176000
 tracks = 1136 at attempts = 177000
 tracks = 1136 at attempts = 178000
 tracks = 1136 at attempts = 179000
 tracks = 1136 at attempts = 180000
 tracks = 1136 at attempts = 181000
 tracks = 1136 at attempts = 182000
 tracks = 1136 at attempts = 183000
 tracks = 1136 at attempts = 184000
 tracks = 1136 at attempts = 185000
 tracks = 1136 at attempts = 186000
 tracks = 1136 at attempts = 187000
 tracks = 1136 at attempts = 188000
 tracks = 1136 at attempts = 189000
 tracks = 1136 at attempts = 190000
 tracks = 1136 at attempts = 191000
 tracks = 1136 at attempts = 192000
 tracks = 1136 at attempts = 193000
 tracks = 1136 at attempts = 194000
 tracks = 1136 at attempts = 195000
 tracks = 1136 at attempts = 196000
 tracks = 1136 at attempts = 197000
 tracks = 1136 at attempts = 198000
 tracks = 1136 at attempts = 199000
 tracks = 1136 at attempts = 200000
 tracks = 1136 at attempts = 201000
 tracks = 1136 at attempts = 202000
 tracks = 1136 at attempts = 203000
 tracks = 1136 at attempts = 204000
 tracks = 1136 at attempts = 205000
 tracks = 1136 at attempts = 206000
 removing redundant feed-through pins
 the connectivity of all the nets is verified

 block left edge is at -299
 the longest block length is 270900
 building the steiner trees
 rebuilding the steiner tree

----start doing coarse global routing ------ 
 ITERATION  1

  longest Row is:46   Its length is:257700
 doing feed-through pins assignment
 building the net-tree now !
 set up the global routing grids
 the starting value of tracks = 1288
 tracks = 1279 at attempts =  1000
 tracks = 1272 at attempts =  2000
 tracks = 1269 at attempts =  3000
 tracks = 1265 at attempts =  4000
 tracks = 1264 at attempts =  5000
 tracks = 1261 at attempts =  6000
 tracks = 1254 at attempts =  7000
 tracks = 1248 at attempts =  8000
 tracks = 1245 at attempts =  9000
 tracks = 1242 at attempts = 10000
 tracks = 1239 at attempts = 11000
 tracks = 1239 at attempts = 12000
 tracks = 1239 at attempts = 13000
 tracks = 1237 at attempts = 14000
 tracks = 1236 at attempts = 15000
 tracks = 1236 at attempts = 16000
 tracks = 1236 at attempts = 17000
 tracks = 1236 at attempts = 18000
 tracks = 1236 at attempts = 19000
 tracks = 1232 at attempts = 20000
 tracks = 1230 at attempts = 21000
 tracks = 1230 at attempts = 22000
 tracks = 1230 at attempts = 23000
 tracks = 1230 at attempts = 24000
 tracks = 1229 at attempts = 25000
 tracks = 1228 at attempts = 26000
 tracks = 1228 at attempts = 27000
 tracks = 1228 at attempts = 28000
 tracks = 1228 at attempts = 29000
 tracks = 1228 at attempts = 30000
 tracks = 1226 at attempts = 31000
 tracks = 1226 at attempts = 32000
 tracks = 1226 at attempts = 33000
 tracks = 1226 at attempts = 34000
 tracks = 1226 at attempts = 35000
 tracks = 1226 at attempts = 36000
 tracks = 1226 at attempts = 37000
 tracks = 1226 at attempts = 38000
 tracks = 1225 at attempts = 39000
 tracks = 1225 at attempts = 40000
 tracks = 1225 at attempts = 41000
 tracks = 1225 at attempts = 42000
 tracks = 1225 at attempts = 43000
 tracks = 1225 at attempts = 44000
 tracks = 1225 at attempts = 45000
 tracks = 1225 at attempts = 46000
 tracks = 1225 at attempts = 47000
 tracks = 1225 at attempts = 48000
 tracks = 1225 at attempts = 49000
 tracks = 1225 at attempts = 50000
 tracks = 1225 at attempts = 51000
 tracks = 1225 at attempts = 52000
 tracks = 1225 at attempts = 53000
 tracks = 1225 at attempts = 54000
 tracks = 1225 at attempts = 55000
 tracks = 1225 at attempts = 56000
 tracks = 1225 at attempts = 57000
 tracks = 1224 at attempts = 58000
 tracks = 1224 at attempts = 59000
 tracks = 1224 at attempts = 60000
 tracks = 1224 at attempts = 61000
 tracks = 1224 at attempts = 62000
 tracks = 1224 at attempts = 63000
 tracks = 1224 at attempts = 64000
 tracks = 1224 at attempts = 65000
 tracks = 1224 at attempts = 66000
 tracks = 1224 at attempts = 67000
 tracks = 1224 at attempts = 68000
 tracks = 1224 at attempts = 69000
 tracks = 1224 at attempts = 70000
 tracks = 1224 at attempts = 71000
 tracks = 1224 at attempts = 72000
 tracks = 1224 at attempts = 73000
 tracks = 1224 at attempts = 74000
 tracks = 1224 at attempts = 75000
 tracks = 1224 at attempts = 76000
 tracks = 1224 at attempts = 77000
 tracks = 1224 at attempts = 78000
 tracks = 1224 at attempts = 79000
 tracks = 1224 at attempts = 80000
 tracks = 1224 at attempts = 81000
 tracks = 1224 at attempts = 82000
 tracks = 1224 at attempts = 83000
 tracks = 1224 at attempts = 84000
 tracks = 1224 at attempts = 85000
 tracks = 1224 at attempts = 86000
 tracks = 1224 at attempts = 87000
 tracks = 1224 at attempts = 88000
 tracks = 1224 at attempts = 89000
 tracks = 1224 at attempts = 90000
 tracks = 1224 at attempts = 91000
 tracks = 1224 at attempts = 92000
 tracks = 1224 at attempts = 93000
 tracks = 1224 at attempts = 94000
 tracks = 1224 at attempts = 95000
 tracks = 1224 at attempts = 96000
 tracks = 1224 at attempts = 97000
 tracks = 1224 at attempts = 98000
 tracks = 1224 at attempts = 99000
 tracks = 1224 at attempts = 100000
 tracks = 1224 at attempts = 101000
 tracks = 1224 at attempts = 102000
 tracks = 1224 at attempts = 103000
 tracks = 1224 at attempts = 104000
 tracks = 1224 at attempts = 105000
 tracks = 1224 at attempts = 106000
 tracks = 1224 at attempts = 107000
 tracks = 1224 at attempts = 108000
 tracks = 1224 at attempts = 109000
 tracks = 1224 at attempts = 110000
 tracks = 1224 at attempts = 111000
 tracks = 1224 at attempts = 112000
 tracks = 1224 at attempts = 113000
 tracks = 1224 at attempts = 114000
 tracks = 1224 at attempts = 115000
 tracks = 1224 at attempts = 116000
 tracks = 1224 at attempts = 117000
 tracks = 1224 at attempts = 118000
 tracks = 1224 at attempts = 119000
 tracks = 1224 at attempts = 120000
 tracks = 1224 at attempts = 121000
 tracks = 1224 at attempts = 122000
 tracks = 1224 at attempts = 123000
 tracks = 1224 at attempts = 124000
 tracks = 1224 at attempts = 125000
 tracks = 1224 at attempts = 126000
 tracks = 1224 at attempts = 127000
 tracks = 1224 at attempts = 128000
 tracks = 1224 at attempts = 129000
 tracks = 1224 at attempts = 130000
 tracks = 1224 at attempts = 131000
 tracks = 1224 at attempts = 132000
 tracks = 1224 at attempts = 133000
 tracks = 1224 at attempts = 134000
 tracks = 1224 at attempts = 135000
 tracks = 1224 at attempts = 136000
 tracks = 1224 at attempts = 137000
 tracks = 1224 at attempts = 138000
 tracks = 1224 at attempts = 139000
 tracks = 1224 at attempts = 140000
 tracks = 1224 at attempts = 141000
 tracks = 1223 at attempts = 142000
 tracks = 1223 at attempts = 143000
 tracks = 1223 at attempts = 144000
 tracks = 1223 at attempts = 145000
 tracks = 1223 at attempts = 146000
 tracks = 1223 at attempts = 147000
 tracks = 1223 at attempts = 148000
 tracks = 1223 at attempts = 149000
 tracks = 1223 at attempts = 150000
 tracks = 1223 at attempts = 151000
 tracks = 1223 at attempts = 152000
 tracks = 1223 at attempts = 153000
 tracks = 1223 at attempts = 154000
 tracks = 1223 at attempts = 155000
 tracks = 1223 at attempts = 156000
 tracks = 1223 at attempts = 157000
 tracks = 1223 at attempts = 158000
 tracks = 1223 at attempts = 159000
 tracks = 1223 at attempts = 160000
 tracks = 1223 at attempts = 161000
 tracks = 1223 at attempts = 162000
 tracks = 1223 at attempts = 163000
 tracks = 1223 at attempts = 164000
 tracks = 1223 at attempts = 165000
 tracks = 1223 at attempts = 166000
 tracks = 1223 at attempts = 167000
 tracks = 1223 at attempts = 168000
 tracks = 1223 at attempts = 169000
 tracks = 1223 at attempts = 170000
 tracks = 1223 at attempts = 171000
 tracks = 1223 at attempts = 172000
 tracks = 1223 at attempts = 173000
 tracks = 1223 at attempts = 174000
 tracks = 1223 at attempts = 175000
 tracks = 1223 at attempts = 176000
 tracks = 1223 at attempts = 177000
 tracks = 1223 at attempts = 178000
 tracks = 1223 at attempts = 179000
 tracks = 1223 at attempts = 180000
 tracks = 1223 at attempts = 181000
 tracks = 1223 at attempts = 182000
 tracks = 1223 at attempts = 183000
 tracks = 1223 at attempts = 184000
 tracks = 1223 at attempts = 185000
 tracks = 1223 at attempts = 186000
 tracks = 1223 at attempts = 187000
 tracks = 1223 at attempts = 188000
 tracks = 1223 at attempts = 189000
 tracks = 1223 at attempts = 190000
 tracks = 1223 at attempts = 191000
 tracks = 1223 at attempts = 192000
 tracks = 1223 at attempts = 193000
 tracks = 1223 at attempts = 194000
 tracks = 1223 at attempts = 195000
 tracks = 1223 at attempts = 196000
 tracks = 1223 at attempts = 197000
 tracks = 1223 at attempts = 198000
 tracks = 1223 at attempts = 199000
 tracks = 1223 at attempts = 200000
 tracks = 1223 at attempts = 201000
 tracks = 1223 at attempts = 202000
 tracks = 1223 at attempts = 203000
 tracks = 1223 at attempts = 204000
 tracks = 1223 at attempts = 205000
 tracks = 1223 at attempts = 206000
 removing redundant feed-through pins
 the connectivity of all the nets is verified

 block left edge is at -299
 the longest block length is 270900
 building the steiner trees
 rebuilding the steiner tree

----start doing coarse global routing ------ 
 ITERATION  1

  longest Row is:46   Its length is:257700
 doing feed-through pins assignment
 building the net-tree now !
 set up the global routing grids
 the starting value of tracks = 1376
 tracks = 1370 at attempts =  1000
 tracks = 1363 at attempts =  2000
 tracks = 1356 at attempts =  3000
 tracks = 1356 at attempts =  4000
 tracks = 1352 at attempts =  5000
 tracks = 1350 at attempts =  6000
 tracks = 1348 at attempts =  7000
 tracks = 1347 at attempts =  8000
 tracks = 1345 at attempts =  9000
 tracks = 1342 at attempts = 10000
 tracks = 1330 at attempts = 11000
 tracks = 1327 at attempts = 12000
 tracks = 1325 at attempts = 13000
 tracks = 1325 at attempts = 14000
 tracks = 1324 at attempts = 15000
 tracks = 1323 at attempts = 16000
 tracks = 1322 at attempts = 17000
 tracks = 1322 at attempts = 18000
 tracks = 1322 at attempts = 19000
 tracks = 1321 at attempts = 20000
 tracks = 1321 at attempts = 21000
 tracks = 1320 at attempts = 22000
 tracks = 1320 at attempts = 23000
 tracks = 1320 at attempts = 24000
 tracks = 1319 at attempts = 25000
 tracks = 1319 at attempts = 26000
 tracks = 1319 at attempts = 27000
 tracks = 1318 at attempts = 28000
 tracks = 1318 at attempts = 29000
 tracks = 1318 at attempts = 30000
 tracks = 1318 at attempts = 31000
 tracks = 1318 at attempts = 32000
 tracks = 1318 at attempts = 33000
 tracks = 1318 at attempts = 34000
 tracks = 1318 at attempts = 35000
 tracks = 1318 at attempts = 36000
 tracks = 1318 at attempts = 37000
 tracks = 1318 at attempts = 38000
 tracks = 1318 at attempts = 39000
 tracks = 1318 at attempts = 40000
 tracks = 1318 at attempts = 41000
 tracks = 1318 at attempts = 42000
 tracks = 1317 at attempts = 43000
 tracks = 1317 at attempts = 44000
 tracks = 1317 at attempts = 45000
 tracks = 1317 at attempts = 46000
 tracks = 1317 at attempts = 47000
 tracks = 1317 at attempts = 48000
 tracks = 1317 at attempts = 49000
 tracks = 1317 at attempts = 50000
 tracks = 1317 at attempts = 51000
 tracks = 1317 at attempts = 52000
 tracks = 1317 at attempts = 53000
 tracks = 1317 at attempts = 54000
 tracks = 1317 at attempts = 55000
 tracks = 1317 at attempts = 56000
 tracks = 1317 at attempts = 57000
 tracks = 1317 at attempts = 58000
 tracks = 1317 at attempts = 59000
 tracks = 1317 at attempts = 60000
 tracks = 1317 at attempts = 61000
 tracks = 1316 at attempts = 62000
 tracks = 1316 at attempts = 63000
 tracks = 1316 at attempts = 64000
 tracks = 1316 at attempts = 65000
 tracks = 1316 at attempts = 66000
 tracks = 1316 at attempts = 67000
 tracks = 1316 at attempts = 68000
 tracks = 1316 at attempts = 69000
 tracks = 1316 at attempts = 70000
 tracks = 1316 at attempts = 71000
 tracks = 1316 at attempts = 72000
 tracks = 1316 at attempts = 73000
 tracks = 1316 at attempts = 74000
 tracks = 1316 at attempts = 75000
 tracks = 1316 at attempts = 76000
 tracks = 1316 at attempts = 77000
 tracks = 1316 at attempts = 78000
 tracks = 1316 at attempts = 79000
 tracks = 1316 at attempts = 80000
 tracks = 1316 at attempts = 81000
 tracks = 1316 at attempts = 82000
 tracks = 1316 at attempts = 83000
 tracks = 1316 at attempts = 84000
 tracks = 1316 at attempts = 85000
 tracks = 1316 at attempts = 86000
 tracks = 1316 at attempts = 87000
 tracks = 1316 at attempts = 88000
 tracks = 1316 at attempts = 89000
 tracks = 1316 at attempts = 90000
 tracks = 1316 at attempts = 91000
 tracks = 1316 at attempts = 92000
 tracks = 1316 at attempts = 93000
 tracks = 1316 at attempts = 94000
 tracks = 1316 at attempts = 95000
 tracks = 1316 at attempts = 96000
 tracks = 1316 at attempts = 97000
 tracks = 1316 at attempts = 98000
 tracks = 1316 at attempts = 99000
 tracks = 1316 at attempts = 100000
 tracks = 1316 at attempts = 101000
 tracks = 1316 at attempts = 102000
 tracks = 1316 at attempts = 103000
 tracks = 1316 at attempts = 104000
 tracks = 1316 at attempts = 105000
 tracks = 1316 at attempts = 106000
 tracks = 1316 at attempts = 107000
 tracks = 1316 at attempts = 108000
 tracks = 1316 at attempts = 109000
 tracks = 1316 at attempts = 110000
 tracks = 1316 at attempts = 111000
 tracks = 1316 at attempts = 112000
 tracks = 1316 at attempts = 113000
 tracks = 1316 at attempts = 114000
 tracks = 1316 at attempts = 115000
 tracks = 1316 at attempts = 116000
 tracks = 1316 at attempts = 117000
 tracks = 1316 at attempts = 118000
 tracks = 1316 at attempts = 119000
 tracks = 1316 at attempts = 120000
 tracks = 1316 at attempts = 121000
 tracks = 1316 at attempts = 122000
 tracks = 1316 at attempts = 123000
 tracks = 1316 at attempts = 124000
 tracks = 1316 at attempts = 125000
 tracks = 1316 at attempts = 126000
 tracks = 1316 at attempts = 127000
 tracks = 1316 at attempts = 128000
 tracks = 1316 at attempts = 129000
 tracks = 1316 at attempts = 130000
 tracks = 1316 at attempts = 131000
 tracks = 1316 at attempts = 132000
 tracks = 1316 at attempts = 133000
 tracks = 1316 at attempts = 134000
 tracks = 1316 at attempts = 135000
 tracks = 1316 at attempts = 136000
 tracks = 1316 at attempts = 137000
 tracks = 1316 at attempts = 138000
 tracks = 1316 at attempts = 139000
 tracks = 1316 at attempts = 140000
 tracks = 1316 at attempts = 141000
 tracks = 1316 at attempts = 142000
 tracks = 1316 at attempts = 143000
 tracks = 1316 at attempts = 144000
 tracks = 1316 at attempts = 145000
 tracks = 1316 at attempts = 146000
 tracks = 1316 at attempts = 147000
 tracks = 1316 at attempts = 148000
 tracks = 1316 at attempts = 149000
 tracks = 1316 at attempts = 150000
 tracks = 1316 at attempts = 151000
 tracks = 1316 at attempts = 152000
 tracks = 1316 at attempts = 153000
 tracks = 1316 at attempts = 154000
 tracks = 1316 at attempts = 155000
 tracks = 1316 at attempts = 156000
 tracks = 1316 at attempts = 157000
 tracks = 1316 at attempts = 158000
 tracks = 1316 at attempts = 159000
 tracks = 1316 at attempts = 160000
 tracks = 1316 at attempts = 161000
 tracks = 1316 at attempts = 162000
 tracks = 1316 at attempts = 163000
 tracks = 1316 at attempts = 164000
 tracks = 1316 at attempts = 165000
 tracks = 1316 at attempts = 166000
 tracks = 1316 at attempts = 167000
 tracks = 1316 at attempts = 168000
 tracks = 1316 at attempts = 169000
 tracks = 1316 at attempts = 170000
 tracks = 1316 at attempts = 171000
 tracks = 1316 at attempts = 172000
 tracks = 1316 at attempts = 173000
 tracks = 1316 at attempts = 174000
 tracks = 1316 at attempts = 175000
 tracks = 1316 at attempts = 176000
 tracks = 1316 at attempts = 177000
 tracks = 1316 at attempts = 178000
 tracks = 1316 at attempts = 179000
 tracks = 1316 at attempts = 180000
 tracks = 1316 at attempts = 181000
 tracks = 1316 at attempts = 182000
 tracks = 1316 at attempts = 183000
 tracks = 1316 at attempts = 184000
 tracks = 1316 at attempts = 185000
 tracks = 1316 at attempts = 186000
 tracks = 1316 at attempts = 187000
 tracks = 1316 at attempts = 188000
 tracks = 1316 at attempts = 189000
 tracks = 1316 at attempts = 190000
 tracks = 1316 at attempts = 191000
 tracks = 1316 at attempts = 192000
 tracks = 1316 at attempts = 193000
 tracks = 1316 at attempts = 194000
 tracks = 1316 at attempts = 195000
 tracks = 1316 at attempts = 196000
 tracks = 1316 at attempts = 197000
 tracks = 1316 at attempts = 198000
 tracks = 1316 at attempts = 199000
 tracks = 1316 at attempts = 200000
 tracks = 1316 at attempts = 201000
 tracks = 1316 at attempts = 202000
 tracks = 1316 at attempts = 203000
 tracks = 1316 at attempts = 204000
 tracks = 1316 at attempts = 205000
 tracks = 1316 at attempts = 206000
 removing redundant feed-through pins
 the connectivity of all the nets is verified

 block left edge is at -299
 the longest block length is 270900
 building the steiner trees
 rebuilding the steiner tree

----start doing coarse global routing ------ 
 ITERATION  1

  longest Row is:46   Its length is:257700
 doing feed-through pins assignment
 building the net-tree now !
 set up the global routing grids
 the starting value of tracks = 1354
 tracks = 1346 at attempts =  1000
 tracks = 1342 at attempts =  2000
 tracks = 1338 at attempts =  3000
 tracks = 1332 at attempts =  4000
 tracks = 1328 at attempts =  5000
 tracks = 1327 at attempts =  6000
 tracks = 1324 at attempts =  7000
 tracks = 1316 at attempts =  8000
 tracks = 1314 at attempts =  9000
 tracks = 1314 at attempts = 10000
 tracks = 1314 at attempts = 11000
 tracks = 1311 at attempts = 12000
 tracks = 1310 at attempts = 13000
 tracks = 1308 at attempts = 14000
 tracks = 1308 at attempts = 15000
 tracks = 1308 at attempts = 16000
 tracks = 1306 at attempts = 17000
 tracks = 1305 at attempts = 18000
 tracks = 1303 at attempts = 19000
 tracks = 1302 at attempts = 20000
 tracks = 1300 at attempts = 21000
 tracks = 1299 at attempts = 22000
 tracks = 1299 at attempts = 23000
 tracks = 1298 at attempts = 24000
 tracks = 1298 at attempts = 25000
 tracks = 1298 at attempts = 26000
 tracks = 1298 at attempts = 27000
 tracks = 1297 at attempts = 28000
 tracks = 1297 at attempts = 29000
 tracks = 1296 at attempts = 30000
 tracks = 1296 at attempts = 31000
 tracks = 1294 at attempts = 32000
 tracks = 1294 at attempts = 33000
 tracks = 1294 at attempts = 34000
 tracks = 1294 at attempts = 35000
 tracks = 1294 at attempts = 36000
 tracks = 1294 at attempts = 37000
 tracks = 1294 at attempts = 38000
 tracks = 1294 at attempts = 39000
 tracks = 1294 at attempts = 40000
 tracks = 1294 at attempts = 41000
 tracks = 1294 at attempts = 42000
 tracks = 1294 at attempts = 43000
 tracks = 1294 at attempts = 44000
 tracks = 1294 at attempts = 45000
 tracks = 1294 at attempts = 46000
 tracks = 1294 at attempts = 47000
 tracks = 1294 at attempts = 48000
 tracks = 1294 at attempts = 49000
 tracks = 1294 at attempts = 50000
 tracks = 1294 at attempts = 51000
 tracks = 1294 at attempts = 52000
 tracks = 1294 at attempts = 53000
 tracks = 1294 at attempts = 54000
 tracks = 1294 at attempts = 55000
 tracks = 1294 at attempts = 56000
 tracks = 1294 at attempts = 57000
 tracks = 1294 at attempts = 58000
 tracks = 1294 at attempts = 59000
 tracks = 1294 at attempts = 60000
 tracks = 1294 at attempts = 61000
 tracks = 1294 at attempts = 62000
 tracks = 1294 at attempts = 63000
 tracks = 1294 at attempts = 64000
 tracks = 1294 at attempts = 65000
 tracks = 1294 at attempts = 66000
 tracks = 1294 at attempts = 67000
 tracks = 1294 at attempts = 68000
 tracks = 1294 at attempts = 69000
 tracks = 1294 at attempts = 70000
 tracks = 1294 at attempts = 71000
 tracks = 1294 at attempts = 72000
 tracks = 1294 at attempts = 73000
 tracks = 1294 at attempts = 74000
 tracks = 1294 at attempts = 75000
 tracks = 1294 at attempts = 76000
 tracks = 1294 at attempts = 77000
 tracks = 1294 at attempts = 78000
 tracks = 1294 at attempts = 79000
 tracks = 1294 at attempts = 80000
 tracks = 1294 at attempts = 81000
 tracks = 1294 at attempts = 82000
 tracks = 1294 at attempts = 83000
 tracks = 1294 at attempts = 84000
 tracks = 1294 at attempts = 85000
 tracks = 1294 at attempts = 86000
 tracks = 1294 at attempts = 87000
 tracks = 1294 at attempts = 88000
 tracks = 1294 at attempts = 89000
 tracks = 1294 at attempts = 90000
 tracks = 1294 at attempts = 91000
 tracks = 1294 at attempts = 92000
 tracks = 1294 at attempts = 93000
 tracks = 1294 at attempts = 94000
 tracks = 1294 at attempts = 95000
 tracks = 1294 at attempts = 96000
 tracks = 1294 at attempts = 97000
 tracks = 1294 at attempts = 98000
 tracks = 1294 at attempts = 99000
 tracks = 1294 at attempts = 100000
 tracks = 1294 at attempts = 101000
 tracks = 1294 at attempts = 102000
 tracks = 1294 at attempts = 103000
 tracks = 1294 at attempts = 104000
 tracks = 1294 at attempts = 105000
 tracks = 1294 at attempts = 106000
 tracks = 1294 at attempts = 107000
 tracks = 1294 at attempts = 108000
 tracks = 1294 at attempts = 109000
 tracks = 1294 at attempts = 110000
 tracks = 1294 at attempts = 111000
 tracks = 1294 at attempts = 112000
 tracks = 1294 at attempts = 113000
 tracks = 1294 at attempts = 114000
 tracks = 1294 at attempts = 115000
 tracks = 1294 at attempts = 116000
 tracks = 1294 at attempts = 117000
 tracks = 1294 at attempts = 118000
 tracks = 1294 at attempts = 119000
 tracks = 1294 at attempts = 120000
 tracks = 1294 at attempts = 121000
 tracks = 1294 at attempts = 122000
 tracks = 1294 at attempts = 123000
 tracks = 1294 at attempts = 124000
 tracks = 1294 at attempts = 125000
 tracks = 1294 at attempts = 126000
 tracks = 1294 at attempts = 127000
 tracks = 1294 at attempts = 128000
 tracks = 1294 at attempts = 129000
 tracks = 1294 at attempts = 130000
 tracks = 1294 at attempts = 131000
 tracks = 1294 at attempts = 132000
 tracks = 1294 at attempts = 133000
 tracks = 1294 at attempts = 134000
 tracks = 1294 at attempts = 135000
 tracks = 1294 at attempts = 136000
 tracks = 1294 at attempts = 137000
 tracks = 1294 at attempts = 138000
 tracks = 1294 at attempts = 139000
 tracks = 1294 at attempts = 140000
 tracks = 1294 at attempts = 141000
 tracks = 1294 at attempts = 142000
 tracks = 1294 at attempts = 143000
 tracks = 1294 at attempts = 144000
 tracks = 1294 at attempts = 145000
 tracks = 1294 at attempts = 146000
 tracks = 1294 at attempts = 147000
 tracks = 1294 at attempts = 148000
 tracks = 1294 at attempts = 149000
 tracks = 1294 at attempts = 150000
 tracks = 1294 at attempts = 151000
 tracks = 1294 at attempts = 152000
 tracks = 1294 at attempts = 153000
 tracks = 1294 at attempts = 154000
 tracks = 1294 at attempts = 155000
 tracks = 1294 at attempts = 156000
 tracks = 1294 at attempts = 157000
 tracks = 1294 at attempts = 158000
 tracks = 1294 at attempts = 159000
 tracks = 1294 at attempts = 160000
 tracks = 1294 at attempts = 161000
 tracks = 1294 at attempts = 162000
 tracks = 1294 at attempts = 163000
 tracks = 1294 at attempts = 164000
 tracks = 1294 at attempts = 165000
 tracks = 1294 at attempts = 166000
 tracks = 1293 at attempts = 167000
 tracks = 1293 at attempts = 168000
 tracks = 1293 at attempts = 169000
 tracks = 1293 at attempts = 170000
 tracks = 1293 at attempts = 171000
 tracks = 1293 at attempts = 172000
 tracks = 1293 at attempts = 173000
 tracks = 1293 at attempts = 174000
 tracks = 1293 at attempts = 175000
 tracks = 1293 at attempts = 176000
 tracks = 1293 at attempts = 177000
 tracks = 1293 at attempts = 178000
 tracks = 1293 at attempts = 179000
 tracks = 1293 at attempts = 180000
 tracks = 1293 at attempts = 181000
 tracks = 1293 at attempts = 182000
 tracks = 1293 at attempts = 183000
 tracks = 1293 at attempts = 184000
 tracks = 1293 at attempts = 185000
 tracks = 1293 at attempts = 186000
 tracks = 1293 at attempts = 187000
 tracks = 1293 at attempts = 188000
 tracks = 1293 at attempts = 189000
 tracks = 1293 at attempts = 190000
 tracks = 1293 at attempts = 191000
 tracks = 1293 at attempts = 192000
 tracks = 1293 at attempts = 193000
 tracks = 1293 at attempts = 194000
 tracks = 1293 at attempts = 195000
 tracks = 1293 at attempts = 196000
 tracks = 1293 at attempts = 197000
 tracks = 1293 at attempts = 198000
 tracks = 1293 at attempts = 199000
 tracks = 1293 at attempts = 200000
 tracks = 1293 at attempts = 201000
 tracks = 1293 at attempts = 202000
 tracks = 1293 at attempts = 203000
 tracks = 1293 at attempts = 204000
 tracks = 1293 at attempts = 205000
 tracks = 1293 at attempts = 206000
 removing redundant feed-through pins
 the connectivity of all the nets is verified

 block left edge is at -299
 the longest block length is 270900
 building the steiner trees
 rebuilding the steiner tree

----start doing coarse global routing ------ 
 ITERATION  1

  longest Row is:46   Its length is:257700
 doing feed-through pins assignment
 building the net-tree now !
 set up the global routing grids
 the starting value of tracks = 1146
 tracks = 1146 at attempts =  1000
 tracks = 1146 at attempts =  2000
 tracks = 1145 at attempts =  3000
 tracks = 1145 at attempts =  4000
 tracks = 1144 at attempts =  5000
 tracks = 1144 at attempts =  6000
 tracks = 1144 at attempts =  7000
 tracks = 1143 at attempts =  8000
 tracks = 1143 at attempts =  9000
 tracks = 1143 at attempts = 10000
 tracks = 1143 at attempts = 11000
 tracks = 1143 at attempts = 12000
 tracks = 1143 at attempts = 13000
 tracks = 1143 at attempts = 14000
 tracks = 1143 at attempts = 15000
 tracks = 1143 at attempts = 16000
 tracks = 1143 at attempts = 17000
 tracks = 1143 at attempts = 18000
 tracks = 1143 at attempts = 19000
 tracks = 1143 at attempts = 20000
 tracks = 1143 at attempts = 21000
 tracks = 1143 at attempts = 22000
 tracks = 1143 at attempts = 23000
 tracks = 1143 at attempts = 24000
 tracks = 1143 at attempts = 25000
 tracks = 1143 at attempts = 26000
 tracks = 1143 at attempts = 27000
 tracks = 1143 at attempts = 28000
 tracks = 1143 at attempts = 29000
 tracks = 1143 at attempts = 30000
 tracks = 1143 at attempts = 31000
 tracks = 1143 at attempts = 32000
 tracks = 1143 at attempts = 33000
 tracks = 1143 at attempts = 34000
 tracks = 1143 at attempts = 35000
 tracks = 1143 at attempts = 36000
 tracks = 1143 at attempts = 37000
 tracks = 1143 at attempts = 38000
 tracks = 1143 at attempts = 39000
 tracks = 1143 at attempts = 40000
 tracks = 1143 at attempts = 41000
 tracks = 1143 at attempts = 42000
 tracks = 1143 at attempts = 43000
 tracks = 1143 at attempts = 44000
 tracks = 1143 at attempts = 45000
 tracks = 1143 at attempts = 46000
 tracks = 1143 at attempts = 47000
 tracks = 1143 at attempts = 48000
 tracks = 1143 at attempts = 49000
 tracks = 1143 at attempts = 50000
 tracks = 1143 at attempts = 51000
 tracks = 1143 at attempts = 52000
 tracks = 1143 at attempts = 53000
 tracks = 1143 at attempts = 54000
 tracks = 1143 at attempts = 55000
 tracks = 1143 at attempts = 56000
 tracks = 1143 at attempts = 57000
 tracks = 1143 at attempts = 58000
 tracks = 1143 at attempts = 59000
 tracks = 1143 at attempts = 60000
 tracks = 1143 at attempts = 61000
 tracks = 1143 at attempts = 62000
 tracks = 1143 at attempts = 63000
 tracks = 1143 at attempts = 64000
 tracks = 1143 at attempts = 65000
 tracks = 1143 at attempts = 66000
 tracks = 1143 at attempts = 67000
 tracks = 1143 at attempts = 68000
 tracks = 1143 at attempts = 69000
 tracks = 1143 at attempts = 70000
 tracks = 1143 at attempts = 71000
 tracks = 1143 at attempts = 72000
 tracks = 1143 at attempts = 73000
 tracks = 1143 at attempts = 74000
 tracks = 1143 at attempts = 75000
 tracks = 1143 at attempts = 76000
 tracks = 1143 at attempts = 77000
 tracks = 1143 at attempts = 78000
 tracks = 1143 at attempts = 79000
 tracks = 1143 at attempts = 80000
 tracks = 1143 at attempts = 81000
 tracks = 1143 at attempts = 82000
 tracks = 1143 at attempts = 83000
 tracks = 1143 at attempts = 84000
 tracks = 1143 at attempts = 85000
 tracks = 1143 at attempts = 86000
 tracks = 1143 at attempts = 87000
 tracks = 1143 at attempts = 88000
 tracks = 1143 at attempts = 89000
 tracks = 1143 at attempts = 90000
 tracks = 1143 at attempts = 91000
 tracks = 1143 at attempts = 92000
 tracks = 1143 at attempts = 93000
 tracks = 1143 at attempts = 94000
 tracks = 1143 at attempts = 95000
 tracks = 1143 at attempts = 96000
 tracks = 1143 at attempts = 97000
 tracks = 1143 at attempts = 98000
 tracks = 1143 at attempts = 99000
 tracks = 1143 at attempts = 100000
 tracks = 1143 at attempts = 101000
 tracks = 1143 at attempts = 102000
 tracks = 1143 at attempts = 103000
 tracks = 1143 at attempts = 104000
 tracks = 1143 at attempts = 105000
 tracks = 1143 at attempts = 106000
 tracks = 1143 at attempts = 107000
 tracks = 1143 at attempts = 108000
 tracks = 1143 at attempts = 109000
 tracks = 1143 at attempts = 110000
 tracks = 1143 at attempts = 111000
 tracks = 1143 at attempts = 112000
 tracks = 1143 at attempts = 113000
 tracks = 1143 at attempts = 114000
 tracks = 1143 at attempts = 115000
 tracks = 1143 at attempts = 116000
 tracks = 1143 at attempts = 117000
 tracks = 1143 at attempts = 118000
 tracks = 1143 at attempts = 119000
 tracks = 1143 at attempts = 120000
 tracks = 1143 at attempts = 121000
 tracks = 1143 at attempts = 122000
 tracks = 1143 at attempts = 123000
 tracks = 1143 at attempts = 124000
 tracks = 1143 at attempts = 125000
 tracks = 1143 at attempts = 126000
 tracks = 1143 at attempts = 127000
 tracks = 1143 at attempts = 128000
 tracks = 1143 at attempts = 129000
 tracks = 1143 at attempts = 130000
 tracks = 1143 at attempts = 131000
 tracks = 1143 at attempts = 132000
 tracks = 1143 at attempts = 133000
 tracks = 1143 at attempts = 134000
 tracks = 1143 at attempts = 135000
 tracks = 1143 at attempts = 136000
 tracks = 1143 at attempts = 137000
 tracks = 1143 at attempts = 138000
 tracks = 1143 at attempts = 139000
 tracks = 1143 at attempts = 140000
 tracks = 1143 at attempts = 141000
 tracks = 1143 at attempts = 142000
 tracks = 1143 at attempts = 143000
 tracks = 1143 at attempts = 144000
 tracks = 1143 at attempts = 145000
 tracks = 1143 at attempts = 146000
 tracks = 1143 at attempts = 147000
 tracks = 1143 at attempts = 148000
 tracks = 1143 at attempts = 149000
 tracks = 1143 at attempts = 150000
 tracks = 1143 at attempts = 151000
 tracks = 1143 at attempts = 152000
 tracks = 1143 at attempts = 153000
 tracks = 1143 at attempts = 154000
 tracks = 1143 at attempts = 155000
 tracks = 1143 at attempts = 156000
 tracks = 1143 at attempts = 157000
 tracks = 1143 at attempts = 158000
 tracks = 1143 at attempts = 159000
 tracks = 1143 at attempts = 160000
 tracks = 1143 at attempts = 161000
 tracks = 1143 at attempts = 162000
 tracks = 1143 at attempts = 163000
 tracks = 1143 at attempts = 164000
 tracks = 1143 at attempts = 165000
 tracks = 1143 at attempts = 166000
 tracks = 1143 at attempts = 167000
 tracks = 1143 at attempts = 168000
 tracks = 1143 at attempts = 169000
 tracks = 1143 at attempts = 170000
 tracks = 1143 at attempts = 171000
 tracks = 1143 at attempts = 172000
 tracks = 1143 at attempts = 173000
 tracks = 1143 at attempts = 174000
 tracks = 1143 at attempts = 175000
 tracks = 1143 at attempts = 176000
 tracks = 1143 at attempts = 177000
 tracks = 1143 at attempts = 178000
 tracks = 1143 at attempts = 179000
 tracks = 1143 at attempts = 180000
 tracks = 1143 at attempts = 181000
 tracks = 1143 at attempts = 182000
 tracks = 1143 at attempts = 183000
 tracks = 1143 at attempts = 184000
 tracks = 1143 at attempts = 185000
 tracks = 1143 at attempts = 186000
 tracks = 1143 at attempts = 187000
 tracks = 1143 at attempts = 188000
 tracks = 1143 at attempts = 189000
 tracks = 1143 at attempts = 190000
 tracks = 1143 at attempts = 191000
 tracks = 1143 at attempts = 192000
 tracks = 1143 at attempts = 193000
 tracks = 1143 at attempts = 194000
 tracks = 1143 at attempts = 195000
 tracks = 1143 at attempts = 196000
 tracks = 1143 at attempts = 197000
 tracks = 1143 at attempts = 198000
 tracks = 1143 at attempts = 199000
 tracks = 1143 at attempts = 200000
 tracks = 1143 at attempts = 201000
 tracks = 1143 at attempts = 202000
 tracks = 1143 at attempts = 203000
 tracks = 1143 at attempts = 204000
 tracks = 1143 at attempts = 205000
 tracks = 1143 at attempts = 206000
 removing redundant feed-through pins
 the connectivity of all the nets is verified


***********************************************
*ACTUAL* FINAL NUMBER OF ROUTING TRACKS: 1136
***********************************************


TimberWolfSC terminated normally with no errors and 2 warning[s]


twflow terminated normally with no errors and 0 warning[s]

Running getantennacell to determine cell to use for antenna anchors.
getantennacell.tcl nco  /usr/local/share/qflow/tech/etri050/etri050_stdcells.lef 
Running getfillcell to determine cell to use for fill.
getfillcell.tcl nco  /usr/local/share/qflow/tech/etri050/etri050_stdcells.lef FILL
Using cell FILL for fill
Running place2def to translate graywolf output to DEF format.
place2def.tcl nco FILL 
Running place2def.tcl
DEF database: 100 units per micron
Limits: xbot = -802.0 ybot = -795.0 xtop = 258202.0 ytop = 256095.0
Core values: 150 150 257850 255750
Offsets: 150 150
3 routing layers
857 horizontal tracks from -600.0 to 256500.0 step 300 (M1, M3, ...)
864 vertical tracks from -600.0 to 258600.0 step 300 (M2, M4, ...)
Summary: Total components = 26473
  Fill cells  = 18232
  Other cells = 8241
Done with place2def.tcl
Running addspacers to generate power stripes and align cell right edge
addspacers -stripe 8 225 PG -stripe 8.0 225.0 PG -p vdd -g gnd -f FILL -O -stripe 8.0 225.0 PG  -l  /usr/local/share/qflow/tech/etri050/etri050_stdcells.lef -o nco_filled.def nco
Warning:  Stretching requested, but not applicable.
Stripe width requested = 8, stripe width used = 9
Will not generate over-cell power stripes due to lack of route layers
Generating comb structures instead.
Initial core layout: (150 150) to (257850 255750) (scale um * 100)
Running arrangepins to adjust pin positions for optimal routing.
arrangepins.tcl  nco
Reading info file nco.info. . .
Reading DEF file nco.def. . .
Recalculating pin positions
Writing DEF file nco_mod.def. . .
Done with arrangepins.tcl
DEF2Verilog -v /home/haeun/ETRI-0.5um-CMOS-MPW-Std-Cell-DK/design/MyChip/2025_1st/NCO/2_Splited_IO/top_layout/synthesis/nco.rtlnopwr.v -o /home/haeun/ETRI-0.5um-CMOS-MPW-Std-Cell-DK/design/MyChip/2025_1st/NCO/2_Splited_IO/top_layout/synthesis/nco_anno.v
-p vdd -g gnd  -l  /usr/local/share/qflow/tech/etri050/etri050_stdcells.lef nco.def

Generating RTL verilog and SPICE netlist file in directory
   /home/haeun/ETRI-0.5um-CMOS-MPW-Std-Cell-DK/design/MyChip/2025_1st/NCO/2_Splited_IO/top_layout/synthesis
Files:
   Verilog: /home/haeun/ETRI-0.5um-CMOS-MPW-Std-Cell-DK/design/MyChip/2025_1st/NCO/2_Splited_IO/top_layout/synthesis/nco.rtl.v
   Verilog: /home/haeun/ETRI-0.5um-CMOS-MPW-Std-Cell-DK/design/MyChip/2025_1st/NCO/2_Splited_IO/top_layout/synthesis/nco.rtlnopwr.v
   Verilog: /home/haeun/ETRI-0.5um-CMOS-MPW-Std-Cell-DK/design/MyChip/2025_1st/NCO/2_Splited_IO/top_layout/synthesis/nco.rtlbb.v
   Spice:   /home/haeun/ETRI-0.5um-CMOS-MPW-Std-Cell-DK/design/MyChip/2025_1st/NCO/2_Splited_IO/top_layout/synthesis/nco.spc

Running vlog2Verilog.
vlog2Verilog -c -v vdd -g gnd -o nco.rtl.v nco_anno.v
vlog2Verilog -c -p -v vdd -g gnd -o nco.rtlnopwr.v nco_anno.v
vlog2Verilog -c -b -p -n -v vdd -g gnd -o nco.rtlbb.v nco_anno.v
Running vlog2Spice.
vlog2Spice -i -l  /usr/local/share/qflow/tech/etri050/etri050_stdcells.sp -o nco.spc nco.rtl.v
Warning:  No SPICE subcircuit for FILL.  Pin order will be arbitrary.
Placement script ended on Tue Nov 25 08:20:04 PM KST 2025
