Starting new log file Tue Nov 25 20:29:52 2025

--------------------------------
Qflow project setup
--------------------------------

Technology set to etri050 from existing qflow_vars.sh file
Regenerating files for existing project nco
Converting qrouter output to vesta delay format
Running rc2dly -r nco.rc -l /usr/local/share/qflow/tech/etri050/etri05_stdcells.lib -V /home/haeun/ETRI-0.5um-CMOS-MPW-Std-Cell-DK/design/MyChip/2025_1st/NCO/2_Splited_IO/top_layout/synthesis/nco.rtl.v
-d nco.dly
Reading Liberty timing file /usr/local/share/qflow/tech/etri050/etri05_stdcells.lib
Parsing library "etri05_stdcells"
End of library at line 6613
Lib Read:  Processed 6615 lines.
Number of Rs: 43243
TBD: need to clean-up node deletion
Converting qrouter output to SPEF delay format
Running rc2dly -D : -r nco.rc -l /usr/local/share/qflow/tech/etri050/etri05_stdcells.lib -V /home/haeun/ETRI-0.5um-CMOS-MPW-Std-Cell-DK/design/MyChip/2025_1st/NCO/2_Splited_IO/top_layout/synthesis/nco.rtl.v
-d nco.spef
Reading Liberty timing file /usr/local/share/qflow/tech/etri050/etri05_stdcells.lib
Parsing library "etri05_stdcells"
End of library at line 6613
Lib Read:  Processed 6615 lines.
Number of Rs: 43243
TBD: need to clean-up node deletion
Converting qrouter output to SDF delay format
Running rc2dly -r nco.rc -l /usr/local/share/qflow/tech/etri050/etri05_stdcells.lib -V /home/haeun/ETRI-0.5um-CMOS-MPW-Std-Cell-DK/design/MyChip/2025_1st/NCO/2_Splited_IO/top_layout/synthesis/nco.rtl.v
-d nco.sdf

--------------------------------
Qflow project setup
--------------------------------

Technology set to etri050 from existing qflow_vars.sh file
Regenerating files for existing project nco
Running magic 8.3.529
magic -dnull -noconsole  migrate_nco.tcl

Magic 8.3 revision 529 - Compiled on Mon Jun 16 02:35:45 AM KST 2025.
Starting magic under Tcl interpreter
Using the terminal as the console.
WARNING: RLIMIT_NOFILE is above 1024 and Tcl_Version<9 this may cause runtime issues [rlim_cur=1048576]
Using NULL graphics device.
Processing system .magicrc file
Input style lambda=0.30(p): scaleFactor=30, multiplier=1
Contact size value ignored (using GDS generation rules).
Contact size value ignored (using GDS generation rules).
Contact size value ignored (using GDS generation rules).
Contact size value ignored (using GDS generation rules).
Contact size value ignored (using GDS generation rules).
Contact size value ignored (using GDS generation rules).
The following types are not handled by extraction and will be treated as non-electrical types:
n_field_implant p_field_implant nselect pselect glass filln filla fillb xp m1p m2p m3p comment bb
2 Magic internal units = 1 Lambda
Loading "migrate_nco.tcl" from command line.
Root cell box:
width x height  (   llx,  lly  ), (   urx,  ury  )

microns:   0.000 x 0.000   ( 0.000,  0.000), ( 0.000,  0.000)
lambda:     0.00 x 0.00    (  0.00,  0.00 ), (  0.00,  0.00 )
internal:      0 x 0       (     0,  0    ), (     0,  0    )
Reading LEF data from file /usr/local/share/qflow/tech/etri050/etri050_stdcells.lef.
This action cannot be undone.
LEF read: Processed 3266 lines.
Reading DEF data from file nco.def.
This action cannot be undone.
Processed 0 vias total.
Processed 26689 subcell instances total.
Processed 39 pins total.
Processed 8267 nets total.
Processed 2 special nets total.
DEF read: Processed 62037 lines.
Generating LEF output nco.lef for cell nco:
Diagnostic:  Write LEF header for cell nco
Diagnostic:  Writing LEF output for cell nco
Diagnostic:  Scale value is 0.150000
Extracting OAI21X1 into OAI21X1.ext:
Extracting FILL into FILL.ext:
Extracting INVX1 into INVX1.ext:
Extracting OR2X2 into OR2X2.ext:
Extracting NAND3X1 into NAND3X1.ext:
Extracting NAND2X1 into NAND2X1.ext:
Extracting AOI21X1 into AOI21X1.ext:
Extracting NOR2X1 into NOR2X1.ext:
Extracting AND2X2 into AND2X2.ext:
Extracting INVX2 into INVX2.ext:
Extracting DFFPOSX1 into DFFPOSX1.ext:
Extracting AOI22X1 into AOI22X1.ext:
Extracting INVX8 into INVX8.ext:
Extracting MUX2X1 into MUX2X1.ext:
Extracting BUFX2 into BUFX2.ext:
Extracting OAI22X1 into OAI22X1.ext:
Extracting NOR3X1 into NOR3X1.ext:
Extracting CLKBUF1 into CLKBUF1.ext:
Extracting INVX4 into INVX4.ext:
Extracting nco into nco.ext:

--------------------------------
Qflow project setup
--------------------------------

Technology set to etri050 from existing qflow_vars.sh file
Regenerating files for existing project nco
Running magic 8.3.529
magic -dnull -noconsole  /home/haeun/ETRI-0.5um-CMOS-MPW-Std-Cell-DK/design/MyChip/2025_1st/NCO/2_Splited_IO/top_layout/layout/run_drc_nco.tcl

Magic 8.3 revision 529 - Compiled on Mon Jun 16 02:35:45 AM KST 2025.
Starting magic under Tcl interpreter
Using the terminal as the console.
WARNING: RLIMIT_NOFILE is above 1024 and Tcl_Version<9 this may cause runtime issues [rlim_cur=1048576]
Using NULL graphics device.
Processing system .magicrc file
Input style lambda=0.30(p): scaleFactor=30, multiplier=1
Contact size value ignored (using GDS generation rules).
Contact size value ignored (using GDS generation rules).
Contact size value ignored (using GDS generation rules).
Contact size value ignored (using GDS generation rules).
Contact size value ignored (using GDS generation rules).
Contact size value ignored (using GDS generation rules).
The following types are not handled by extraction and will be treated as non-electrical types:
n_field_implant p_field_implant nselect pselect glass filln filla fillb xp m1p m2p m3p comment bb
2 Magic internal units = 1 Lambda
Loading "/home/haeun/ETRI-0.5um-CMOS-MPW-Std-Cell-DK/design/MyChip/2025_1st/NCO/2_Splited_IO/top_layout/layout/run_drc_nco.tcl" from command line.
Reading LEF data from file /usr/local/share/qflow/tech/etri050/etri050_stdcells.lef.
This action cannot be undone.
LEF read: Processed 3266 lines.
Cell nco read from current working directory
Processing timestamp mismatches.
Timestamp mismatches found in these cells: MUX2X1, NOR3X1, OAI22X1, INVX4, INVX8, INVX2, NAND3X1, AND2X2, OR2X2, NAND2X1, INVX1, AOI22X1, AOI21X1, OAI21X1, NOR2X1, DFFPOSX1, BUFX2, CLKBUF1, FILL.
Errors in synthesis flow, qflow status = 1
