Qflow migration logfile created on Thu Feb 27 21:01:16 KST 2025
magic -dnull -noconsole  migrate_cordic_element.tcl

Magic 8.3 revision 518 - Compiled on Tue Feb 11 21:58:00 KST 2025.
Starting magic under Tcl interpreter
Using the terminal as the console.
Using NULL graphics device.
Processing system .magicrc file
Input style lambda=0.30(p): scaleFactor=30, multiplier=1
Contact size value ignored (using GDS generation rules).
Contact size value ignored (using GDS generation rules).
Contact size value ignored (using GDS generation rules).
Contact size value ignored (using GDS generation rules).
Contact size value ignored (using GDS generation rules).
Contact size value ignored (using GDS generation rules).
The following types are not handled by extraction and will be treated as non-electrical types:
    n_field_implant p_field_implant nselect pselect glass filln filla fillb xp m1p m2p m3p comment bb 
2 Magic internal units = 1 Lambda
Loading "migrate_cordic_element.tcl" from command line.
Root cell box:
           width x height  (   llx,  lly  ), (   urx,  ury  )

microns:   0.000 x 0.000   ( 0.000,  0.000), ( 0.000,  0.000)
lambda:     0.00 x 0.00    (  0.00,  0.00 ), (  0.00,  0.00 )
internal:      0 x 0       (     0,  0    ), (     0,  0    )
Reading LEF data from file /usr/local/share/qflow/tech/etri050/etri050_stdcells.lef.
This action cannot be undone.
LEF read: Processed 3266 lines.
Reading DEF data from file cordic_element.def.
This action cannot be undone.
DEF read, Line 13 (Error): END statement out of context.
  Processed 3281 subcell instances total.
  Processed 22 pins total.
  Processed 1024 nets total.
  Processed 2 special nets total.
DEF read: Processed 13890 lines.
DEF Read: encountered 1 error total.
Generating LEF output cordic_element.lef for cell cordic_element:
Diagnostic:  Write LEF header for cell cordic_element
Diagnostic:  Writing LEF output for cell cordic_element
Diagnostic:  Scale value is 0.150000
Extracting OAI21X1 into OAI21X1.ext:
Extracting FILL into FILL.ext:
Extracting NOR2X1 into NOR2X1.ext:
Extracting INVX1 into INVX1.ext:
Extracting OR2X2 into OR2X2.ext:
Extracting NAND3X1 into NAND3X1.ext:
Extracting AOI21X1 into AOI21X1.ext:
Extracting NAND2X1 into NAND2X1.ext:
Extracting AND2X2 into AND2X2.ext:
Extracting NOR3X1 into NOR3X1.ext:
Extracting DFFPOSX1 into DFFPOSX1.ext:
Extracting AOI22X1 into AOI22X1.ext:
Extracting BUFX2 into BUFX2.ext:
Extracting INVX2 into INVX2.ext:
Extracting OAI22X1 into OAI22X1.ext:
Extracting CLKBUF1 into CLKBUF1.ext:
Extracting MUX2X1 into MUX2X1.ext:
Extracting INVX4 into INVX4.ext:
Extracting INVX8 into INVX8.ext:
Extracting cordic_element into cordic_element.ext:
exttospice finished.
Migration script ended on Thu Feb 27 21:01:17 KST 2025
